

Microchip Technology PIC18 Macro Assembler V2.00 build -1524193055 
                                                                                                           Thu Nov 01 15:50:50 2018


     1                           	processor	18F4520
     2                           	opt	pw 132
     3                           	psect	mytext,local,reloc=2,class=CODE,delta=1
     4  0000                     stk_offset	set	0
     5  0000                     auto_size	set	0
     6                           
     7                           ; stack_auto defines a symbol /name/_offset which equates to the
     8                           ; stack offset of the auto object in question
     9  0000                     
    10                           ; stack_param defines a symbol /name/_offset which equates to the
    11                           ; stack offset of the parameter object in question
    12  0000                     
    13                           ; alloc_stack adjusts the SP to allocate space for auto objects
    14                           ; it also links in to the btemp symbol so that can be used
    15  0000                     
    16                           ; restore_stack adjusts the SP to remove all auto and parameter
    17                           ; objects from the stack prior to returning from a function
    18  0000                     
    19                           	psect	mytext
    20  007F7A                     _add:
    21                           	opt stack 0
    22  007F7A  C001 FF8C          	movff	1,3980
    23  007F7E  C003 FF8B          	movff	3,3979
    24  007F82  508C               	movf	3980,w,c
    25  007F84  2503               	addwf	3,w,b
    26  007F86  6F01               	movwf	1,b
    27  007F88  0012               	return	


Microchip Technology PIC18 Macro Assembler V2.00 build -1524193055 
Symbol Table                                                                                               Thu Nov 01 15:50:50 2018

                        LATC 000F8B                          LATD 000F8C                          WREG 000FE8  
                        _add 7F7A  
