

Microchip Technology PIC18 Macro Assembler V2.00 build -1524193055 
                                                                                                           Thu Nov 01 15:48:32 2018


     1                           	processor	18F4520
     2                           	opt	pw 132
     3                           	psect	mytext,local,reloc=2,class=CODE,delta=1
     4  0000                     stk_offset	set	0
     5  0000                     auto_size	set	0
     6                           
     7                           ; stack_auto defines a symbol /name/_offset which equates to the
     8                           ; stack offset of the auto object in question
     9  0000                     
    10                           ; stack_param defines a symbol /name/_offset which equates to the
    11                           ; stack offset of the parameter object in question
    12  0000                     
    13                           ; alloc_stack adjusts the SP to allocate space for auto objects
    14                           ; it also links in to the btemp symbol so that can be used
    15  0000                     
    16                           ; restore_stack adjusts the SP to remove all auto and parameter
    17                           ; objects from the stack prior to returning from a function
    18  0000                     
    19                           	psect	mytext
    20  007F8A                     _mul:
    21                           	opt stack 0
    22                           
    23                           ;multiplicand: 0x01
    24                           ;multiplier: 0x03
    25  007F8A  0E08               	movlw	8	;W = 8
    26  007F8C  6E8C               	movwf	3980,c	;LATD = count(do shift for 8 times)
    27  007F8E                     loop:
    28  007F8E  A103               	btfss	3,0,b
    29  007F90  D003               	goto	rotate
    30  007F92  5006               	movf	6,w,c
    31  007F94  2501               	addwf	1,w,b
    32  007F96  6F06               	movwf	6,b
    33  007F98                     rotate:
    34  007F98  90D8               	bcf	status,0,c	; carry = 0
    35  007F9A  3305               	rrcf	5,f,b
    36  007F9C  3306               	rrcf	6,f,b
    37  007F9E  4303               	rrncf	3,f,b
    38  007FA0  2E8C               	decfsz	3980,f,c
    39  007FA2  D7F5               	goto	loop
    40  007FA4  C005 F001          	movff	5,1
    41  007FA8  C006 F002          	movff	6,2
    42  007FAC  0012               	return	
    43                           status	equ	0xFD8


Microchip Technology PIC18 Macro Assembler V2.00 build -1524193055 
Symbol Table                                                                                               Thu Nov 01 15:48:32 2018

                        LATD 000F8C                          WREG 000FE8                          _mul 7F8A  
                        loop 7F8E                        STATUS 000FD8                        rotate 7F98  
