

Microchip Technology PIC18 LITE Macro Assembler V2.00 build -1524193055 
                                                                                               Thu Nov 29 15:55:51 2018

Microchip Technology Omniscient Code Generator v2.00 (Free mode) build 20180527130849
     1  0000                     
     2                           ; Version 2.00
     3                           ; Generated 27/05/2018 GMT
     4                           
     5                           ; 
     6                           ; Copyright © 2018, Microchip Technology Inc. and its subsidiaries ("Microchip")
     7                           ; All rights reserved.
     8                           ; 
     9                           ; This software is developed by Microchip Technology Inc. and its subsidiaries ("Microch
                                 ip").
    10                           ; 
    11                           ; Redistribution and use in source and binary forms, with or without modification, are
    12                           ; permitted provided that the following conditions are met:
    13                           ; 
    14                           ;     1. Redistributions of source code must retain the above copyright notice, this lis
                                 t of
    15                           ;        conditions and the following disclaimer.
    16                           ; 
    17                           ;     2. Redistributions in binary form must reproduce the above copyright notice, this 
                                 list
    18                           ;        of conditions and the following disclaimer in the documentation and/or other
    19                           ;        materials provided with the distribution.
    20                           ; 
    21                           ;     3. Microchip's name may not be used to endorse or promote products derived from th
                                 is
    22                           ;        software without specific prior written permission.
    23                           ; 
    24                           ; THIS SOFTWARE IS PROVIDED BY MICROCHIP "AS IS" AND ANY EXPRESS OR IMPLIED WARRANTIES,

    25                           ; INCLUDING, BUT NOT LIMITED TO, THE IMPLIED WARRANTIES OF MERCHANTABILITY AND FITNESS F
                                 OR
    26                           ; PURPOSE ARE DISCLAIMED.  IN NO EVENT SHALL MICROCHIP BE LIABLE FOR ANY DIRECT, INDIREC
                                 T,
    27                           ; INCIDENTAL, SPECIAL, EXEMPLARY, OR CONSEQUENTIAL DAMAGES (INCLUDING BUT NOT LIMITED TO
                                 
    28                           ; PROCUREMENT OF SUBSTITUTE GOODS OR SERVICES; LOSS OF USE, DATA OR PROFITS; OR BUSINESS
                                 
    29                           ; INTERRUPTION) HOWSOEVER CAUSED AND ON ANY THEORY OF LIABILITY, WHETHER IN CONTRACT, ST
                                 RICT
    30                           ; LIABILITY, OR TORT (INCLUDING NEGLIGENCE OR OTHERWISE) ARISING IN ANY WAY OUT OF THE U
                                 SE OF
    31                           ; THIS SOFTWARE, EVEN IF ADVISED OF THE POSSIBILITY OF SUCH DAMAGE.
    32                           ; 
    33                           
    34                           
    35                           ; 
    36                           ; Code-generator required, PIC18F4520 Definitions
    37                           ; 
    38  0000                     fsr0 equ 0FE9h
    39  0000                     fsr0h equ 0FEAh
    40  0000                     fsr0l equ 0FE9h
    41  0000                     fsr1 equ 0FE1h
    42  0000                     fsr1h equ 0FE2h
    43  0000                     fsr1l equ 0FE1h
    44  0000                     fsr2 equ 0FD9h
    45  0000                     fsr2h equ 0FDAh
    46  0000                     fsr2l equ 0FD9h
    47  0000                     indf0 equ 0FEFh
    48  0000                     indf1 equ 0FE7h
    49  0000                     indf2 equ 0FDFh
    50  0000                     intcon equ 0FF2h
    51  0000                     nvmcon equ 00h
    52  0000                     pcl equ 0FF9h
    53  0000                     pclath equ 0FFAh
    54  0000                     pclatu equ 0FFBh
    55  0000                     plusw0 equ 0FEBh
    56  0000                     plusw1 equ 0FE3h
    57  0000                     plusw2 equ 0FDBh
    58  0000                     postdec0 equ 0FEDh
    59  0000                     postdec1 equ 0FE5h
    60  0000                     postdec2 equ 0FDDh
    61  0000                     postinc0 equ 0FEEh
    62  0000                     postinc1 equ 0FE6h
    63  0000                     postinc2 equ 0FDEh
    64  0000                     preinc0 equ 0FECh
    65  0000                     preinc1 equ 0FE4h
    66  0000                     preinc2 equ 0FDCh
    67  0000                     prod equ 0FF3h
    68  0000                     prodh equ 0FF4h
    69  0000                     prodl equ 0FF3h
    70  0000                     status equ 0FD8h
    71  0000                     tablat equ 0FF5h
    72  0000                     tblptr equ 0FF6h
    73  0000                     tblptrh equ 0FF7h
    74  0000                     tblptrl equ 0FF6h
    75  0000                     tblptru equ 0FF8h
    76  0000                     tosl equ 0FFDh
    77  0000                     wreg equ 0FE8h
    78  0000                     
     2                           opt pagewidth 120
     3  0000                     byte0	macro	val
     4                           	(getbyte(val,0))
     5                           endm
     6  0000                     byte1	macro	val
     7                           	(getbyte(val,1))
     8                           endm
     9  0000                     byte2	macro	val
    10                           	(getbyte(val,2))
    11                           endm
    12  0000                     byte3	macro	val
    13                           	(getbyte(val,3))
    14                           endm
    15  0000                     byte4	macro	val
    16                           	(getbyte(val,4))
    17                           endm
    18  0000                     byte5	macro	val
    19                           	(getbyte(val,5))
    20                           endm
    21  0000                     byte6	macro	val
    22                           	(getbyte(val,6))
    23                           endm
    24  0000                     byte7	macro	val
    25                           	(getbyte(val,7))
    26                           endm
    27  0000                     getword	macro	val,pos
    28                           	(((val) >> (8 * pos)) and 0xffff)
    29                           endm
    30  0000                     word0	macro	val
    31                           	(getword(val,0))
    32                           endm
    33  0000                     word1	macro	val
    34                           	(getword(val,2))
    35                           endm
    36  0000                     word2	macro	val
    37                           	(getword(val,4))
    38                           endm
    39  0000                     word3	macro	val
    40                           	(getword(val,6))
    41                           endm
    42  0000                     gettword	macro	val,pos
    43                           	(((val) >> (8 * pos)) and 0xffffff)
    44                           endm
    45  0000                     tword0	macro	val
    46                           	(gettword(val,0))
    47                           endm
    48  0000                     tword1	macro	val
    49                           	(gettword(val,3))
    50                           endm
    51  0000                     tword2	macro	val
    52                           	(gettword(val,6))
    53                           endm
    54  0000                     getdword	macro	val,pos
    55                           	(((val) >> (8 * pos)) and 0xffffffff)
    56                           endm
    57  0000                     dword0	macro	val
    58                           	(getdword(val,0))
    59                           endm
    60  0000                     dword1	macro	val
    61                           	(getdword(val,4))
    62                           endm
    63  0000                     clrc   macro
    64                           	bcf	status,0
    65                           endm
    66  0000                     setc   macro
    67                           	bsf	status,0
    68                           endm
    69  0000                     clrz   macro
    70                           	bcf	status,2
    71                           endm
    72  0000                     setz   macro
    73                           	bsf	status,2
    74                           endm
    75  0000                     skipnz macro
    76                           	btfsc	status,2
    77                           endm
    78  0000                     skipz  macro
    79                           	btfss	status,2
    80                           endm
    81  0000                     skipnc macro
    82                           	btfsc	status,0
    83                           endm
    84  0000                     skipc  macro
    85                           	btfss	status,0
    86                           endm
    87  0000                     pushw macro
    88                           	movwf postinc1
    89                           endm
    90  0000                     pushf macro arg1
    91                           	movff arg1, postinc1
    92                           endm
    93  0000                     popw macro
    94                           	movf postdec1,f
    95                           	movf indf1,w
    96                           endm
    97  0000                     popf macro arg1
    98                           	movf postdec1,f
    99                           	movff indf1,arg1
   100                           endm
   101  0000                     popfc macro arg1
   102                           	movff plusw1,arg1
   103                           	decfsz fsr1,f
   104                           endm
   105  0000                     	global	__ramtop
   106                           	global	__accesstop
   107                           # 54 "C:\Program Files (x86)\Microchip\xc8\v2.00\pic\include\pic18f4520.h"
   108                           PORTA equ 0F80h ;# 
   109  0000                     # 273 "C:\Program Files (x86)\Microchip\xc8\v2.00\pic\include\pic18f4520.h"
   110                           PORTB equ 0F81h ;# 
   111  0000                     # 452 "C:\Program Files (x86)\Microchip\xc8\v2.00\pic\include\pic18f4520.h"
   112                           PORTC equ 0F82h ;# 
   113  0000                     # 634 "C:\Program Files (x86)\Microchip\xc8\v2.00\pic\include\pic18f4520.h"
   114                           PORTD equ 0F83h ;# 
   115  0000                     # 776 "C:\Program Files (x86)\Microchip\xc8\v2.00\pic\include\pic18f4520.h"
   116                           PORTE equ 0F84h ;# 
   117  0000                     # 979 "C:\Program Files (x86)\Microchip\xc8\v2.00\pic\include\pic18f4520.h"
   118                           LATA equ 0F89h ;# 
   119  0000                     # 1091 "C:\Program Files (x86)\Microchip\xc8\v2.00\pic\include\pic18f4520.h"
   120                           LATB equ 0F8Ah ;# 
   121  0000                     # 1203 "C:\Program Files (x86)\Microchip\xc8\v2.00\pic\include\pic18f4520.h"
   122                           LATC equ 0F8Bh ;# 
   123  0000                     # 1315 "C:\Program Files (x86)\Microchip\xc8\v2.00\pic\include\pic18f4520.h"
   124                           LATD equ 0F8Ch ;# 
   125  0000                     # 1427 "C:\Program Files (x86)\Microchip\xc8\v2.00\pic\include\pic18f4520.h"
   126                           LATE equ 0F8Dh ;# 
   127  0000                     # 1479 "C:\Program Files (x86)\Microchip\xc8\v2.00\pic\include\pic18f4520.h"
   128                           TRISA equ 0F92h ;# 
   129  0000                     # 1484 "C:\Program Files (x86)\Microchip\xc8\v2.00\pic\include\pic18f4520.h"
   130                           DDRA equ 0F92h ;# 
   131  0000                     # 1701 "C:\Program Files (x86)\Microchip\xc8\v2.00\pic\include\pic18f4520.h"
   132                           TRISB equ 0F93h ;# 
   133  0000                     # 1706 "C:\Program Files (x86)\Microchip\xc8\v2.00\pic\include\pic18f4520.h"
   134                           DDRB equ 0F93h ;# 
   135  0000                     # 1923 "C:\Program Files (x86)\Microchip\xc8\v2.00\pic\include\pic18f4520.h"
   136                           TRISC equ 0F94h ;# 
   137  0000                     # 1928 "C:\Program Files (x86)\Microchip\xc8\v2.00\pic\include\pic18f4520.h"
   138                           DDRC equ 0F94h ;# 
   139  0000                     # 2145 "C:\Program Files (x86)\Microchip\xc8\v2.00\pic\include\pic18f4520.h"
   140                           TRISD equ 0F95h ;# 
   141  0000                     # 2150 "C:\Program Files (x86)\Microchip\xc8\v2.00\pic\include\pic18f4520.h"
   142                           DDRD equ 0F95h ;# 
   143  0000                     # 2367 "C:\Program Files (x86)\Microchip\xc8\v2.00\pic\include\pic18f4520.h"
   144                           TRISE equ 0F96h ;# 
   145  0000                     # 2372 "C:\Program Files (x86)\Microchip\xc8\v2.00\pic\include\pic18f4520.h"
   146                           DDRE equ 0F96h ;# 
   147  0000                     # 2531 "C:\Program Files (x86)\Microchip\xc8\v2.00\pic\include\pic18f4520.h"
   148                           OSCTUNE equ 0F9Bh ;# 
   149  0000                     # 2596 "C:\Program Files (x86)\Microchip\xc8\v2.00\pic\include\pic18f4520.h"
   150                           PIE1 equ 0F9Dh ;# 
   151  0000                     # 2673 "C:\Program Files (x86)\Microchip\xc8\v2.00\pic\include\pic18f4520.h"
   152                           PIR1 equ 0F9Eh ;# 
   153  0000                     # 2750 "C:\Program Files (x86)\Microchip\xc8\v2.00\pic\include\pic18f4520.h"
   154                           IPR1 equ 0F9Fh ;# 
   155  0000                     # 2827 "C:\Program Files (x86)\Microchip\xc8\v2.00\pic\include\pic18f4520.h"
   156                           PIE2 equ 0FA0h ;# 
   157  0000                     # 2893 "C:\Program Files (x86)\Microchip\xc8\v2.00\pic\include\pic18f4520.h"
   158                           PIR2 equ 0FA1h ;# 
   159  0000                     # 2959 "C:\Program Files (x86)\Microchip\xc8\v2.00\pic\include\pic18f4520.h"
   160                           IPR2 equ 0FA2h ;# 
   161  0000                     # 3025 "C:\Program Files (x86)\Microchip\xc8\v2.00\pic\include\pic18f4520.h"
   162                           EECON1 equ 0FA6h ;# 
   163  0000                     # 3091 "C:\Program Files (x86)\Microchip\xc8\v2.00\pic\include\pic18f4520.h"
   164                           EECON2 equ 0FA7h ;# 
   165  0000                     # 3098 "C:\Program Files (x86)\Microchip\xc8\v2.00\pic\include\pic18f4520.h"
   166                           EEDATA equ 0FA8h ;# 
   167  0000                     # 3105 "C:\Program Files (x86)\Microchip\xc8\v2.00\pic\include\pic18f4520.h"
   168                           EEADR equ 0FA9h ;# 
   169  0000                     # 3112 "C:\Program Files (x86)\Microchip\xc8\v2.00\pic\include\pic18f4520.h"
   170                           RCSTA equ 0FABh ;# 
   171  0000                     # 3117 "C:\Program Files (x86)\Microchip\xc8\v2.00\pic\include\pic18f4520.h"
   172                           RCSTA1 equ 0FABh ;# 
   173  0000                     # 3322 "C:\Program Files (x86)\Microchip\xc8\v2.00\pic\include\pic18f4520.h"
   174                           TXSTA equ 0FACh ;# 
   175  0000                     # 3327 "C:\Program Files (x86)\Microchip\xc8\v2.00\pic\include\pic18f4520.h"
   176                           TXSTA1 equ 0FACh ;# 
   177  0000                     # 3578 "C:\Program Files (x86)\Microchip\xc8\v2.00\pic\include\pic18f4520.h"
   178                           TXREG equ 0FADh ;# 
   179  0000                     # 3583 "C:\Program Files (x86)\Microchip\xc8\v2.00\pic\include\pic18f4520.h"
   180                           TXREG1 equ 0FADh ;# 
   181  0000                     # 3590 "C:\Program Files (x86)\Microchip\xc8\v2.00\pic\include\pic18f4520.h"
   182                           RCREG equ 0FAEh ;# 
   183  0000                     # 3595 "C:\Program Files (x86)\Microchip\xc8\v2.00\pic\include\pic18f4520.h"
   184                           RCREG1 equ 0FAEh ;# 
   185  0000                     # 3602 "C:\Program Files (x86)\Microchip\xc8\v2.00\pic\include\pic18f4520.h"
   186                           SPBRG equ 0FAFh ;# 
   187  0000                     # 3607 "C:\Program Files (x86)\Microchip\xc8\v2.00\pic\include\pic18f4520.h"
   188                           SPBRG1 equ 0FAFh ;# 
   189  0000                     # 3614 "C:\Program Files (x86)\Microchip\xc8\v2.00\pic\include\pic18f4520.h"
   190                           SPBRGH equ 0FB0h ;# 
   191  0000                     # 3621 "C:\Program Files (x86)\Microchip\xc8\v2.00\pic\include\pic18f4520.h"
   192                           T3CON equ 0FB1h ;# 
   193  0000                     # 3733 "C:\Program Files (x86)\Microchip\xc8\v2.00\pic\include\pic18f4520.h"
   194                           TMR3 equ 0FB2h ;# 
   195  0000                     # 3740 "C:\Program Files (x86)\Microchip\xc8\v2.00\pic\include\pic18f4520.h"
   196                           TMR3L equ 0FB2h ;# 
   197  0000                     # 3747 "C:\Program Files (x86)\Microchip\xc8\v2.00\pic\include\pic18f4520.h"
   198                           TMR3H equ 0FB3h ;# 
   199  0000                     # 3754 "C:\Program Files (x86)\Microchip\xc8\v2.00\pic\include\pic18f4520.h"
   200                           CMCON equ 0FB4h ;# 
   201  0000                     # 3844 "C:\Program Files (x86)\Microchip\xc8\v2.00\pic\include\pic18f4520.h"
   202                           CVRCON equ 0FB5h ;# 
   203  0000                     # 3923 "C:\Program Files (x86)\Microchip\xc8\v2.00\pic\include\pic18f4520.h"
   204                           ECCP1AS equ 0FB6h ;# 
   205  0000                     # 3928 "C:\Program Files (x86)\Microchip\xc8\v2.00\pic\include\pic18f4520.h"
   206                           ECCPAS equ 0FB6h ;# 
   207  0000                     # 4085 "C:\Program Files (x86)\Microchip\xc8\v2.00\pic\include\pic18f4520.h"
   208                           PWM1CON equ 0FB7h ;# 
   209  0000                     # 4090 "C:\Program Files (x86)\Microchip\xc8\v2.00\pic\include\pic18f4520.h"
   210                           ECCP1DEL equ 0FB7h ;# 
   211  0000                     # 4223 "C:\Program Files (x86)\Microchip\xc8\v2.00\pic\include\pic18f4520.h"
   212                           BAUDCON equ 0FB8h ;# 
   213  0000                     # 4228 "C:\Program Files (x86)\Microchip\xc8\v2.00\pic\include\pic18f4520.h"
   214                           BAUDCTL equ 0FB8h ;# 
   215  0000                     # 4403 "C:\Program Files (x86)\Microchip\xc8\v2.00\pic\include\pic18f4520.h"
   216                           CCP2CON equ 0FBAh ;# 
   217  0000                     # 4482 "C:\Program Files (x86)\Microchip\xc8\v2.00\pic\include\pic18f4520.h"
   218                           CCPR2 equ 0FBBh ;# 
   219  0000                     # 4489 "C:\Program Files (x86)\Microchip\xc8\v2.00\pic\include\pic18f4520.h"
   220                           CCPR2L equ 0FBBh ;# 
   221  0000                     # 4496 "C:\Program Files (x86)\Microchip\xc8\v2.00\pic\include\pic18f4520.h"
   222                           CCPR2H equ 0FBCh ;# 
   223  0000                     # 4503 "C:\Program Files (x86)\Microchip\xc8\v2.00\pic\include\pic18f4520.h"
   224                           CCP1CON equ 0FBDh ;# 
   225  0000                     # 4600 "C:\Program Files (x86)\Microchip\xc8\v2.00\pic\include\pic18f4520.h"
   226                           CCPR1 equ 0FBEh ;# 
   227  0000                     # 4607 "C:\Program Files (x86)\Microchip\xc8\v2.00\pic\include\pic18f4520.h"
   228                           CCPR1L equ 0FBEh ;# 
   229  0000                     # 4614 "C:\Program Files (x86)\Microchip\xc8\v2.00\pic\include\pic18f4520.h"
   230                           CCPR1H equ 0FBFh ;# 
   231  0000                     # 4621 "C:\Program Files (x86)\Microchip\xc8\v2.00\pic\include\pic18f4520.h"
   232                           ADCON2 equ 0FC0h ;# 
   233  0000                     # 4692 "C:\Program Files (x86)\Microchip\xc8\v2.00\pic\include\pic18f4520.h"
   234                           ADCON1 equ 0FC1h ;# 
   235  0000                     # 4777 "C:\Program Files (x86)\Microchip\xc8\v2.00\pic\include\pic18f4520.h"
   236                           ADCON0 equ 0FC2h ;# 
   237  0000                     # 4896 "C:\Program Files (x86)\Microchip\xc8\v2.00\pic\include\pic18f4520.h"
   238                           ADRES equ 0FC3h ;# 
   239  0000                     # 4903 "C:\Program Files (x86)\Microchip\xc8\v2.00\pic\include\pic18f4520.h"
   240                           ADRESL equ 0FC3h ;# 
   241  0000                     # 4910 "C:\Program Files (x86)\Microchip\xc8\v2.00\pic\include\pic18f4520.h"
   242                           ADRESH equ 0FC4h ;# 
   243  0000                     # 4917 "C:\Program Files (x86)\Microchip\xc8\v2.00\pic\include\pic18f4520.h"
   244                           SSPCON2 equ 0FC5h ;# 
   245  0000                     # 5012 "C:\Program Files (x86)\Microchip\xc8\v2.00\pic\include\pic18f4520.h"
   246                           SSPCON1 equ 0FC6h ;# 
   247  0000                     # 5082 "C:\Program Files (x86)\Microchip\xc8\v2.00\pic\include\pic18f4520.h"
   248                           SSPSTAT equ 0FC7h ;# 
   249  0000                     # 5303 "C:\Program Files (x86)\Microchip\xc8\v2.00\pic\include\pic18f4520.h"
   250                           SSPADD equ 0FC8h ;# 
   251  0000                     # 5310 "C:\Program Files (x86)\Microchip\xc8\v2.00\pic\include\pic18f4520.h"
   252                           SSPBUF equ 0FC9h ;# 
   253  0000                     # 5317 "C:\Program Files (x86)\Microchip\xc8\v2.00\pic\include\pic18f4520.h"
   254                           T2CON equ 0FCAh ;# 
   255  0000                     # 5415 "C:\Program Files (x86)\Microchip\xc8\v2.00\pic\include\pic18f4520.h"
   256                           PR2 equ 0FCBh ;# 
   257  0000                     # 5420 "C:\Program Files (x86)\Microchip\xc8\v2.00\pic\include\pic18f4520.h"
   258                           MEMCON equ 0FCBh ;# 
   259  0000                     # 5525 "C:\Program Files (x86)\Microchip\xc8\v2.00\pic\include\pic18f4520.h"
   260                           TMR2 equ 0FCCh ;# 
   261  0000                     # 5532 "C:\Program Files (x86)\Microchip\xc8\v2.00\pic\include\pic18f4520.h"
   262                           T1CON equ 0FCDh ;# 
   263  0000                     # 5635 "C:\Program Files (x86)\Microchip\xc8\v2.00\pic\include\pic18f4520.h"
   264                           TMR1 equ 0FCEh ;# 
   265  0000                     # 5642 "C:\Program Files (x86)\Microchip\xc8\v2.00\pic\include\pic18f4520.h"
   266                           TMR1L equ 0FCEh ;# 
   267  0000                     # 5649 "C:\Program Files (x86)\Microchip\xc8\v2.00\pic\include\pic18f4520.h"
   268                           TMR1H equ 0FCFh ;# 
   269  0000                     # 5656 "C:\Program Files (x86)\Microchip\xc8\v2.00\pic\include\pic18f4520.h"
   270                           RCON equ 0FD0h ;# 
   271  0000                     # 5789 "C:\Program Files (x86)\Microchip\xc8\v2.00\pic\include\pic18f4520.h"
   272                           WDTCON equ 0FD1h ;# 
   273  0000                     # 5817 "C:\Program Files (x86)\Microchip\xc8\v2.00\pic\include\pic18f4520.h"
   274                           HLVDCON equ 0FD2h ;# 
   275  0000                     # 5822 "C:\Program Files (x86)\Microchip\xc8\v2.00\pic\include\pic18f4520.h"
   276                           LVDCON equ 0FD2h ;# 
   277  0000                     # 6087 "C:\Program Files (x86)\Microchip\xc8\v2.00\pic\include\pic18f4520.h"
   278                           OSCCON equ 0FD3h ;# 
   279  0000                     # 6170 "C:\Program Files (x86)\Microchip\xc8\v2.00\pic\include\pic18f4520.h"
   280                           T0CON equ 0FD5h ;# 
   281  0000                     # 6253 "C:\Program Files (x86)\Microchip\xc8\v2.00\pic\include\pic18f4520.h"
   282                           TMR0 equ 0FD6h ;# 
   283  0000                     # 6260 "C:\Program Files (x86)\Microchip\xc8\v2.00\pic\include\pic18f4520.h"
   284                           TMR0L equ 0FD6h ;# 
   285  0000                     # 6267 "C:\Program Files (x86)\Microchip\xc8\v2.00\pic\include\pic18f4520.h"
   286                           TMR0H equ 0FD7h ;# 
   287  0000                     # 6274 "C:\Program Files (x86)\Microchip\xc8\v2.00\pic\include\pic18f4520.h"
   288                           STATUS equ 0FD8h ;# 
   289  0000                     # 6345 "C:\Program Files (x86)\Microchip\xc8\v2.00\pic\include\pic18f4520.h"
   290                           FSR2 equ 0FD9h ;# 
   291  0000                     # 6352 "C:\Program Files (x86)\Microchip\xc8\v2.00\pic\include\pic18f4520.h"
   292                           FSR2L equ 0FD9h ;# 
   293  0000                     # 6359 "C:\Program Files (x86)\Microchip\xc8\v2.00\pic\include\pic18f4520.h"
   294                           FSR2H equ 0FDAh ;# 
   295  0000                     # 6366 "C:\Program Files (x86)\Microchip\xc8\v2.00\pic\include\pic18f4520.h"
   296                           PLUSW2 equ 0FDBh ;# 
   297  0000                     # 6373 "C:\Program Files (x86)\Microchip\xc8\v2.00\pic\include\pic18f4520.h"
   298                           PREINC2 equ 0FDCh ;# 
   299  0000                     # 6380 "C:\Program Files (x86)\Microchip\xc8\v2.00\pic\include\pic18f4520.h"
   300                           POSTDEC2 equ 0FDDh ;# 
   301  0000                     # 6387 "C:\Program Files (x86)\Microchip\xc8\v2.00\pic\include\pic18f4520.h"
   302                           POSTINC2 equ 0FDEh ;# 
   303  0000                     # 6394 "C:\Program Files (x86)\Microchip\xc8\v2.00\pic\include\pic18f4520.h"
   304                           INDF2 equ 0FDFh ;# 
   305  0000                     # 6401 "C:\Program Files (x86)\Microchip\xc8\v2.00\pic\include\pic18f4520.h"
   306                           BSR equ 0FE0h ;# 
   307  0000                     # 6408 "C:\Program Files (x86)\Microchip\xc8\v2.00\pic\include\pic18f4520.h"
   308                           FSR1 equ 0FE1h ;# 
   309  0000                     # 6415 "C:\Program Files (x86)\Microchip\xc8\v2.00\pic\include\pic18f4520.h"
   310                           FSR1L equ 0FE1h ;# 
   311  0000                     # 6422 "C:\Program Files (x86)\Microchip\xc8\v2.00\pic\include\pic18f4520.h"
   312                           FSR1H equ 0FE2h ;# 
   313  0000                     # 6429 "C:\Program Files (x86)\Microchip\xc8\v2.00\pic\include\pic18f4520.h"
   314                           PLUSW1 equ 0FE3h ;# 
   315  0000                     # 6436 "C:\Program Files (x86)\Microchip\xc8\v2.00\pic\include\pic18f4520.h"
   316                           PREINC1 equ 0FE4h ;# 
   317  0000                     # 6443 "C:\Program Files (x86)\Microchip\xc8\v2.00\pic\include\pic18f4520.h"
   318                           POSTDEC1 equ 0FE5h ;# 
   319  0000                     # 6450 "C:\Program Files (x86)\Microchip\xc8\v2.00\pic\include\pic18f4520.h"
   320                           POSTINC1 equ 0FE6h ;# 
   321  0000                     # 6457 "C:\Program Files (x86)\Microchip\xc8\v2.00\pic\include\pic18f4520.h"
   322                           INDF1 equ 0FE7h ;# 
   323  0000                     # 6464 "C:\Program Files (x86)\Microchip\xc8\v2.00\pic\include\pic18f4520.h"
   324                           WREG equ 0FE8h ;# 
   325  0000                     # 6476 "C:\Program Files (x86)\Microchip\xc8\v2.00\pic\include\pic18f4520.h"
   326                           FSR0 equ 0FE9h ;# 
   327  0000                     # 6483 "C:\Program Files (x86)\Microchip\xc8\v2.00\pic\include\pic18f4520.h"
   328                           FSR0L equ 0FE9h ;# 
   329  0000                     # 6490 "C:\Program Files (x86)\Microchip\xc8\v2.00\pic\include\pic18f4520.h"
   330                           FSR0H equ 0FEAh ;# 
   331  0000                     # 6497 "C:\Program Files (x86)\Microchip\xc8\v2.00\pic\include\pic18f4520.h"
   332                           PLUSW0 equ 0FEBh ;# 
   333  0000                     # 6504 "C:\Program Files (x86)\Microchip\xc8\v2.00\pic\include\pic18f4520.h"
   334                           PREINC0 equ 0FECh ;# 
   335  0000                     # 6511 "C:\Program Files (x86)\Microchip\xc8\v2.00\pic\include\pic18f4520.h"
   336                           POSTDEC0 equ 0FEDh ;# 
   337  0000                     # 6518 "C:\Program Files (x86)\Microchip\xc8\v2.00\pic\include\pic18f4520.h"
   338                           POSTINC0 equ 0FEEh ;# 
   339  0000                     # 6525 "C:\Program Files (x86)\Microchip\xc8\v2.00\pic\include\pic18f4520.h"
   340                           INDF0 equ 0FEFh ;# 
   341  0000                     # 6532 "C:\Program Files (x86)\Microchip\xc8\v2.00\pic\include\pic18f4520.h"
   342                           INTCON3 equ 0FF0h ;# 
   343  0000                     # 6624 "C:\Program Files (x86)\Microchip\xc8\v2.00\pic\include\pic18f4520.h"
   344                           INTCON2 equ 0FF1h ;# 
   345  0000                     # 6694 "C:\Program Files (x86)\Microchip\xc8\v2.00\pic\include\pic18f4520.h"
   346                           INTCON equ 0FF2h ;# 
   347  0000                     # 6811 "C:\Program Files (x86)\Microchip\xc8\v2.00\pic\include\pic18f4520.h"
   348                           PROD equ 0FF3h ;# 
   349  0000                     # 6818 "C:\Program Files (x86)\Microchip\xc8\v2.00\pic\include\pic18f4520.h"
   350                           PRODL equ 0FF3h ;# 
   351  0000                     # 6825 "C:\Program Files (x86)\Microchip\xc8\v2.00\pic\include\pic18f4520.h"
   352                           PRODH equ 0FF4h ;# 
   353  0000                     # 6832 "C:\Program Files (x86)\Microchip\xc8\v2.00\pic\include\pic18f4520.h"
   354                           TABLAT equ 0FF5h ;# 
   355  0000                     # 6841 "C:\Program Files (x86)\Microchip\xc8\v2.00\pic\include\pic18f4520.h"
   356                           TBLPTR equ 0FF6h ;# 
   357  0000                     # 6848 "C:\Program Files (x86)\Microchip\xc8\v2.00\pic\include\pic18f4520.h"
   358                           TBLPTRL equ 0FF6h ;# 
   359  0000                     # 6855 "C:\Program Files (x86)\Microchip\xc8\v2.00\pic\include\pic18f4520.h"
   360                           TBLPTRH equ 0FF7h ;# 
   361  0000                     # 6862 "C:\Program Files (x86)\Microchip\xc8\v2.00\pic\include\pic18f4520.h"
   362                           TBLPTRU equ 0FF8h ;# 
   363  0000                     # 6871 "C:\Program Files (x86)\Microchip\xc8\v2.00\pic\include\pic18f4520.h"
   364                           PCLAT equ 0FF9h ;# 
   365  0000                     # 6878 "C:\Program Files (x86)\Microchip\xc8\v2.00\pic\include\pic18f4520.h"
   366                           PC equ 0FF9h ;# 
   367  0000                     # 6885 "C:\Program Files (x86)\Microchip\xc8\v2.00\pic\include\pic18f4520.h"
   368                           PCL equ 0FF9h ;# 
   369  0000                     # 6892 "C:\Program Files (x86)\Microchip\xc8\v2.00\pic\include\pic18f4520.h"
   370                           PCLATH equ 0FFAh ;# 
   371  0000                     # 6899 "C:\Program Files (x86)\Microchip\xc8\v2.00\pic\include\pic18f4520.h"
   372                           PCLATU equ 0FFBh ;# 
   373  0000                     # 6906 "C:\Program Files (x86)\Microchip\xc8\v2.00\pic\include\pic18f4520.h"
   374                           STKPTR equ 0FFCh ;# 
   375  0000                     # 6980 "C:\Program Files (x86)\Microchip\xc8\v2.00\pic\include\pic18f4520.h"
   376                           TOS equ 0FFDh ;# 
   377  0000                     # 6987 "C:\Program Files (x86)\Microchip\xc8\v2.00\pic\include\pic18f4520.h"
   378                           TOSL equ 0FFDh ;# 
   379  0000                     # 6994 "C:\Program Files (x86)\Microchip\xc8\v2.00\pic\include\pic18f4520.h"
   380                           TOSH equ 0FFEh ;# 
   381  0000                     # 7001 "C:\Program Files (x86)\Microchip\xc8\v2.00\pic\include\pic18f4520.h"
   382                           TOSU equ 0FFFh ;# 
   383  0000                     	FNROOT	_main
   384                           	FNCALL	intlevel2,_my_isr_routine
   385                           	global	intlevel2
   386                           	FNROOT	intlevel2
   387                           	global	_count2
   388                           	global	_count1
   389                           	global	_PR2
   390                           _PR2	set	0xFCB
   391  0000                     	global	_INTCONbits
   392                           _INTCONbits	set	0xFF2
   393  0000                     	global	_RCONbits
   394                           _RCONbits	set	0xFD0
   395  0000                     	global	_PIR1bits
   396                           _PIR1bits	set	0xF9E
   397  0000                     	global	_IPR1bits
   398                           _IPR1bits	set	0xF9F
   399  0000                     	global	_PIE1bits
   400                           _PIE1bits	set	0xF9D
   401  0000                     	global	_TMR2
   402                           _TMR2	set	0xFCC
   403  0000                     	global	_T2CON
   404                           _T2CON	set	0xFCA
   405  0000                     	global	_OSCCONbits
   406                           _OSCCONbits	set	0xFD3
   407  0000                     	global	_LATDbits
   408                           _LATDbits	set	0xF8C
   409  0000                     	global	_TRISDbits
   410                           _TRISDbits	set	0xF95
   411  0000                     	global	_TMR2IF
   412                           _TMR2IF	set	0x7CF1
   413  0000                     	global	_TMR2IE
   414                           _TMR2IE	set	0x7CE9
   415  0000                     ; #config settings
   416                           global __CFG_OSC$INTIO67
   417                           __CFG_OSC$INTIO67 equ 0x0
   418  0000                     global __CFG_FCMEN$OFF
   419                           __CFG_FCMEN$OFF equ 0x0
   420  0000                     global __CFG_IESO$OFF
   421                           __CFG_IESO$OFF equ 0x0
   422  0000                     global __CFG_PWRT$OFF
   423                           __CFG_PWRT$OFF equ 0x0
   424  0000                     global __CFG_BOREN$SBORDIS
   425                           __CFG_BOREN$SBORDIS equ 0x0
   426  0000                     global __CFG_BORV$3
   427                           __CFG_BORV$3 equ 0x0
   428  0000                     global __CFG_WDT$OFF
   429                           __CFG_WDT$OFF equ 0x0
   430  0000                     global __CFG_WDTPS$32768
   431                           __CFG_WDTPS$32768 equ 0x0
   432  0000                     global __CFG_CCP2MX$PORTC
   433                           __CFG_CCP2MX$PORTC equ 0x0
   434  0000                     global __CFG_PBADEN$OFF
   435                           __CFG_PBADEN$OFF equ 0x0
   436  0000                     global __CFG_LPT1OSC$OFF
   437                           __CFG_LPT1OSC$OFF equ 0x0
   438  0000                     global __CFG_MCLRE$ON
   439                           __CFG_MCLRE$ON equ 0x0
   440  0000                     global __CFG_STVREN$ON
   441                           __CFG_STVREN$ON equ 0x0
   442  0000                     global __CFG_LVP$OFF
   443                           __CFG_LVP$OFF equ 0x0
   444  0000                     global __CFG_XINST$OFF
   445                           __CFG_XINST$OFF equ 0x0
   446  0000                     global __CFG_CP0$OFF
   447                           __CFG_CP0$OFF equ 0x0
   448  0000                     global __CFG_CP1$OFF
   449                           __CFG_CP1$OFF equ 0x0
   450  0000                     global __CFG_CP2$OFF
   451                           __CFG_CP2$OFF equ 0x0
   452  0000                     global __CFG_CP3$OFF
   453                           __CFG_CP3$OFF equ 0x0
   454  0000                     global __CFG_CPB$OFF
   455                           __CFG_CPB$OFF equ 0x0
   456  0000                     global __CFG_CPD$OFF
   457                           __CFG_CPD$OFF equ 0x0
   458  0000                     global __CFG_WRT0$OFF
   459                           __CFG_WRT0$OFF equ 0x0
   460  0000                     global __CFG_WRT1$OFF
   461                           __CFG_WRT1$OFF equ 0x0
   462  0000                     global __CFG_WRT2$OFF
   463                           __CFG_WRT2$OFF equ 0x0
   464  0000                     global __CFG_WRT3$OFF
   465                           __CFG_WRT3$OFF equ 0x0
   466  0000                     global __CFG_WRTC$OFF
   467                           __CFG_WRTC$OFF equ 0x0
   468  0000                     global __CFG_WRTB$OFF
   469                           __CFG_WRTB$OFF equ 0x0
   470  0000                     global __CFG_WRTD$OFF
   471                           __CFG_WRTD$OFF equ 0x0
   472  0000                     global __CFG_EBTR0$OFF
   473                           __CFG_EBTR0$OFF equ 0x0
   474  0000                     global __CFG_EBTR1$OFF
   475                           __CFG_EBTR1$OFF equ 0x0
   476  0000                     global __CFG_EBTR2$OFF
   477                           __CFG_EBTR2$OFF equ 0x0
   478  0000                     global __CFG_EBTR3$OFF
   479                           __CFG_EBTR3$OFF equ 0x0
   480  0000                     global __CFG_EBTRB$OFF
   481                           __CFG_EBTRB$OFF equ 0x0
   482  0000                     	file	"C:\Users\febri\AppData\Local\Temp\sk6c."
   483                           	line	#
   484                           psect	cinit,class=CODE,delta=1,reloc=2
   485                           global __pcinit
   486                           __pcinit:
   487  0000DA                     global start_initialization
   488                           start_initialization:
   489  0000DA                     
   490                           global __initialization
   491                           __initialization:
   492  0000DA                     psect	bssCOMRAM,class=COMRAM,space=1,noexec
   493                           global __pbssCOMRAM
   494                           __pbssCOMRAM:
   495  000001                     	global	_count2
   496                           _count2:
   497  000001                            ds      2
   498  000001                     	global	_count1
   499                           _count1:
   500  000003                            ds      2
   501  000003                     	file	"C:\Users\febri\AppData\Local\Temp\sk6c."
   502                           	line	#
   503                           psect	cinit
   504                           ; Clear objects allocated to COMRAM (4 bytes)
   505                           	global __pbssCOMRAM
   506                           clrf	(__pbssCOMRAM+3)&0xffh,c
   507  0000DA  6A04               clrf	(__pbssCOMRAM+2)&0xffh,c
   508  0000DC  6A03               clrf	(__pbssCOMRAM+1)&0xffh,c
   509  0000DE  6A02               clrf	(__pbssCOMRAM+0)&0xffh,c
   510  0000E0  6A01               psect cinit,class=CODE,delta=1
   511                           global end_of_initialization,__end_of__initialization
   512                           
   513                           ;End of C runtime variable initialization code
   514                           
   515                           end_of_initialization:
   516  0000E2                     __end_of__initialization:
   517  0000E2                     	bcf int$flags,0,c ;clear compiler interrupt flag (level 1)
   518  0000E2  9005               	bcf int$flags,1,c ;clear compiler interrupt flag (level 2)
   519  0000E4  9205               movlb 0
   520  0000E6  0100               goto _main	;jump to C main() function
   521  0000E8  EF57  F000         psect	cstackCOMRAM,class=COMRAM,space=1,noexec
   522                           global __pcstackCOMRAM
   523                           __pcstackCOMRAM:
   524  000000                     ?_main:	; 1 bytes @ 0x0
   525  000000                     ??_main:	; 1 bytes @ 0x0
   526  000000                     ?_my_isr_routine:	; 1 bytes @ 0x0
   527  000000                     ??_my_isr_routine:	; 1 bytes @ 0x0
   528  000000                     ;!
   529                           ;!Data Sizes:
   530                           ;!    Strings     0
   531                           ;!    Constant    0
   532                           ;!    Data        0
   533                           ;!    BSS         4
   534                           ;!    Persistent  0
   535                           ;!    Stack       0
   536                           ;!
   537                           ;!Auto Spaces:
   538                           ;!    Space          Size  Autos    Used
   539                           ;!    COMRAM          126      0       4
   540                           ;!    BANK0           128      0       0
   541                           ;!    BANK1           256      0       0
   542                           ;!    BANK2           256      0       0
   543                           ;!    BANK3           256      0       0
   544                           ;!    BANK4           256      0       0
   545                           ;!    BANK5           256      0       0
   546                           
   547                           ;!
   548                           ;!Pointer List with Targets:
   549                           ;!
   550                           ;!    None.
   551                           
   552                           
   553                           ;!
   554                           ;!Critical Paths under _main in COMRAM
   555                           ;!
   556                           ;!    None.
   557                           ;!
   558                           ;!Critical Paths under _my_isr_routine in COMRAM
   559                           ;!
   560                           ;!    None.
   561                           ;!
   562                           ;!Critical Paths under _main in BANK0
   563                           ;!
   564                           ;!    None.
   565                           ;!
   566                           ;!Critical Paths under _my_isr_routine in BANK0
   567                           ;!
   568                           ;!    None.
   569                           ;!
   570                           ;!Critical Paths under _main in BANK1
   571                           ;!
   572                           ;!    None.
   573                           ;!
   574                           ;!Critical Paths under _my_isr_routine in BANK1
   575                           ;!
   576                           ;!    None.
   577                           ;!
   578                           ;!Critical Paths under _main in BANK2
   579                           ;!
   580                           ;!    None.
   581                           ;!
   582                           ;!Critical Paths under _my_isr_routine in BANK2
   583                           ;!
   584                           ;!    None.
   585                           ;!
   586                           ;!Critical Paths under _main in BANK3
   587                           ;!
   588                           ;!    None.
   589                           ;!
   590                           ;!Critical Paths under _my_isr_routine in BANK3
   591                           ;!
   592                           ;!    None.
   593                           ;!
   594                           ;!Critical Paths under _main in BANK4
   595                           ;!
   596                           ;!    None.
   597                           ;!
   598                           ;!Critical Paths under _my_isr_routine in BANK4
   599                           ;!
   600                           ;!    None.
   601                           ;!
   602                           ;!Critical Paths under _main in BANK5
   603                           ;!
   604                           ;!    None.
   605                           ;!
   606                           ;!Critical Paths under _my_isr_routine in BANK5
   607                           ;!
   608                           ;!    None.
   609                           
   610 ;;
   611 ;;Main: autosize = 0, tempsize = 0, incstack = 0, save=0
   612 ;;
   613                           
   614                           ;!
   615                           ;!Call Graph Tables:
   616                           ;!
   617                           ;! ---------------------------------------------------------------------------------
   618                           ;! (Depth) Function   	        Calls       Base Space   Used Autos Params    Refs
   619                           ;! ---------------------------------------------------------------------------------
   620                           ;! (0) _main                                                 0     0      0       0
   621                           ;! ---------------------------------------------------------------------------------
   622                           ;! Estimated maximum stack depth 0
   623                           ;! ---------------------------------------------------------------------------------
   624                           ;! (Depth) Function   	        Calls       Base Space   Used Autos Params    Refs
   625                           ;! ---------------------------------------------------------------------------------
   626                           ;! (1) _my_isr_routine                                       0     0      0       0
   627                           ;! ---------------------------------------------------------------------------------
   628                           ;! Estimated maximum stack depth 1
   629                           ;! ---------------------------------------------------------------------------------
   630                           ;!
   631                           ;! Call Graph Graphs:
   632                           ;!
   633                           ;! _main (ROOT)
   634                           ;!
   635                           ;! _my_isr_routine (ROOT)
   636                           ;!
   637                           
   638                           ;! Address spaces:
   639                           
   640                           ;!Name               Size   Autos  Total    Cost      Usage
   641                           ;!BIGRAM             5FF      0       0      17        0.0%
   642                           ;!EEDATA             100      0       0       0        0.0%
   643                           ;!BITBANK5           100      0       0      16        0.0%
   644                           ;!BANK5              100      0       0      14        0.0%
   645                           ;!BITBANK4           100      0       0      12        0.0%
   646                           ;!BANK4              100      0       0      13        0.0%
   647                           ;!BITBANK3           100      0       0      10        0.0%
   648                           ;!BANK3              100      0       0      11        0.0%
   649                           ;!BITBANK2           100      0       0       8        0.0%
   650                           ;!BANK2              100      0       0       9        0.0%
   651                           ;!BITBANK1           100      0       0       6        0.0%
   652                           ;!BANK1              100      0       0       7        0.0%
   653                           ;!BITBANK0            80      0       0       4        0.0%
   654                           ;!BANK0               80      0       0       5        0.0%
   655                           ;!BITCOMRAM           7E      0       0       0        0.0%
   656                           ;!COMRAM              7E      0       4       1        3.2%
   657                           ;!BITSFR               0      0       0     200        0.0%
   658                           ;!SFR                  0      0       0     200        0.0%
   659                           ;!STACK                0      0       0       2        0.0%
   660                           ;!NULL                 0      0       0       0        0.0%
   661                           ;!ABS                  0      0       4      15        0.0%
   662                           ;!DATA                 0      0       4       3        0.0%
   663                           ;!CODE                 0      0       0       0        0.0%
   664                           
   665                           	global	_main
   666                           
   667 ;; *************** function _main *****************
   668 ;; Defined at:
   669 ;;		line 75 in file "lab8_classB.c"
   670 ;; Parameters:    Size  Location     Type
   671 ;;		None
   672 ;; Auto vars:     Size  Location     Type
   673 ;;		None
   674 ;; Return value:  Size  Location     Type
   675 ;;                  1    wreg      void 
   676 ;; Registers used:
   677 ;;		wreg, status,2
   678 ;; Tracked objects:
   679 ;;		On entry : 0/0
   680 ;;		On exit  : 0/0
   681 ;;		Unchanged: 0/0
   682 ;; Data sizes:     COMRAM   BANK0   BANK1   BANK2   BANK3   BANK4   BANK5
   683 ;;      Params:         0       0       0       0       0       0       0
   684 ;;      Locals:         0       0       0       0       0       0       0
   685 ;;      Temps:          0       0       0       0       0       0       0
   686 ;;      Totals:         0       0       0       0       0       0       0
   687 ;;Total ram usage:        0 bytes
   688 ;; Hardware stack levels required when called:    1
   689 ;; This function calls:
   690 ;;		Nothing
   691 ;; This function is called by:
   692 ;;		Startup code after reset
   693 ;; This function uses a non-reentrant model
   694 ;;
   695                           psect	text0,class=CODE,space=0,reloc=2,group=0
   696                           	file	"lab8_classB.c"
   697                           	line	75
   698                           global __ptext0
   699                           __ptext0:
   700  0000AE                     psect	text0
   701                           	file	"lab8_classB.c"
   702                           	line	75
   703                           	global	__size_of_main
   704                           	__size_of_main	equ	__end_of_main-_main
   705  0000                     	
   706                           _main:
   707  0000AE                     ;incstack = 0
   708                           	opt	stack 30
   709                           	line	76
   710                           	
   711                           l722:
   712  0000AE                     ;lab8_classB.c: 76:     TRISDbits.TRISD0 = 0;
   713                           	bcf	((c:3989)),c,0	;volatile
   714  0000AE  9095               	line	77
   715                           ;lab8_classB.c: 77:     TRISDbits.TRISD1 = 0;
   716                           	bcf	((c:3989)),c,1	;volatile
   717  0000B0  9295               	line	78
   718                           ;lab8_classB.c: 78:     LATDbits.LATD0 = 0;
   719                           	bcf	((c:3980)),c,0	;volatile
   720  0000B2  908C               	line	79
   721                           ;lab8_classB.c: 79:     LATDbits.LATD1 = 0;
   722                           	bcf	((c:3980)),c,1	;volatile
   723  0000B4  928C               	line	81
   724                           ;lab8_classB.c: 81:     OSCCONbits.IRCF0 = 1;
   725                           	bsf	((c:4051)),c,4	;volatile
   726  0000B6  88D3               	line	82
   727                           ;lab8_classB.c: 82:     OSCCONbits.IRCF1 = 1;
   728                           	bsf	((c:4051)),c,5	;volatile
   729  0000B8  8AD3               	line	83
   730                           ;lab8_classB.c: 83:     OSCCONbits.IRCF2 = 1;
   731                           	bsf	((c:4051)),c,6	;volatile
   732  0000BA  8CD3               	line	85
   733                           	
   734                           l724:
   735  0000BC                     ;lab8_classB.c: 85:     T2CON = 0x05;
   736                           	movlw	low(05h)
   737  0000BC  0E05               	movwf	((c:4042)),c	;volatile
   738  0000BE  6ECA               	line	86
   739                           ;lab8_classB.c: 86:     TMR2 = 0;
   740                           	movlw	low(0)
   741  0000C0  0E00               	movwf	((c:4044)),c	;volatile
   742  0000C2  6ECC               	line	87
   743                           	
   744                           l726:
   745  0000C4                     ;lab8_classB.c: 87:     PIE1bits.TMR2IE = 1;
   746                           	bsf	((c:3997)),c,1	;volatile
   747  0000C4  829D               	line	88
   748                           	
   749                           l728:
   750  0000C6                     ;lab8_classB.c: 88:     IPR1bits.TMR2IP = 1;
   751                           	bsf	((c:3999)),c,1	;volatile
   752  0000C6  829F               	line	89
   753                           	
   754                           l730:
   755  0000C8                     ;lab8_classB.c: 89:     PIR1bits.TMR2IF = 0;
   756                           	bcf	((c:3998)),c,1	;volatile
   757  0000C8  929E               	line	91
   758                           	
   759                           l732:
   760  0000CA                     ;lab8_classB.c: 91:     RCONbits.IPEN = 0x01;
   761                           	bsf	((c:4048)),c,7	;volatile
   762  0000CA  8ED0               	line	92
   763                           	
   764                           l734:
   765  0000CC                     ;lab8_classB.c: 92:     INTCONbits.GIE = 1;
   766                           	bsf	((c:4082)),c,7	;volatile
   767  0000CC  8EF2               	line	94
   768                           ;lab8_classB.c: 94:     PR2 = 250;
   769                           	movlw	low(0FAh)
   770  0000CE  0EFA               	movwf	((c:4043)),c	;volatile
   771  0000D0  6ECB               	line	96
   772                           ;lab8_classB.c: 96:     while(1);
   773                           	
   774                           l35:
   775  0000D2                     	
   776                           l36:
   777  0000D2                     	goto	l35
   778  0000D2  EF69  F000         	
   779                           l37:
   780  0000D6                     	line	97
   781                           	
   782                           l38:
   783  0000D6                     	global	start
   784                           	goto	start
   785  0000D6  EF07  F000         	opt stack 0
   786                           GLOBAL	__end_of_main
   787                           	__end_of_main:
   788  0000DA                     	signat	_main,89
   789                           	global	_my_isr_routine
   790                           
   791 ;; *************** function _my_isr_routine *****************
   792 ;; Defined at:
   793 ;;		line 100 in file "lab8_classB.c"
   794 ;; Parameters:    Size  Location     Type
   795 ;;		None
   796 ;; Auto vars:     Size  Location     Type
   797 ;;		None
   798 ;; Return value:  Size  Location     Type
   799 ;;                  1    wreg      void 
   800 ;; Registers used:
   801 ;;		wreg, status,2, status,0
   802 ;; Tracked objects:
   803 ;;		On entry : 0/0
   804 ;;		On exit  : 0/0
   805 ;;		Unchanged: 0/0
   806 ;; Data sizes:     COMRAM   BANK0   BANK1   BANK2   BANK3   BANK4   BANK5
   807 ;;      Params:         0       0       0       0       0       0       0
   808 ;;      Locals:         0       0       0       0       0       0       0
   809 ;;      Temps:          0       0       0       0       0       0       0
   810 ;;      Totals:         0       0       0       0       0       0       0
   811 ;;Total ram usage:        0 bytes
   812 ;; Hardware stack levels used:    1
   813 ;; This function calls:
   814 ;;		Nothing
   815 ;; This function is called by:
   816 ;;		Interrupt level 2
   817 ;; This function uses a non-reentrant model
   818 ;;
   819                           psect	intcode,class=CODE,space=0,reloc=2
   820                           global __pintcode
   821                           __pintcode:
   822  000008                     psect	intcode
   823                           	file	"lab8_classB.c"
   824                           	line	100
   825                           	global	__size_of_my_isr_routine
   826                           	__size_of_my_isr_routine	equ	__end_of_my_isr_routine-_my_isr_routine
   827  0000                     	
   828                           _my_isr_routine:
   829  000008                     ;incstack = 0
   830                           	opt	stack 30
   831                           	bsf int$flags,1,c ;set compiler interrupt flag (level 2)
   832  000008  8205               	global	int_func
   833                           	call	int_func,f	;refresh shadow registers
   834  00000A  ED09  F000         psect	intcode_body,class=CODE,space=0,reloc=2
   835                           global __pintcode_body
   836                           __pintcode_body:
   837  000012                     int_func:
   838  000012                     
   839                           	pop	; remove dummy address from shadow register refresh
   840  000012  0006               	line	102
   841                           	
   842                           i2l736:
   843  000014                     ;lab8_classB.c: 102:     if(TMR2IE && TMR2IF){
   844                           	btfss	c:(31977/8),(31977)&7	;volatile
   845  000014  A29D               	goto	i2u1_41
   846  000016  EF0F  F000         	goto	i2u1_40
   847  00001A  EF11  F000         i2u1_41:
   848  00001E                     	goto	i2l742
   849  00001E  EF1E  F000         i2u1_40:
   850  000022                     	
   851                           i2l738:
   852  000022                     	btfss	c:(31985/8),(31985)&7	;volatile
   853  000022  A29E               	goto	i2u2_41
   854  000024  EF16  F000         	goto	i2u2_40
   855  000028  EF18  F000         i2u2_41:
   856  00002C                     	goto	i2l742
   857  00002C  EF1E  F000         i2u2_40:
   858  000030                     	line	103
   859                           	
   860                           i2l740:
   861  000030                     ;lab8_classB.c: 103:         count1++;
   862                           	infsnz	((c:_count1)),c	;volatile
   863  000030  4A03               	incf	((c:_count1+1)),c	;volatile
   864  000032  2A04               	line	104
   865                           ;lab8_classB.c: 104:         count2++;
   866                           	infsnz	((c:_count2)),c	;volatile
   867  000034  4A01               	incf	((c:_count2+1)),c	;volatile
   868  000036  2A02               	goto	i2l742
   869  000038  EF1E  F000         	line	105
   870                           ;lab8_classB.c: 105:     }
   871                           	
   872                           i2l43:
   873  00003C                     	line	107
   874                           	
   875                           i2l742:
   876  00003C                     ;lab8_classB.c: 107:     if(count1 == 2000)
   877                           		movlw	208
   878  00003C  0ED0               	xorwf	((c:_count1)),c,w	;volatile
   879  00003E  1803               	bnz	i2u3_41
   880  000040  E107               	movlw	7
   881  000042  0E07               	xorwf	((c:_count1+1)),c,w	;volatile
   882  000044  1804               	btfss	status,2
   883  000046  A4D8               	goto	i2u3_41
   884  000048  EF28  F000         	goto	i2u3_40
   885  00004C  EF2A  F000         
   886                           i2u3_41:
   887  000050                     	goto	i2l748
   888  000050  EF39  F000         i2u3_40:
   889  000054                     	line	109
   890                           	
   891                           i2l744:
   892  000054                     ;lab8_classB.c: 108:     {;lab8_classB.c: 109:         LATDbits.LATD0 = LATDbits.LATD0^1
                                 ;
   893                           	btfss	((c:3980)),c,0	;volatile
   894  000054  A08C               	goto	i2u4_41
   895  000056  EF2F  F000         	goto	i2u4_40
   896  00005A  EF32  F000         i2u4_41:
   897  00005E                     	bsf	((c:3980)),c,0	;volatile
   898  00005E  808C               	goto	i2u5_45
   899  000060  EF33  F000         i2u4_40:
   900  000064                     	bcf	((c:3980)),c,0	;volatile
   901  000064  908C               i2u5_45:
   902  000066                     	line	110
   903                           	
   904                           i2l746:
   905  000066                     ;lab8_classB.c: 110:         count1 = 0;
   906                           	movlw	high(0)
   907  000066  0E00               	movwf	((c:_count1+1)),c	;volatile
   908  000068  6E04               	movlw	low(0)
   909  00006A  0E00               	movwf	((c:_count1)),c	;volatile
   910  00006C  6E03               	goto	i2l748
   911  00006E  EF39  F000         	line	111
   912                           ;lab8_classB.c: 111:     }
   913                           	
   914                           i2l44:
   915  000072                     	line	113
   916                           	
   917                           i2l748:
   918  000072                     ;lab8_classB.c: 113:     if(count2 == 4000)
   919                           		movlw	160
   920  000072  0EA0               	xorwf	((c:_count2)),c,w	;volatile
   921  000074  1801               	bnz	i2u6_41
   922  000076  E107               	movlw	15
   923  000078  0E0F               	xorwf	((c:_count2+1)),c,w	;volatile
   924  00007A  1802               	btfss	status,2
   925  00007C  A4D8               	goto	i2u6_41
   926  00007E  EF43  F000         	goto	i2u6_40
   927  000082  EF45  F000         
   928                           i2u6_41:
   929  000086                     	goto	i2l754
   930  000086  EF54  F000         i2u6_40:
   931  00008A                     	line	115
   932                           	
   933                           i2l750:
   934  00008A                     ;lab8_classB.c: 114:     {;lab8_classB.c: 115:         LATDbits.LATD1 = LATDbits.LATD1^1
                                 ;
   935                           	btfss	((c:3980)),c,1	;volatile
   936  00008A  A28C               	goto	i2u7_41
   937  00008C  EF4A  F000         	goto	i2u7_40
   938  000090  EF4D  F000         i2u7_41:
   939  000094                     	bsf	((c:3980)),c,1	;volatile
   940  000094  828C               	goto	i2u8_45
   941  000096  EF4E  F000         i2u7_40:
   942  00009A                     	bcf	((c:3980)),c,1	;volatile
   943  00009A  928C               i2u8_45:
   944  00009C                     	line	116
   945                           	
   946                           i2l752:
   947  00009C                     ;lab8_classB.c: 116:         count2 = 0;
   948                           	movlw	high(0)
   949  00009C  0E00               	movwf	((c:_count2+1)),c	;volatile
   950  00009E  6E02               	movlw	low(0)
   951  0000A0  0E00               	movwf	((c:_count2)),c	;volatile
   952  0000A2  6E01               	goto	i2l754
   953  0000A4  EF54  F000         	line	117
   954                           ;lab8_classB.c: 117:     }
   955                           	
   956                           i2l45:
   957  0000A8                     	line	118
   958                           	
   959                           i2l754:
   960  0000A8                     ;lab8_classB.c: 118:     PIR1bits.TMR2IF = 0;
   961                           	bcf	((c:3998)),c,1	;volatile
   962  0000A8  929E               	line	120
   963                           	
   964                           i2l46:
   965  0000AA                     	bcf int$flags,1,c ;clear compiler interrupt flag (level 2)
   966  0000AA  9205               	retfie f
   967  0000AC  0011               	opt stack 0
   968                           GLOBAL	__end_of_my_isr_routine
   969                           	__end_of_my_isr_routine:
   970  0000AE                     	signat	_my_isr_routine,89
   971                           	GLOBAL	__activetblptr
   972                           __activetblptr	EQU	0
   973  0000                     	psect	intsave_regs,class=BIGRAM,space=1,noexec
   974                           	PSECT	rparam,class=COMRAM,space=1,noexec
   975                           	GLOBAL	__Lrparam
   976                           	FNCONF	rparam,??,?
   977                           	GLOBAL	___rparam_used
   978                           	___rparam_used EQU 1
   979  0000                     	GLOBAL	___param_bank
   980                           	___param_bank EQU 0
   981  0000                     GLOBAL	__Lparam, __Hparam
   982                           GLOBAL	__Lrparam, __Hrparam
   983                           __Lparam	EQU	__Lrparam
   984  0000                     __Hparam	EQU	__Hrparam
   985  0000                            psect   temp,common,ovrld,class=COMRAM,space=1
   986                           	global	btemp
   987                           btemp:
   988  000005                     	ds	1
   989  000005                     	global	int$flags
   990                           	int$flags	set btemp
   991  0000                     	global	wtemp8
   992                           	wtemp8 set btemp+1
   993  0000                     	global	ttemp5
   994                           	ttemp5 set btemp+1
   995  0000                     	global	ttemp6
   996                           	ttemp6 set btemp+4
   997  0000                     	global	ttemp7
   998                           	ttemp7 set btemp+8
   999  0000                     	end


Data Sizes:
    Strings     0
    Constant    0
    Data        0
    BSS         4
    Persistent  0
    Stack       0

Auto Spaces:
    Space          Size  Autos    Used
    COMRAM          126      0       4
    BANK0           128      0       0
    BANK1           256      0       0
    BANK2           256      0       0
    BANK3           256      0       0
    BANK4           256      0       0
    BANK5           256      0       0

Pointer List with Targets:

    None.

Critical Paths under _main in COMRAM

    None.

Critical Paths under _my_isr_routine in COMRAM

    None.

Critical Paths under _main in BANK0

    None.

Critical Paths under _my_isr_routine in BANK0

    None.

Critical Paths under _main in BANK1

    None.

Critical Paths under _my_isr_routine in BANK1

    None.

Critical Paths under _main in BANK2

    None.

Critical Paths under _my_isr_routine in BANK2

    None.

Critical Paths under _main in BANK3

    None.

Critical Paths under _my_isr_routine in BANK3

    None.

Critical Paths under _main in BANK4

    None.

Critical Paths under _my_isr_routine in BANK4

    None.

Critical Paths under _main in BANK5

    None.

Critical Paths under _my_isr_routine in BANK5

    None.

Call Graph Tables:

 ---------------------------------------------------------------------------------
 (Depth) Function   	        Calls       Base Space   Used Autos Params    Refs
 ---------------------------------------------------------------------------------
 (0) _main                                                 0     0      0       0
 ---------------------------------------------------------------------------------
 Estimated maximum stack depth 0
 ---------------------------------------------------------------------------------
 (Depth) Function   	        Calls       Base Space   Used Autos Params    Refs
 ---------------------------------------------------------------------------------
 (1) _my_isr_routine                                       0     0      0       0
 ---------------------------------------------------------------------------------
 Estimated maximum stack depth 1
 ---------------------------------------------------------------------------------

 Call Graph Graphs:

 _main (ROOT)

 _my_isr_routine (ROOT)

 Address spaces:
Name               Size   Autos  Total    Cost      Usage
BIGRAM             5FF      0       0      17        0.0%
EEDATA             100      0       0       0        0.0%
BITBANK5           100      0       0      16        0.0%
BANK5              100      0       0      14        0.0%
BITBANK4           100      0       0      12        0.0%
BANK4              100      0       0      13        0.0%
BITBANK3           100      0       0      10        0.0%
BANK3              100      0       0      11        0.0%
BITBANK2           100      0       0       8        0.0%
BANK2              100      0       0       9        0.0%
BITBANK1           100      0       0       6        0.0%
BANK1              100      0       0       7        0.0%
BITBANK0            80      0       0       4        0.0%
BANK0               80      0       0       5        0.0%
BITCOMRAM           7E      0       0       0        0.0%
COMRAM              7E      0       4       1        3.2%
BITSFR               0      0       0     200        0.0%
SFR                  0      0       0     200        0.0%
STACK                0      0       0       2        0.0%
NULL                 0      0       0       0        0.0%
ABS                  0      0       4      15        0.0%
DATA                 0      0       4       3        0.0%
CODE                 0      0       0       0        0.0%


Microchip Technology PIC18 Macro Assembler V2.00 build -1524193055 
Symbol Table                                                                                   Thu Nov 29 15:55:51 2018

                     l35 00D2                       l36 00D2                       l37 00D6  
                     l38 00D6              __CFG_BORV$3 000000             __CFG_CP0$OFF 000000  
           __CFG_CP1$OFF 000000             __CFG_CP2$OFF 000000             __CFG_CP3$OFF 000000  
                    l730 00C8                      l722 00AE                      l732 00CA  
                    l724 00BC                      l734 00CC                      l726 00C4  
                    l728 00C6             __CFG_CPB$OFF 000000                      _PR2 000FCB  
           __CFG_CPD$OFF 000000             __CFG_LVP$OFF 000000             __CFG_WDT$OFF 000000  
                   i2l43 003C                     i2l44 0072                     i2l45 00A8  
                   i2l46 00AA                     _TMR2 000FCC                     _main 00AE  
                   btemp 0005                     start 000E            __CFG_IESO$OFF 000000  
          __CFG_MCLRE$ON 000000             ___param_bank 000000                    ?_main 0000  
                  _T2CON 000FCA                    i2l740 0030                    i2l750 008A  
                  i2l742 003C                    i2l752 009C                    i2l744 0054  
                  i2l736 0014                    i2l754 00A8                    i2l746 0066  
                  i2l738 0022                    i2l748 0072            __CFG_PWRT$OFF 000000  
          __CFG_WRT0$OFF 000000            __CFG_WRT1$OFF 000000            __CFG_WRT2$OFF 000000  
          __CFG_WRT3$OFF 000000           __CFG_EBTR0$OFF 000000           __CFG_FCMEN$OFF 000000  
         __CFG_EBTR1$OFF 000000           __CFG_EBTR2$OFF 000000           __CFG_EBTR3$OFF 000000  
          __CFG_WRTB$OFF 000000            __CFG_WRTC$OFF 000000            __CFG_WRTD$OFF 000000  
         __CFG_EBTRB$OFF 000000                    ttemp5 0006                    ttemp6 0009  
                  ttemp7 000D                    status 000FD8                    wtemp8 0006  
        __initialization 00DA             __end_of_main 00DA                   ??_main 0000  
          __activetblptr 000000                   _TMR2IE 007CE9                   _TMR2IF 007CF1  
                 i2u1_40 0022                   i2u1_41 001E                   i2u2_40 0030  
                 i2u2_41 002C                   i2u3_40 0054                   i2u3_41 0050  
                 i2u4_40 0064                   i2u4_41 005E                   i2u5_45 0066  
                 i2u6_40 008A                   i2u6_41 0086                   i2u7_40 009A  
                 i2u7_41 0094                   i2u8_45 009C           __CFG_XINST$OFF 000000  
         __CFG_STVREN$ON 000000                   _count1 0003                   _count2 0001  
             __accesstop 0080  __end_of__initialization 00E2          __CFG_PBADEN$OFF 000000  
          ___rparam_used 000001           __pcstackCOMRAM 0000  __size_of_my_isr_routine 00A6  
                __Hparam 0000                  __Lparam 0000                  __pcinit 00DA  
                __ramtop 0600                  __ptext0 00AE           __pintcode_body 0012  
   end_of_initialization 00E2                  int_func 0012                _TRISDbits 000F95  
    start_initialization 00DA           _my_isr_routine 0008         __CFG_OSC$INTIO67 000000  
       __CFG_LPT1OSC$OFF 000000              __pbssCOMRAM 0001   __end_of_my_isr_routine 00AE  
      __CFG_CCP2MX$PORTC 000000                __pintcode 0008          ?_my_isr_routine 0000  
               _LATDbits 000F8C                 _IPR1bits 000F9F                 _PIE1bits 000F9D  
               _PIR1bits 000F9E                 _RCONbits 000FD0         __CFG_WDTPS$32768 000000  
               __Hrparam 0000                 __Lrparam 0000       __CFG_BOREN$SBORDIS 000000  
          __size_of_main 002C                 int$flags 0005               _INTCONbits 000FF2  
               intlevel2 0000               _OSCCONbits 000FD3         ??_my_isr_routine 0000  
