MPASM 5.81                           MID.ASM   11-19-2018  21:06:06         PAGE  1


LOC  OBJECT CODE     LINE SOURCE TEXT
  VALUE

Warning[205]: Found directive in column 1. (LIST)
                      00001 LIST p=18f4520
                      00002 #include<p18f4520.inc>
                      00001         LIST
                      00002 
                      00003 ;==========================================================================
                      00004 ; Build date : Jul 23 2018
                      00005 ;  MPASM PIC18F4520 processor include
                      00006 ; 
                      00007 ;  (c) Copyright 1999-2018 Microchip Technology, All rights reserved
                      00008 ;==========================================================================
                      00009 
                      01489         LIST
                      00003 
                      00004 ; CONFIG1H
                      00005   CONFIG  OSC = INTIO67         ; Oscillator Selection bits (Internal oscillator block, port function on
                             RA6 and RA7)
                      00006   CONFIG  FCMEN = OFF           ; Fail-Safe Clock Monitor Enable bit (Fail-Safe Clock Monitor disabled)
                      00007   CONFIG  IESO = OFF            ; Internal/External Oscillator Switchover bit (Oscillator Switchover mod
                            e disabled)
                      00008 
                      00009 ; CONFIG2L
                      00010   CONFIG  PWRT = OFF            ; Power-up Timer Enable bit (PWRT disabled)
                      00011   CONFIG  BOREN = SBORDIS       ; Brown-out Reset Enable bits (Brown-out Reset enabled in hardware only 
                            (SBOREN is disabled))
                      00012   CONFIG  BORV = 3              ; Brown Out Reset Voltage bits (Minimum setting)
                      00013 
                      00014 ; CONFIG2H
                      00015   CONFIG  WDT = OFF             ; Watchdog Timer Enable bit (WDT disabled (control is placed on the SWDT
                            EN bit))
                      00016   CONFIG  WDTPS = 32768         ; Watchdog Timer Postscale Select bits (1:32768)
                      00017 
                      00018 ; CONFIG3H
                      00019   CONFIG  CCP2MX = PORTC        ; CCP2 MUX bit (CCP2 input/output is multiplexed with RC1)
                      00020   CONFIG  PBADEN = OFF          ; PORTB A/D Enable bit (PORTB<4:0> pins are configured as digital I/O on
                             Reset)
                      00021   CONFIG  LPT1OSC = OFF         ; Low-Power Timer1 Oscillator Enable bit (Timer1 configured for higher p
                            ower operation)
                      00022   CONFIG  MCLRE = ON            ; MCLR Pin Enable bit (MCLR pin enabled; RE3 input pin disabled)
                      00023 
                      00024 ; CONFIG4L
                      00025   CONFIG  STVREN = ON           ; Stack Full/Underflow Reset Enable bit (Stack full/underflow will cause
                             Reset)
                      00026   CONFIG  LVP = OFF             ; Single-Supply ICSP Enable bit (Single-Supply ICSP disabled)
                      00027   CONFIG  XINST = OFF           ; Extended Instruction Set Enable bit (Instruction set extension and Ind
                            exed Addressing mode disabled (Legacy mode))
                      00028 
                      00029 ; CONFIG5L
                      00030   CONFIG  CP0 = OFF             ; Code Protection bit (Block 0 (000800-001FFFh) not code-protected)
                      00031   CONFIG  CP1 = OFF             ; Code Protection bit (Block 1 (002000-003FFFh) not code-protected)
                      00032   CONFIG  CP2 = OFF             ; Code Protection bit (Block 2 (004000-005FFFh) not code-protected)
                      00033   CONFIG  CP3 = OFF             ; Code Protection bit (Block 3 (006000-007FFFh) not code-protected)
                      00034 
MPASM 5.81                           MID.ASM   11-19-2018  21:06:06         PAGE  2


LOC  OBJECT CODE     LINE SOURCE TEXT
  VALUE

                      00035 ; CONFIG5H
                      00036   CONFIG  CPB = OFF             ; Boot Block Code Protection bit (Boot block (000000-0007FFh) not code-p
                            rotected)
                      00037   CONFIG  CPD = OFF             ; Data EEPROM Code Protection bit (Data EEPROM not code-protected)
                      00038 
                      00039 ; CONFIG6L
                      00040   CONFIG  WRT0 = OFF            ; Write Protection bit (Block 0 (000800-001FFFh) not write-protected)
                      00041   CONFIG  WRT1 = OFF            ; Write Protection bit (Block 1 (002000-003FFFh) not write-protected)
                      00042   CONFIG  WRT2 = OFF            ; Write Protection bit (Block 2 (004000-005FFFh) not write-protected)
                      00043   CONFIG  WRT3 = OFF            ; Write Protection bit (Block 3 (006000-007FFFh) not write-protected)
                      00044 
                      00045 ; CONFIG6H
                      00046   CONFIG  WRTC = OFF            ; Configuration Register Write Protection bit (Configuration registers (
                            300000-3000FFh) not write-protected)
                      00047   CONFIG  WRTB = OFF            ; Boot Block Write Protection bit (Boot block (000000-0007FFh) not write
                            -protected)
                      00048   CONFIG  WRTD = OFF            ; Data EEPROM Write Protection bit (Data EEPROM not write-protected)
                      00049 
                      00050 ; CONFIG7L
                      00051   CONFIG  EBTR0 = OFF           ; Table Read Protection bit (Block 0 (000800-001FFFh) not protected from
                             table reads executed in other blocks)
                      00052   CONFIG  EBTR1 = OFF           ; Table Read Protection bit (Block 1 (002000-003FFFh) not protected from
                             table reads executed in other blocks)
                      00053   CONFIG  EBTR2 = OFF           ; Table Read Protection bit (Block 2 (004000-005FFFh) not protected from
                             table reads executed in other blocks)
                      00054   CONFIG  EBTR3 = OFF           ; Table Read Protection bit (Block 3 (006000-007FFFh) not protected from
                             table reads executed in other blocks)
                      00055 
                      00056 ; CONFIG7H
                      00057   CONFIG  EBTRB = OFF           ; Boot Block Table Read Protection bit (Boot block (000000-0007FFh) not 
                            protected from table reads executed in other blocks)
                      00058 
                      00059 
                      00060 ; ;;;;;;;;;;;;;;;;;;;;;;;;;;;;;;;;;;;;;;;;;;;;;;;;;;;
                      00061 ; Setting file register address.
  00000000            00062 COUNT EQU 0X00      
  00000010            00063 DIVISORH EQU 0X10   
  00000011            00064 DIVISORL EQU 0X11
  00000020            00065 REMAINDERH EQU 0X20
  00000021            00066 REMAINDERL EQU 0X21
  00000030            00067 QUOTIENT EQU 0x030 ; 
                      00068  
  00000023            00069 REM1 EQU 0x23
  00000024            00070 REM2 EQU 0x24
  00000033            00071 QUO1 EQU 0x33
  00000034            00072 QUO2 EQU 0x34
                      00073  
Warning[207]: Found label after column 1. (L1)
  00000014            00074  L1 EQU 0X14
Warning[207]: Found label after column 1. (L2)
  00000015            00075  L2 EQU 0X15
                      00076 
                      00077 #define Button1Flag 0X60, 0 ; You can use it or not.
MPASM 5.81                           MID.ASM   11-19-2018  21:06:06         PAGE  3


LOC  OBJECT CODE     LINE SOURCE TEXT
  VALUE

                      00078 #define Button2Flag 0X70, 0 ; You can use it or not.
                      00079 ; ;;;;;;;;;;;;;;;;;;;;;;;;;;;;;;;;;;;;;;;;;;;;;;;; 
                      00080 ; Teacher assistent will provide input data.
  0000000F            00081 Input1H EQU 0x0F 
  0000007C            00082 Input1L EQU 0x7C 
  0000006F            00083 Input2  EQU 0x6F ; 0xF7C/0x6F = 0x23 ... 0x4F
                      00084 ; ;;;;;;;;;;;;;;;;;;;;;;;;;;;;;;;;;;;;;;;;;;;;;;;;;;;;
                      00085   
Warning[205]: Found directive in column 1. (ORG)
                      00086 ORG 0X00  
Warning[203]: Found opcode in column 1. (bra)
000000 D???           00087 bra Init
Warning[205]: Found directive in column 1. (ORG)
                      00088 ORG 0X08 ; setting interrupt service routine 
Warning[203]: Found opcode in column 1. (bra)
000008 D???           00089 bra isr 
                      00090         
                      00091 rrncf4time macro origf, destf ; rotate your orginal register to destination for 4 times
                      00092                 clrf destf
                      00093                 rrncf origf, 0       ; Clear your destination first.
                      00094                 rrncf WREG, 0
                      00095                 rrncf WREG, 0
                      00096                 rrncf WREG, 0
                      00097                 movwf destf
                      00098         endm
                      00099         
                      00100         
                      00101 ; Build the delay macro 
                      00102 ;TIME: (2+7*199+6+3)*359+(2+7*199+6)+2
Warning[207]: Found label after column 1. (Delay)
                      00103  Delay MACRO num1, num2
                      00104     local LOOP1
                      00105     local LOOP2
                      00106     movlw num2 ;d'90' ;num2
                      00107     movwf L2
                      00108     LOOP2:
                      00109         movlw num1 ;d'200' ;num1
                      00110         movwf L1
                      00111     LOOP1:
                      00112         NOP
                      00113         NOP
                      00114         NOP
                      00115         NOP
                      00116         decfsz L1, 1
                      00117             goto LOOP1; bra ->2 goto skip ->3
                      00118         decfsz L2, 1
                      00119             goto LOOP2
Warning[205]: Found directive in column 1. (endm)
                      00120 endm
                      00121         
00000A 8CD3           00122 Init:   bsf OSCCON, IRCF2 ; Internal Oscillator Frequency is set 4Mhz
00000C 8AD3           00123         bsf OSCCON, IRCF1 ; Don't remove 3 lines !!!
00000E 98D3           00124         bcf OSCCON, IRCF0 
MPASM 5.81                           MID.ASM   11-19-2018  21:06:06         PAGE  4


LOC  OBJECT CODE     LINE SOURCE TEXT
  VALUE

                      00125                           
000010 6A95           00126     clrf TRISD
000012 6A83           00127     clrf PORTD
000014 8ED0           00128     bsf RCON, IPEN
                      00129     
000016 88F2           00130     bsf INTCON, INT0IE ; Setting button1&button2 interrupt configuration on INTx(Just pick any 2 from In
                            t0-Int2)  
000018 9CF1           00131     bcf INTCON2, INTEDG0
                      00132     
00001A 86F0           00133     bsf INTCON3, INT1IE
00001C 9AF1           00134     bcf INTCON2, INTEDG1
                      00135     
00001E 8EF2           00136     bsf INTCON, GIE               
                      00137                           ;
                      00138                           ;               
                      00139                           ; Setting config for lighting LED (RD3-RD0)   
000020 9060           00140         bcf Button1Flag
000022 9070           00141         bcf Button2Flag
                      00142         
000024 D???           00143         rcall Divide
000026 EF?? F???      00144         goto mainLoop
00002A                00145 Divide:  ; divde 
                      00146         ; You can write macro of divide, or not.
                      00147         ; Input1 is Dividend, Input2 is Division. 
                      00148         ; For example, 0xFFC / 0x11h =  0xFF0...0xC.
                      00149         ; 0xFFC: Dividend (0xF: DividendH, 0xFC: DividendL). 
                      00150         ; 0X11: Division.  0XFF0: Quotient. 0xc: Remainder
                      00151         ; You must push result values to QUOTIENT(0X130), REMAINDERL(0x121) before you shift values.
                      00152 
                      00153 ;DIVISORH
                      00154 ;DIVISORL
                      00155 ;REMAINDERH
                      00156 ;REMAINDERL
                      00157 ;QUOTIENT
00002A 0E09           00158         movlw 9
00002C 6E00           00159         movwf COUNT
00002E 0E0F           00160         movlw Input1H
000030 6E20           00161         movwf REMAINDERH
000032 0E7C           00162         movlw Input1L
000034 6E21           00163         movwf REMAINDERL
000036 0E6F           00164         movlw Input2
000038 6E10           00165         movwf DIVISORH ;WREG = DIVISORH
00003A 6A30           00166         clrf QUOTIENT
00003C 6A11           00167         clrf DIVISORL
00003E                00168 loop:
00003E C011 FFE8      00169         movff DIVISORL, WREG
000042 5E21           00170         subwf REMAINDERL, 1 ;remainder - divisor
000044 C010 FFE8      00171         movff DIVISORH, WREG
000048 5A20           00172         subwfb REMAINDERH, 1
00004A E6??           00173         bn quotient_neg
                      00174         
                      00175         ;quotient is positive
00004C 4630           00176         rlncf QUOTIENT, 1
MPASM 5.81                           MID.ASM   11-19-2018  21:06:06         PAGE  5


LOC  OBJECT CODE     LINE SOURCE TEXT
  VALUE

00004E 8030           00177         bsf QUOTIENT, 0
000050 EF?? F???      00178         goto next
000054                00179 quotient_neg:
000054 C011 FFE8      00180         movff DIVISORL, WREG
000058 2621           00181         addwf REMAINDERL, 1 ;remainder - divisor
00005A C010 FFE8      00182         movff DIVISORH, WREG
00005E 2220           00183         addwfc REMAINDERH, 1
                      00184         
000060 4630           00185         rlncf QUOTIENT, 1
000062 9030           00186         bcf QUOTIENT, 0
000064                00187 next:
000064 90D8           00188         bcf STATUS, 0 ; clear carry
000066 3210           00189         rrcf DIVISORH, 1
000068 3211           00190         rrcf DIVISORL, 1
00006A 2E00           00191         decfsz COUNT, 1
00006C EF?? F???      00192         goto loop
000070                00193 Transfer:  
                      00194         ; rotate register       
                      00195         ; transfer values to specified file registers.
                      00196         ; you can design a better method you think.
                      00197         rrncf4time QUOTIENT, QUO1
000070 6A33               M                 clrf QUO1
000072 4030               M                 rrncf QUOTIENT, 0    ; Clear your destination first.
000074 40E8               M                 rrncf WREG, 0
000076 40E8               M                 rrncf WREG, 0
000078 40E8               M                 rrncf WREG, 0
00007A 6E33               M                 movwf QUO1
00007C 0E0F           00198         movlw b'00001111'
00007E 1633           00199         andwf QUO1, 1
                      00200         rrncf4time QUOTIENT, QUO2
000080 6A34               M                 clrf QUO2
000082 4030               M                 rrncf QUOTIENT, 0    ; Clear your destination first.
000084 40E8               M                 rrncf WREG, 0
000086 40E8               M                 rrncf WREG, 0
000088 40E8               M                 rrncf WREG, 0
00008A 6E34               M                 movwf QUO2
00008C 4234           00201         rrncf QUO2, 1
00008E 4234           00202         rrncf QUO2, 1
000090 4234           00203         rrncf QUO2, 1
000092 4234           00204         rrncf QUO2, 1
000094 0E0F           00205         movlw b'00001111'
000096 1634           00206         andwf QUO2, 1
                      00207         
                      00208         rrncf4time REMAINDERL, REM1
000098 6A23               M                 clrf REM1
00009A 4021               M                 rrncf REMAINDERL, 0  ; Clear your destination first.
00009C 40E8               M                 rrncf WREG, 0
00009E 40E8               M                 rrncf WREG, 0
0000A0 40E8               M                 rrncf WREG, 0
0000A2 6E23               M                 movwf REM1
0000A4 0E0F           00209         movlw b'00001111'
0000A6 1623           00210         andwf REM1, 1
                      00211         ;movff REMAINDERL, REM2
MPASM 5.81                           MID.ASM   11-19-2018  21:06:06         PAGE  6


LOC  OBJECT CODE     LINE SOURCE TEXT
  VALUE

                      00212         rrncf4time REMAINDERL, REM2
0000A8 6A24               M                 clrf REM2
0000AA 4021               M                 rrncf REMAINDERL, 0  ; Clear your destination first.
0000AC 40E8               M                 rrncf WREG, 0
0000AE 40E8               M                 rrncf WREG, 0
0000B0 40E8               M                 rrncf WREG, 0
0000B2 6E24               M                 movwf REM2
0000B4 4224           00213         rrncf REM2, 1
0000B6 4224           00214         rrncf REM2, 1
0000B8 4224           00215         rrncf REM2, 1
0000BA 4224           00216         rrncf REM2, 1
0000BC 0E0F           00217         movlw b'00001111'
0000BE 1624           00218         andwf REM2, 1
0000C0 0012           00219         return
0000C2                00220 mainLoop: 
0000C2 B060           00221     btfsc Button1Flag
0000C4 D???           00222     rcall q_blink
0000C6 B070           00223     btfsc Button2Flag
0000C8 D???           00224     rcall r_blink
0000CA D???           00225     bra mainLoop
                      00226           ; You must add some codes, then make your hardware is operated successfully.
                      00227           ; about intx of button , just pick any 2 from int0-int2
                      00228           ; Writing delay macro on interrupt service routine will get zero score.
                      00229           ; hint: Button1Flag&Button2Flag are good partners!
                      00230          
0000CC                00231 q_blink:        ; Designing Quotient_blink for Subroutine
0000CC 9060           00232     bcf Button1Flag, 0
                      00233     Delay d'200', d'360'
  0000                    M     local LOOP1
  0000                    M     local LOOP2
Warning[202]: Argument out of range.  Least significant bits used.
0000CE 0E68               M     movlw d'360' ;d'90' ;num2
0000D0 6E15               M     movwf L2
Warning[207]: Found label after column 1. (LOOP2)
0000D2                    M     LOOP2:
0000D2 0EC8               M         movlw d'200' ;d'200' ;num1
0000D4 6E14               M         movwf L1
Warning[207]: Found label after column 1. (LOOP1)
0000D6                    M     LOOP1:
0000D6 0000               M         NOP
0000D8 0000               M         NOP
0000DA 0000               M         NOP
0000DC 0000               M         NOP
0000DE 2E14               M         decfsz L1, 1
0000E0 EF?? F???          M             goto LOOP1; bra ->2 goto skip ->3
0000E4 2E15               M         decfsz L2, 1
0000E6 EF?? F???          M             goto LOOP2
0000EA C033 FF83      00234     movff QUO1, PORTD
                      00235     Delay d'200', d'720'
  0000                    M     local LOOP1
  0000                    M     local LOOP2
Warning[202]: Argument out of range.  Least significant bits used.
0000EE 0ED0               M     movlw d'720' ;d'90' ;num2
MPASM 5.81                           MID.ASM   11-19-2018  21:06:06         PAGE  7


LOC  OBJECT CODE     LINE SOURCE TEXT
  VALUE

0000F0 6E15               M     movwf L2
Warning[207]: Found label after column 1. (LOOP2)
0000F2                    M     LOOP2:
0000F2 0EC8               M         movlw d'200' ;d'200' ;num1
0000F4 6E14               M         movwf L1
Warning[207]: Found label after column 1. (LOOP1)
0000F6                    M     LOOP1:
0000F6 0000               M         NOP
0000F8 0000               M         NOP
0000FA 0000               M         NOP
0000FC 0000               M         NOP
0000FE 2E14               M         decfsz L1, 1
000100 EF?? F???          M             goto LOOP1; bra ->2 goto skip ->3
000104 2E15               M         decfsz L2, 1
000106 EF?? F???          M             goto LOOP2
00010A 6A83           00236     clrf PORTD
                      00237     Delay d'200', d'360'
  0000                    M     local LOOP1
  0000                    M     local LOOP2
Warning[202]: Argument out of range.  Least significant bits used.
00010C 0E68               M     movlw d'360' ;d'90' ;num2
00010E 6E15               M     movwf L2
Warning[207]: Found label after column 1. (LOOP2)
000110                    M     LOOP2:
000110 0EC8               M         movlw d'200' ;d'200' ;num1
000112 6E14               M         movwf L1
Warning[207]: Found label after column 1. (LOOP1)
000114                    M     LOOP1:
000114 0000               M         NOP
000116 0000               M         NOP
000118 0000               M         NOP
00011A 0000               M         NOP
00011C 2E14               M         decfsz L1, 1
00011E EF?? F???          M             goto LOOP1; bra ->2 goto skip ->3
000122 2E15               M         decfsz L2, 1
000124 EF?? F???          M             goto LOOP2
000128 C034 FF83      00238     movff QUO2, PORTD
                      00239     Delay d'200', d'720'
  0000                    M     local LOOP1
  0000                    M     local LOOP2
Warning[202]: Argument out of range.  Least significant bits used.
00012C 0ED0               M     movlw d'720' ;d'90' ;num2
00012E 6E15               M     movwf L2
Warning[207]: Found label after column 1. (LOOP2)
000130                    M     LOOP2:
000130 0EC8               M         movlw d'200' ;d'200' ;num1
000132 6E14               M         movwf L1
Warning[207]: Found label after column 1. (LOOP1)
000134                    M     LOOP1:
000134 0000               M         NOP
000136 0000               M         NOP
000138 0000               M         NOP
00013A 0000               M         NOP
MPASM 5.81                           MID.ASM   11-19-2018  21:06:06         PAGE  8


LOC  OBJECT CODE     LINE SOURCE TEXT
  VALUE

00013C 2E14               M         decfsz L1, 1
00013E EF?? F???          M             goto LOOP1; bra ->2 goto skip ->3
000142 2E15               M         decfsz L2, 1
000144 EF?? F???          M             goto LOOP2
000148 6A83           00240     clrf PORTD
00014A 0012           00241         return 
00014C                00242 r_blink:        ; Designing Remainder_blink for Subroutine
00014C 9070           00243     bcf Button2Flag, 0
                      00244     Delay d'200', d'360'
  0000                    M     local LOOP1
  0000                    M     local LOOP2
Warning[202]: Argument out of range.  Least significant bits used.
00014E 0E68               M     movlw d'360' ;d'90' ;num2
000150 6E15               M     movwf L2
Warning[207]: Found label after column 1. (LOOP2)
000152                    M     LOOP2:
000152 0EC8               M         movlw d'200' ;d'200' ;num1
000154 6E14               M         movwf L1
Warning[207]: Found label after column 1. (LOOP1)
000156                    M     LOOP1:
000156 0000               M         NOP
000158 0000               M         NOP
00015A 0000               M         NOP
00015C 0000               M         NOP
00015E 2E14               M         decfsz L1, 1
000160 EF?? F???          M             goto LOOP1; bra ->2 goto skip ->3
000164 2E15               M         decfsz L2, 1
000166 EF?? F???          M             goto LOOP2
00016A C023 FF83      00245     movff REM1, PORTD
                      00246     Delay d'200', d'720'
  0000                    M     local LOOP1
  0000                    M     local LOOP2
Warning[202]: Argument out of range.  Least significant bits used.
00016E 0ED0               M     movlw d'720' ;d'90' ;num2
000170 6E15               M     movwf L2
Warning[207]: Found label after column 1. (LOOP2)
000172                    M     LOOP2:
000172 0EC8               M         movlw d'200' ;d'200' ;num1
000174 6E14               M         movwf L1
Warning[207]: Found label after column 1. (LOOP1)
000176                    M     LOOP1:
000176 0000               M         NOP
000178 0000               M         NOP
00017A 0000               M         NOP
00017C 0000               M         NOP
00017E 2E14               M         decfsz L1, 1
000180 EF?? F???          M             goto LOOP1; bra ->2 goto skip ->3
000184 2E15               M         decfsz L2, 1
000186 EF?? F???          M             goto LOOP2
00018A 6A83           00247     clrf PORTD
                      00248     Delay d'200', d'360'
  0000                    M     local LOOP1
  0000                    M     local LOOP2
MPASM 5.81                           MID.ASM   11-19-2018  21:06:06         PAGE  9


LOC  OBJECT CODE     LINE SOURCE TEXT
  VALUE

Warning[202]: Argument out of range.  Least significant bits used.
00018C 0E68               M     movlw d'360' ;d'90' ;num2
00018E 6E15               M     movwf L2
Warning[207]: Found label after column 1. (LOOP2)
000190                    M     LOOP2:
000190 0EC8               M         movlw d'200' ;d'200' ;num1
000192 6E14               M         movwf L1
Warning[207]: Found label after column 1. (LOOP1)
000194                    M     LOOP1:
000194 0000               M         NOP
000196 0000               M         NOP
000198 0000               M         NOP
00019A 0000               M         NOP
00019C 2E14               M         decfsz L1, 1
00019E EF?? F???          M             goto LOOP1; bra ->2 goto skip ->3
0001A2 2E15               M         decfsz L2, 1
0001A4 EF?? F???          M             goto LOOP2
0001A8 C024 FF83      00249     movff REM2, PORTD
                      00250     Delay d'200', d'720'
  0000                    M     local LOOP1
  0000                    M     local LOOP2
Warning[202]: Argument out of range.  Least significant bits used.
0001AC 0ED0               M     movlw d'720' ;d'90' ;num2
0001AE 6E15               M     movwf L2
Warning[207]: Found label after column 1. (LOOP2)
0001B0                    M     LOOP2:
0001B0 0EC8               M         movlw d'200' ;d'200' ;num1
0001B2 6E14               M         movwf L1
Warning[207]: Found label after column 1. (LOOP1)
0001B4                    M     LOOP1:
0001B4 0000               M         NOP
0001B6 0000               M         NOP
0001B8 0000               M         NOP
0001BA 0000               M         NOP
0001BC 2E14               M         decfsz L1, 1
0001BE EF?? F???          M             goto LOOP1; bra ->2 goto skip ->3
0001C2 2E15               M         decfsz L2, 1
0001C4 EF?? F???          M             goto LOOP2
0001C8 6A83           00251     clrf PORTD
0001CA 0012           00252         return 
                      00253         
0001CC                00254 isr:    ; Don't create Delay here!
0001CC A2F2           00255         btfss INTCON, INT0IF
0001CE EF?? F???      00256         goto testBtn2
0001D2 92F2           00257         bcf INTCON, INT0IF
0001D4 8060           00258         bsf Button1Flag, 0
0001D6 0010           00259         retfie  
Warning[207]: Found label after column 1. (testBtn2)
0001D8                00260  testBtn2:
0001D8 B0F0           00261     btfsc INTCON3, INT1IF
0001DA 90F0           00262     bcf INTCON3, INT1IF
0001DC 8070           00263     bsf Button2Flag, 0
0001DE 0010           00264     retfie
MPASM 5.81                           MID.ASM   11-19-2018  21:06:06         PAGE 10


LOC  OBJECT CODE     LINE SOURCE TEXT
  VALUE

                      00265     
                      00266     END
MPASM 5.81                           MID.ASM   11-19-2018  21:06:06         PAGE 11


SYMBOL TABLE
  LABEL                             VALUE 

A                                 00000000
ABDEN                             00000000
ABDOVF                            00000007
ACCESS                            00000000
ACKDT                             00000005
ACKEN                             00000004
ACKSTAT                           00000006
ACQT0                             00000003
ACQT1                             00000004
ACQT2                             00000005
ADCON0                            00000FC2
ADCON1                            00000FC1
ADCON2                            00000FC0
ADCS0                             00000000
ADCS1                             00000001
ADCS2                             00000002
ADDEN                             00000003
ADEN                              00000003
ADFM                              00000007
ADIE                              00000006
ADIF                              00000006
ADIP                              00000006
ADMSK1                            00000001
ADMSK2                            00000002
ADMSK3                            00000003
ADMSK4                            00000004
ADMSK5                            00000005
ADON                              00000000
ADRES                             00000FC3
ADRESH                            00000FC4
ADRESL                            00000FC3
AN0                               00000000
AN1                               00000001
AN10                              00000001
AN11                              00000004
AN12                              00000000
AN2                               00000002
AN3                               00000003
AN4                               00000005
AN5                               00000000
AN6                               00000001
AN7                               00000002
AN8                               00000002
AN9                               00000003
BANKED                            00000001
BAUDCON                           00000FB8
BAUDCTL                           00000FB8
BCLIE                             00000003
BCLIF                             00000003
BCLIP                             00000003
BF                                00000000
BGST                              00000005
BOR                               00000000
MPASM 5.81                           MID.ASM   11-19-2018  21:06:06         PAGE 12


SYMBOL TABLE
  LABEL                             VALUE 

BRG16                             00000003
BRGH                              00000002
BSR                               00000FE0
Button1Flag                       0X60, 0
Button2Flag                       0X70, 0
C                                 00000000
C1INV                             00000004
C1OUT_CMCON                       00000006
C1OUT_PORTA                       00000004
C2INV                             00000005
C2OUT_CMCON                       00000007
C2OUT_PORTA                       00000005
CCP1                              00000002
CCP1CON                           00000FBD
CCP1IE                            00000002
CCP1IF                            00000002
CCP1IP                            00000002
CCP1M0                            00000000
CCP1M1                            00000001
CCP1M2                            00000002
CCP1M3                            00000003
CCP1X                             00000005
CCP1Y                             00000004
CCP2CON                           00000FBA
CCP2IE                            00000000
CCP2IF                            00000000
CCP2IP                            00000000
CCP2M0                            00000000
CCP2M1                            00000001
CCP2M2                            00000002
CCP2M3                            00000003
CCP2X                             00000005
CCP2Y                             00000004
CCP2_PORTB                        00000003
CCP2_PORTC                        00000001
CCPR1                             00000FBE
CCPR1H                            00000FBF
CCPR1L                            00000FBE
CCPR2                             00000FBB
CCPR2H                            00000FBC
CCPR2L                            00000FBB
CFGS                              00000006
CHS0                              00000002
CHS1                              00000003
CHS2                              00000004
CHS3                              00000005
CIS                               00000003
CK                                00000006
CKE                               00000006
CKP                               00000004
CLKI                              00000007
CLKO                              00000006
CM0                               00000000
MPASM 5.81                           MID.ASM   11-19-2018  21:06:06         PAGE 13


SYMBOL TABLE
  LABEL                             VALUE 

CM1                               00000001
CM2                               00000002
CMCON                             00000FB4
CMIE                              00000006
CMIF                              00000006
CMIP                              00000006
COUNT                             00000000
CREN                              00000004
CS                                00000002
CSRC                              00000007
CVR0                              00000000
CVR1                              00000001
CVR2                              00000002
CVR3                              00000003
CVRCON                            00000FB5
CVREF                             00000002
CVREN                             00000007
CVROE                             00000006
CVRR                              00000005
CVRSS                             00000004
D                                 00000005
DC                                00000001
DC1B0                             00000004
DC1B1                             00000005
DC2B0                             00000004
DC2B1                             00000005
DDRA                              TRISA
DDRB                              TRISB
DDRC                              TRISC
DDRD                              TRISD
DDRE                              TRISE
DIVISORH                          00000010
DIVISORL                          00000011
DONE                              00000001
D_A                               00000005
D_NOT_A                           00000005
Delay                             
Divide                            0000002A
ECCP1AS                           00000FB6
ECCP1DEL                          00000FB7
ECCPAS                            00000FB6
ECCPAS0                           00000004
ECCPAS1                           00000005
ECCPAS2                           00000006
ECCPASE                           00000007
EEADR                             00000FA9
EECON1                            00000FA6
EECON2                            00000FA7
EEDATA                            00000FA8
EEIE                              00000004
EEIF                              00000004
EEIP                              00000004
EEPGD                             00000007
MPASM 5.81                           MID.ASM   11-19-2018  21:06:06         PAGE 14


SYMBOL TABLE
  LABEL                             VALUE 

FAST                              00000001
FERR                              00000002
FLT0                              00000000
FLTS                              00000002
FREE                              00000004
FSR0                              00000000
FSR0H                             00000FEA
FSR0L                             00000FE9
FSR1                              00000001
FSR1H                             00000FE2
FSR1L                             00000FE1
FSR2                              00000002
FSR2H                             00000FDA
FSR2L                             00000FD9
GCEN                              00000007
GIE                               00000007
GIEH                              00000007
GIEL                              00000006
GIE_GIEH                          00000007
GO                                00000001
GO_DONE                           00000001
GO_NOT_DONE                       00000001
HLVDCON                           00000FD2
HLVDEN                            00000004
HLVDIE                            00000002
HLVDIF                            00000002
HLVDIN                            00000005
HLVDIP                            00000002
HLVDL0                            00000000
HLVDL1                            00000001
HLVDL2                            00000002
HLVDL3                            00000003
IBF                               00000007
IBOV                              00000005
IDLEN                             00000007
INDF0                             00000FEF
INDF1                             00000FE7
INDF2                             00000FDF
INT0                              00000000
INT0E                             00000004
INT0F                             00000001
INT0IE                            00000004
INT0IF                            00000001
INT1                              00000001
INT1E                             00000003
INT1F                             00000000
INT1IE                            00000003
INT1IF                            00000000
INT1IP                            00000006
INT1P                             00000006
INT2                              00000002
INT2E                             00000004
INT2F                             00000001
MPASM 5.81                           MID.ASM   11-19-2018  21:06:06         PAGE 15


SYMBOL TABLE
  LABEL                             VALUE 

INT2IE                            00000004
INT2IF                            00000001
INT2IP                            00000007
INT2P                             00000007
INTCON                            00000FF2
INTCON2                           00000FF1
INTCON3                           00000FF0
INTEDG0                           00000006
INTEDG1                           00000005
INTEDG2                           00000004
INTSRC                            00000007
IOFS                              00000002
IPEN                              00000007
IPR1                              00000F9F
IPR2                              00000FA2
IRCF0                             00000004
IRCF1                             00000005
IRCF2                             00000006
IRVST                             00000005
IVRST                             00000005
Init                              0000000A
Input1H                           0000000F
Input1L                           0000007C
Input2                            0000006F
KBI0                              00000004
KBI1                              00000005
KBI2                              00000006
KBI3                              00000007
L1                                00000014
L2                                00000015
LATA                              00000F89
LATA0                             00000000
LATA1                             00000001
LATA2                             00000002
LATA3                             00000003
LATA4                             00000004
LATA5                             00000005
LATA6                             00000006
LATA7                             00000007
LATB                              00000F8A
LATB0                             00000000
LATB1                             00000001
LATB2                             00000002
LATB3                             00000003
LATB4                             00000004
LATB5                             00000005
LATB6                             00000006
LATB7                             00000007
LATC                              00000F8B
LATC0                             00000000
LATC1                             00000001
LATC2                             00000002
LATC3                             00000003
MPASM 5.81                           MID.ASM   11-19-2018  21:06:06         PAGE 16


SYMBOL TABLE
  LABEL                             VALUE 

LATC4                             00000004
LATC5                             00000005
LATC6                             00000006
LATC7                             00000007
LATD                              00000F8C
LATD0                             00000000
LATD1                             00000001
LATD2                             00000002
LATD3                             00000003
LATD4                             00000004
LATD5                             00000005
LATD6                             00000006
LATD7                             00000007
LATE                              00000F8D
LATE0                             00000000
LATE1                             00000001
LATE2                             00000002
LVDCON                            00000FD2
LVDEN                             00000004
LVDIE                             00000002
LVDIF                             00000002
LVDIN                             00000005
LVDIP                             00000002
LVDL0                             00000000
LVDL1                             00000001
LVDL2                             00000002
LVDL3                             00000003
LVV0                              00000000
LVV1                              00000001
LVV2                              00000002
LVV3                              00000003
MCLR                              00000003
N                                 00000004
NOT_A                             00000005
NOT_ADDRESS                       00000005
NOT_BOR                           00000000
NOT_CS                            00000002
NOT_DONE                          00000001
NOT_MCLR                          00000003
NOT_PD                            00000002
NOT_POR                           00000001
NOT_RBPU                          00000007
NOT_RD                            00000000
NOT_RI                            00000004
NOT_SS                            00000005
NOT_T1SYNC                        00000002
NOT_T3SYNC                        00000002
NOT_TO                            00000003
NOT_W                             00000002
NOT_WR                            00000001
NOT_WRITE                         00000002
OBF                               00000006
OERR                              00000001
MPASM 5.81                           MID.ASM   11-19-2018  21:06:06         PAGE 17


SYMBOL TABLE
  LABEL                             VALUE 

OSC1                              00000007
OSC2                              00000006
OSCCON                            00000FD3
OSCFIE                            00000007
OSCFIF                            00000007
OSCFIP                            00000007
OSCTUNE                           00000F9B
OSTS                              00000003
OV                                00000003
P                                 00000004
P1A                               00000002
P1B                               00000005
P1C                               00000006
P1D                               00000007
P1M0                              00000006
P1M1                              00000007
PC                                00000FF9
PCFG0                             00000000
PCFG1                             00000001
PCFG2                             00000002
PCFG3                             00000003
PCL                               00000FF9
PCLATH                            00000FFA
PCLATU                            00000FFB
PD                                00000002
PDC0                              00000000
PDC1                              00000001
PDC2                              00000002
PDC3                              00000003
PDC4                              00000004
PDC5                              00000005
PDC6                              00000006
PEIE                              00000006
PEIE_GIEL                         00000006
PEN                               00000002
PGC                               00000006
PGD                               00000007
PGM                               00000005
PIE1                              00000F9D
PIE2                              00000FA0
PIR1                              00000F9E
PIR2                              00000FA1
PLLEN                             00000006
PLUSW0                            00000FEB
PLUSW1                            00000FE3
PLUSW2                            00000FDB
POR                               00000001
PORTA                             00000F80
PORTB                             00000F81
PORTC                             00000F82
PORTD                             00000F83
PORTE                             00000F84
POSTDEC0                          00000FED
MPASM 5.81                           MID.ASM   11-19-2018  21:06:06         PAGE 18


SYMBOL TABLE
  LABEL                             VALUE 

POSTDEC1                          00000FE5
POSTDEC2                          00000FDD
POSTINC0                          00000FEE
POSTINC1                          00000FE6
POSTINC2                          00000FDE
PR2                               00000FCB
PREINC0                           00000FEC
PREINC1                           00000FE4
PREINC2                           00000FDC
PROD                              00000FF3
PRODH                             00000FF4
PRODL                             00000FF3
PRSEN                             00000007
PSA                               00000003
PSP0                              00000000
PSP1                              00000001
PSP2                              00000002
PSP3                              00000003
PSP4                              00000004
PSP5                              00000005
PSP6                              00000006
PSP7                              00000007
PSPIE                             00000007
PSPIF                             00000007
PSPIP                             00000007
PSPMODE                           00000004
PSSAC0                            00000002
PSSAC1                            00000003
PSSBD0                            00000000
PSSBD1                            00000001
PWM1CON                           00000FB7
QUO1                              00000033
QUO2                              00000034
QUOTIENT                          00000030
R                                 00000002
RA0                               00000000
RA1                               00000001
RA2                               00000002
RA3                               00000003
RA4                               00000004
RA5                               00000005
RA6                               00000006
RA7                               00000007
RB0                               00000000
RB1                               00000001
RB2                               00000002
RB3                               00000003
RB4                               00000004
RB5                               00000005
RB6                               00000006
RB7                               00000007
RBIE                              00000003
RBIF                              00000000
MPASM 5.81                           MID.ASM   11-19-2018  21:06:06         PAGE 19


SYMBOL TABLE
  LABEL                             VALUE 

RBIP                              00000000
RBPU                              00000007
RC0                               00000000
RC1                               00000001
RC2                               00000002
RC3                               00000003
RC4                               00000004
RC5                               00000005
RC6                               00000006
RC7                               00000007
RCEN                              00000003
RCIDL                             00000006
RCIE                              00000005
RCIF                              00000005
RCIP                              00000005
RCMT                              00000006
RCON                              00000FD0
RCREG                             00000FAE
RCSTA                             00000FAB
RD                                00000000
RD0                               00000000
RD1                               00000001
RD16                              00000007
RD2                               00000002
RD3                               00000003
RD4                               00000004
RD5                               00000005
RD6                               00000006
RD7                               00000007
RE0                               00000000
RE1                               00000001
RE2                               00000002
RE3                               00000003
REM1                              00000023
REM2                              00000024
REMAINDERH                        00000020
REMAINDERL                        00000021
RI                                00000004
RSEN                              00000001
RX                                00000007
RX9                               00000006
RX9D                              00000000
RXDTP                             00000005
R_NOT_W                           00000002
R_W                               00000002
S                                 00000003
SBOREN                            00000006
SCK                               00000003
SCKP                              00000004
SCL                               00000003
SCS0                              00000000
SCS1                              00000001
SDA                               00000004
MPASM 5.81                           MID.ASM   11-19-2018  21:06:06         PAGE 20


SYMBOL TABLE
  LABEL                             VALUE 

SDI                               00000004
SDO                               00000005
SEN                               00000000
SENDB                             00000003
SMP                               00000007
SP0                               00000000
SP1                               00000001
SP2                               00000002
SP3                               00000003
SP4                               00000004
SPBRG                             00000FAF
SPBRGH                            00000FB0
SPEN                              00000007
SREN                              00000005
SS                                00000005
SSPADD                            00000FC8
SSPBUF                            00000FC9
SSPCON1                           00000FC6
SSPCON2                           00000FC5
SSPEN                             00000005
SSPIE                             00000003
SSPIF                             00000003
SSPIP                             00000003
SSPM0                             00000000
SSPM1                             00000001
SSPM2                             00000002
SSPM3                             00000003
SSPOV                             00000006
SSPSTAT                           00000FC7
STATUS                            00000FD8
STKFUL                            00000007
STKOVF                            00000007
STKPTR                            00000FFC
STKUNF                            00000006
SWDTE                             00000000
SWDTEN                            00000000
SYNC                              00000004
T016BIT                           00000006
T08BIT                            00000006
T0CKI                             00000004
T0CON                             00000FD5
T0CS                              00000005
T0IE                              00000005
T0IF                              00000002
T0PS0                             00000000
T0PS1                             00000001
T0PS2                             00000002
T0PS3                             00000003
T0SE                              00000004
T13CKI                            00000000
T1CKI                             00000000
T1CKPS0                           00000004
T1CKPS1                           00000005
MPASM 5.81                           MID.ASM   11-19-2018  21:06:06         PAGE 21


SYMBOL TABLE
  LABEL                             VALUE 

T1CON                             00000FCD
T1OSCEN                           00000003
T1OSI                             00000001
T1OSO                             00000000
T1RUN                             00000006
T1SYNC                            00000002
T2CKPS0                           00000000
T2CKPS1                           00000001
T2CON                             00000FCA
T2OUTPS0                          00000003
T2OUTPS1                          00000004
T2OUTPS2                          00000005
T2OUTPS3                          00000006
T3CCP1                            00000003
T3CCP2                            00000006
T3CKPS0                           00000004
T3CKPS1                           00000005
T3CON                             00000FB1
T3SYNC                            00000002
TABLAT                            00000FF5
TBLPTR                            00000FF6
TBLPTRH                           00000FF7
TBLPTRL                           00000FF6
TBLPTRU                           00000FF8
TMR0                              00000FD6
TMR0H                             00000FD7
TMR0IE                            00000005
TMR0IF                            00000002
TMR0IP                            00000002
TMR0L                             00000FD6
TMR0ON                            00000007
TMR1                              00000FCE
TMR1CS                            00000001
TMR1H                             00000FCF
TMR1IE                            00000000
TMR1IF                            00000000
TMR1IP                            00000000
TMR1L                             00000FCE
TMR1ON                            00000000
TMR2                              00000FCC
TMR2IE                            00000001
TMR2IF                            00000001
TMR2IP                            00000001
TMR2ON                            00000002
TMR3                              00000FB2
TMR3CS                            00000001
TMR3H                             00000FB3
TMR3IE                            00000001
TMR3IF                            00000001
TMR3IP                            00000001
TMR3L                             00000FB2
TMR3ON                            00000000
TO                                00000003
MPASM 5.81                           MID.ASM   11-19-2018  21:06:06         PAGE 22


SYMBOL TABLE
  LABEL                             VALUE 

TOS                               00000FFD
TOSH                              00000FFE
TOSL                              00000FFD
TOSU                              00000FFF
TOUTPS0                           00000003
TOUTPS1                           00000004
TOUTPS2                           00000005
TOUTPS3                           00000006
TRISA                             00000F92
TRISA0                            00000000
TRISA1                            00000001
TRISA2                            00000002
TRISA3                            00000003
TRISA4                            00000004
TRISA5                            00000005
TRISA6                            00000006
TRISA7                            00000007
TRISB                             00000F93
TRISB0                            00000000
TRISB1                            00000001
TRISB2                            00000002
TRISB3                            00000003
TRISB4                            00000004
TRISB5                            00000005
TRISB6                            00000006
TRISB7                            00000007
TRISC                             00000F94
TRISC0                            00000000
TRISC1                            00000001
TRISC2                            00000002
TRISC3                            00000003
TRISC4                            00000004
TRISC5                            00000005
TRISC6                            00000006
TRISC7                            00000007
TRISD                             00000F95
TRISD0                            00000000
TRISD1                            00000001
TRISD2                            00000002
TRISD3                            00000003
TRISD4                            00000004
TRISD5                            00000005
TRISD6                            00000006
TRISD7                            00000007
TRISE                             00000F96
TRISE0                            00000000
TRISE1                            00000001
TRISE2                            00000002
TRMT                              00000001
TUN0                              00000000
TUN1                              00000001
TUN2                              00000002
TUN3                              00000003
MPASM 5.81                           MID.ASM   11-19-2018  21:06:06         PAGE 23


SYMBOL TABLE
  LABEL                             VALUE 

TUN4                              00000004
TX                                00000006
TX9                               00000006
TX9D                              00000000
TXCKP                             00000004
TXEN                              00000005
TXIE                              00000004
TXIF                              00000004
TXIP                              00000004
TXREG                             00000FAD
TXSTA                             00000FAC
Transfer                          00000070
UA                                00000001
VCFG0                             00000004
VCFG1                             00000005
VDIRMAG                           00000007
VPP                               00000003
VREFN                             00000002
VREFP                             00000003
W                                 00000000
WCOL                              00000007
WDTCON                            00000FD1
WR                                00000001
WREG                              00000FE8
WREN                              00000002
WRERR                             00000003
WUE                               00000001
Z                                 00000002
_BOREN_NOSLP_2L                   000000FD
_BOREN_OFF_2L                     000000F9
_BOREN_ON_2L                      000000FB
_BOREN_SBORDIS_2L                 000000FF
_BORV_0_2L                        000000E7
_BORV_1_2L                        000000EF
_BORV_2_2L                        000000F7
_BORV_3_2L                        000000FF
_CCP2MX_PORTBE_3H                 000000FE
_CCP2MX_PORTC_3H                  000000FF
_CONFIG1H                         00300001
_CONFIG2H                         00300003
_CONFIG2L                         00300002
_CONFIG3H                         00300005
_CONFIG4L                         00300006
_CONFIG5H                         00300009
_CONFIG5L                         00300008
_CONFIG6H                         0030000B
_CONFIG6L                         0030000A
_CONFIG7H                         0030000D
_CONFIG7L                         0030000C
_CP0_OFF_5L                       000000FF
_CP0_ON_5L                        000000FE
_CP1_OFF_5L                       000000FF
_CP1_ON_5L                        000000FD
MPASM 5.81                           MID.ASM   11-19-2018  21:06:06         PAGE 24


SYMBOL TABLE
  LABEL                             VALUE 

_CP2_OFF_5L                       000000FF
_CP2_ON_5L                        000000FB
_CP3_OFF_5L                       000000FF
_CP3_ON_5L                        000000F7
_CPB_OFF_5H                       000000FF
_CPB_ON_5H                        000000BF
_CPD_OFF_5H                       000000FF
_CPD_ON_5H                        0000007F
_DEBUG_OFF_4L                     000000FF
_DEBUG_ON_4L                      0000007F
_DEVID1                           003FFFFE
_DEVID2                           003FFFFF
_EBTR0_OFF_7L                     000000FF
_EBTR0_ON_7L                      000000FE
_EBTR1_OFF_7L                     000000FF
_EBTR1_ON_7L                      000000FD
_EBTR2_OFF_7L                     000000FF
_EBTR2_ON_7L                      000000FB
_EBTR3_OFF_7L                     000000FF
_EBTR3_ON_7L                      000000F7
_EBTRB_OFF_7H                     000000FF
_EBTRB_ON_7H                      000000BF
_FCMEN_OFF_1H                     000000BF
_FCMEN_ON_1H                      000000FF
_IDLOC0                           00200000
_IDLOC1                           00200001
_IDLOC2                           00200002
_IDLOC3                           00200003
_IDLOC4                           00200004
_IDLOC5                           00200005
_IDLOC6                           00200006
_IDLOC7                           00200007
_IESO_OFF_1H                      0000007F
_IESO_ON_1H                       000000FF
_LPT1OSC_OFF_3H                   000000FB
_LPT1OSC_ON_3H                    000000FF
_LVP_OFF_4L                       000000FB
_LVP_ON_4L                        000000FF
_MCLRE_OFF_3H                     0000007F
_MCLRE_ON_3H                      000000FF
_OSC_ECIO6_1H                     000000F5
_OSC_EC_1H                        000000F4
_OSC_HSPLL_1H                     000000F6
_OSC_HS_1H                        000000F2
_OSC_INTIO67_1H                   000000F8
_OSC_INTIO7_1H                    000000F9
_OSC_LP_1H                        000000F0
_OSC_RCIO6_1H                     000000F7
_OSC_RC_1H                        000000F3
_OSC_XT_1H                        000000F1
_PBADEN_OFF_3H                    000000FD
_PBADEN_ON_3H                     000000FF
_PWRT_OFF_2L                      000000FF
MPASM 5.81                           MID.ASM   11-19-2018  21:06:06         PAGE 25


SYMBOL TABLE
  LABEL                             VALUE 

_PWRT_ON_2L                       000000FE
_STVREN_OFF_4L                    000000FE
_STVREN_ON_4L                     000000FF
_WDTPS_1024_2H                    000000F5
_WDTPS_128_2H                     000000EF
_WDTPS_16384_2H                   000000FD
_WDTPS_16_2H                      000000E9
_WDTPS_1_2H                       000000E1
_WDTPS_2048_2H                    000000F7
_WDTPS_256_2H                     000000F1
_WDTPS_2_2H                       000000E3
_WDTPS_32768_2H                   000000FF
_WDTPS_32_2H                      000000EB
_WDTPS_4096_2H                    000000F9
_WDTPS_4_2H                       000000E5
_WDTPS_512_2H                     000000F3
_WDTPS_64_2H                      000000ED
_WDTPS_8192_2H                    000000FB
_WDTPS_8_2H                       000000E7
_WDT_OFF_2H                       000000FE
_WDT_ON_2H                        000000FF
_WRT0_OFF_6L                      000000FF
_WRT0_ON_6L                       000000FE
_WRT1_OFF_6L                      000000FF
_WRT1_ON_6L                       000000FD
_WRT2_OFF_6L                      000000FF
_WRT2_ON_6L                       000000FB
_WRT3_OFF_6L                      000000FF
_WRT3_ON_6L                       000000F7
_WRTB_OFF_6H                      000000FF
_WRTB_ON_6H                       000000BF
_WRTC_OFF_6H                      000000FF
_WRTC_ON_6H                       000000DF
_WRTD_OFF_6H                      000000FF
_WRTD_ON_6H                       0000007F
_XINST_OFF_4L                     000000BF
_XINST_ON_4L                      000000FF
__18F4520                         00000001
isr                               000001CC
loop                              0000003E
mainLoop                          000000C2
next                              00000064
q_blink                           000000CC
quotient_neg                      00000054
r_blink                           0000014C
rrncf4time                        
testBtn2                          000001D8

Errors   :     0
Warnings :    34 reported,     0 suppressed
Messages :     0 reported,     0 suppressed

