

Microchip Technology PIC18 LITE Macro Assembler V2.00 build -1524193055 
                                                                                               Thu Dec 13 16:07:35 2018

Microchip Technology Omniscient Code Generator v2.00 (Free mode) build 20180527130849
     1  0000                     
     2                           ; Version 2.00
     3                           ; Generated 27/05/2018 GMT
     4                           
     5                           ; 
     6                           ; Copyright © 2018, Microchip Technology Inc. and its subsidiaries ("Microchip")
     7                           ; All rights reserved.
     8                           ; 
     9                           ; This software is developed by Microchip Technology Inc. and its subsidiaries ("Microch
                                 ip").
    10                           ; 
    11                           ; Redistribution and use in source and binary forms, with or without modification, are
    12                           ; permitted provided that the following conditions are met:
    13                           ; 
    14                           ;     1. Redistributions of source code must retain the above copyright notice, this lis
                                 t of
    15                           ;        conditions and the following disclaimer.
    16                           ; 
    17                           ;     2. Redistributions in binary form must reproduce the above copyright notice, this 
                                 list
    18                           ;        of conditions and the following disclaimer in the documentation and/or other
    19                           ;        materials provided with the distribution.
    20                           ; 
    21                           ;     3. Microchip's name may not be used to endorse or promote products derived from th
                                 is
    22                           ;        software without specific prior written permission.
    23                           ; 
    24                           ; THIS SOFTWARE IS PROVIDED BY MICROCHIP "AS IS" AND ANY EXPRESS OR IMPLIED WARRANTIES,

    25                           ; INCLUDING, BUT NOT LIMITED TO, THE IMPLIED WARRANTIES OF MERCHANTABILITY AND FITNESS F
                                 OR
    26                           ; PURPOSE ARE DISCLAIMED.  IN NO EVENT SHALL MICROCHIP BE LIABLE FOR ANY DIRECT, INDIREC
                                 T,
    27                           ; INCIDENTAL, SPECIAL, EXEMPLARY, OR CONSEQUENTIAL DAMAGES (INCLUDING BUT NOT LIMITED TO
                                 
    28                           ; PROCUREMENT OF SUBSTITUTE GOODS OR SERVICES; LOSS OF USE, DATA OR PROFITS; OR BUSINESS
                                 
    29                           ; INTERRUPTION) HOWSOEVER CAUSED AND ON ANY THEORY OF LIABILITY, WHETHER IN CONTRACT, ST
                                 RICT
    30                           ; LIABILITY, OR TORT (INCLUDING NEGLIGENCE OR OTHERWISE) ARISING IN ANY WAY OUT OF THE U
                                 SE OF
    31                           ; THIS SOFTWARE, EVEN IF ADVISED OF THE POSSIBILITY OF SUCH DAMAGE.
    32                           ; 
    33                           
    34                           
    35                           ; 
    36                           ; Code-generator required, PIC18F4520 Definitions
    37                           ; 
    38  0000                     fsr0 equ 0FE9h
    39  0000                     fsr0h equ 0FEAh
    40  0000                     fsr0l equ 0FE9h
    41  0000                     fsr1 equ 0FE1h
    42  0000                     fsr1h equ 0FE2h
    43  0000                     fsr1l equ 0FE1h
    44  0000                     fsr2 equ 0FD9h
    45  0000                     fsr2h equ 0FDAh
    46  0000                     fsr2l equ 0FD9h
    47  0000                     indf0 equ 0FEFh
    48  0000                     indf1 equ 0FE7h
    49  0000                     indf2 equ 0FDFh
    50  0000                     intcon equ 0FF2h
    51  0000                     nvmcon equ 00h
    52  0000                     pcl equ 0FF9h
    53  0000                     pclath equ 0FFAh
    54  0000                     pclatu equ 0FFBh
    55  0000                     plusw0 equ 0FEBh
    56  0000                     plusw1 equ 0FE3h
    57  0000                     plusw2 equ 0FDBh
    58  0000                     postdec0 equ 0FEDh
    59  0000                     postdec1 equ 0FE5h
    60  0000                     postdec2 equ 0FDDh
    61  0000                     postinc0 equ 0FEEh
    62  0000                     postinc1 equ 0FE6h
    63  0000                     postinc2 equ 0FDEh
    64  0000                     preinc0 equ 0FECh
    65  0000                     preinc1 equ 0FE4h
    66  0000                     preinc2 equ 0FDCh
    67  0000                     prod equ 0FF3h
    68  0000                     prodh equ 0FF4h
    69  0000                     prodl equ 0FF3h
    70  0000                     status equ 0FD8h
    71  0000                     tablat equ 0FF5h
    72  0000                     tblptr equ 0FF6h
    73  0000                     tblptrh equ 0FF7h
    74  0000                     tblptrl equ 0FF6h
    75  0000                     tblptru equ 0FF8h
    76  0000                     tosl equ 0FFDh
    77  0000                     wreg equ 0FE8h
    78  0000                     
     2                           opt pagewidth 120
     3  0000                     byte0	macro	val
     4                           	(getbyte(val,0))
     5                           endm
     6  0000                     byte1	macro	val
     7                           	(getbyte(val,1))
     8                           endm
     9  0000                     byte2	macro	val
    10                           	(getbyte(val,2))
    11                           endm
    12  0000                     byte3	macro	val
    13                           	(getbyte(val,3))
    14                           endm
    15  0000                     byte4	macro	val
    16                           	(getbyte(val,4))
    17                           endm
    18  0000                     byte5	macro	val
    19                           	(getbyte(val,5))
    20                           endm
    21  0000                     byte6	macro	val
    22                           	(getbyte(val,6))
    23                           endm
    24  0000                     byte7	macro	val
    25                           	(getbyte(val,7))
    26                           endm
    27  0000                     getword	macro	val,pos
    28                           	(((val) >> (8 * pos)) and 0xffff)
    29                           endm
    30  0000                     word0	macro	val
    31                           	(getword(val,0))
    32                           endm
    33  0000                     word1	macro	val
    34                           	(getword(val,2))
    35                           endm
    36  0000                     word2	macro	val
    37                           	(getword(val,4))
    38                           endm
    39  0000                     word3	macro	val
    40                           	(getword(val,6))
    41                           endm
    42  0000                     gettword	macro	val,pos
    43                           	(((val) >> (8 * pos)) and 0xffffff)
    44                           endm
    45  0000                     tword0	macro	val
    46                           	(gettword(val,0))
    47                           endm
    48  0000                     tword1	macro	val
    49                           	(gettword(val,3))
    50                           endm
    51  0000                     tword2	macro	val
    52                           	(gettword(val,6))
    53                           endm
    54  0000                     getdword	macro	val,pos
    55                           	(((val) >> (8 * pos)) and 0xffffffff)
    56                           endm
    57  0000                     dword0	macro	val
    58                           	(getdword(val,0))
    59                           endm
    60  0000                     dword1	macro	val
    61                           	(getdword(val,4))
    62                           endm
    63  0000                     clrc   macro
    64                           	bcf	status,0
    65                           endm
    66  0000                     setc   macro
    67                           	bsf	status,0
    68                           endm
    69  0000                     clrz   macro
    70                           	bcf	status,2
    71                           endm
    72  0000                     setz   macro
    73                           	bsf	status,2
    74                           endm
    75  0000                     skipnz macro
    76                           	btfsc	status,2
    77                           endm
    78  0000                     skipz  macro
    79                           	btfss	status,2
    80                           endm
    81  0000                     skipnc macro
    82                           	btfsc	status,0
    83                           endm
    84  0000                     skipc  macro
    85                           	btfss	status,0
    86                           endm
    87  0000                     pushw macro
    88                           	movwf postinc1
    89                           endm
    90  0000                     pushf macro arg1
    91                           	movff arg1, postinc1
    92                           endm
    93  0000                     popw macro
    94                           	movf postdec1,f
    95                           	movf indf1,w
    96                           endm
    97  0000                     popf macro arg1
    98                           	movf postdec1,f
    99                           	movff indf1,arg1
   100                           endm
   101  0000                     popfc macro arg1
   102                           	movff plusw1,arg1
   103                           	decfsz fsr1,f
   104                           endm
   105  0000                     	global	__ramtop
   106                           	global	__accesstop
   107                           # 54 "C:\Program Files (x86)\Microchip\xc8\v2.00\pic\include\pic18f4520.h"
   108                           PORTA equ 0F80h ;# 
   109  0000                     # 273 "C:\Program Files (x86)\Microchip\xc8\v2.00\pic\include\pic18f4520.h"
   110                           PORTB equ 0F81h ;# 
   111  0000                     # 452 "C:\Program Files (x86)\Microchip\xc8\v2.00\pic\include\pic18f4520.h"
   112                           PORTC equ 0F82h ;# 
   113  0000                     # 634 "C:\Program Files (x86)\Microchip\xc8\v2.00\pic\include\pic18f4520.h"
   114                           PORTD equ 0F83h ;# 
   115  0000                     # 776 "C:\Program Files (x86)\Microchip\xc8\v2.00\pic\include\pic18f4520.h"
   116                           PORTE equ 0F84h ;# 
   117  0000                     # 979 "C:\Program Files (x86)\Microchip\xc8\v2.00\pic\include\pic18f4520.h"
   118                           LATA equ 0F89h ;# 
   119  0000                     # 1091 "C:\Program Files (x86)\Microchip\xc8\v2.00\pic\include\pic18f4520.h"
   120                           LATB equ 0F8Ah ;# 
   121  0000                     # 1203 "C:\Program Files (x86)\Microchip\xc8\v2.00\pic\include\pic18f4520.h"
   122                           LATC equ 0F8Bh ;# 
   123  0000                     # 1315 "C:\Program Files (x86)\Microchip\xc8\v2.00\pic\include\pic18f4520.h"
   124                           LATD equ 0F8Ch ;# 
   125  0000                     # 1427 "C:\Program Files (x86)\Microchip\xc8\v2.00\pic\include\pic18f4520.h"
   126                           LATE equ 0F8Dh ;# 
   127  0000                     # 1479 "C:\Program Files (x86)\Microchip\xc8\v2.00\pic\include\pic18f4520.h"
   128                           TRISA equ 0F92h ;# 
   129  0000                     # 1484 "C:\Program Files (x86)\Microchip\xc8\v2.00\pic\include\pic18f4520.h"
   130                           DDRA equ 0F92h ;# 
   131  0000                     # 1701 "C:\Program Files (x86)\Microchip\xc8\v2.00\pic\include\pic18f4520.h"
   132                           TRISB equ 0F93h ;# 
   133  0000                     # 1706 "C:\Program Files (x86)\Microchip\xc8\v2.00\pic\include\pic18f4520.h"
   134                           DDRB equ 0F93h ;# 
   135  0000                     # 1923 "C:\Program Files (x86)\Microchip\xc8\v2.00\pic\include\pic18f4520.h"
   136                           TRISC equ 0F94h ;# 
   137  0000                     # 1928 "C:\Program Files (x86)\Microchip\xc8\v2.00\pic\include\pic18f4520.h"
   138                           DDRC equ 0F94h ;# 
   139  0000                     # 2145 "C:\Program Files (x86)\Microchip\xc8\v2.00\pic\include\pic18f4520.h"
   140                           TRISD equ 0F95h ;# 
   141  0000                     # 2150 "C:\Program Files (x86)\Microchip\xc8\v2.00\pic\include\pic18f4520.h"
   142                           DDRD equ 0F95h ;# 
   143  0000                     # 2367 "C:\Program Files (x86)\Microchip\xc8\v2.00\pic\include\pic18f4520.h"
   144                           TRISE equ 0F96h ;# 
   145  0000                     # 2372 "C:\Program Files (x86)\Microchip\xc8\v2.00\pic\include\pic18f4520.h"
   146                           DDRE equ 0F96h ;# 
   147  0000                     # 2531 "C:\Program Files (x86)\Microchip\xc8\v2.00\pic\include\pic18f4520.h"
   148                           OSCTUNE equ 0F9Bh ;# 
   149  0000                     # 2596 "C:\Program Files (x86)\Microchip\xc8\v2.00\pic\include\pic18f4520.h"
   150                           PIE1 equ 0F9Dh ;# 
   151  0000                     # 2673 "C:\Program Files (x86)\Microchip\xc8\v2.00\pic\include\pic18f4520.h"
   152                           PIR1 equ 0F9Eh ;# 
   153  0000                     # 2750 "C:\Program Files (x86)\Microchip\xc8\v2.00\pic\include\pic18f4520.h"
   154                           IPR1 equ 0F9Fh ;# 
   155  0000                     # 2827 "C:\Program Files (x86)\Microchip\xc8\v2.00\pic\include\pic18f4520.h"
   156                           PIE2 equ 0FA0h ;# 
   157  0000                     # 2893 "C:\Program Files (x86)\Microchip\xc8\v2.00\pic\include\pic18f4520.h"
   158                           PIR2 equ 0FA1h ;# 
   159  0000                     # 2959 "C:\Program Files (x86)\Microchip\xc8\v2.00\pic\include\pic18f4520.h"
   160                           IPR2 equ 0FA2h ;# 
   161  0000                     # 3025 "C:\Program Files (x86)\Microchip\xc8\v2.00\pic\include\pic18f4520.h"
   162                           EECON1 equ 0FA6h ;# 
   163  0000                     # 3091 "C:\Program Files (x86)\Microchip\xc8\v2.00\pic\include\pic18f4520.h"
   164                           EECON2 equ 0FA7h ;# 
   165  0000                     # 3098 "C:\Program Files (x86)\Microchip\xc8\v2.00\pic\include\pic18f4520.h"
   166                           EEDATA equ 0FA8h ;# 
   167  0000                     # 3105 "C:\Program Files (x86)\Microchip\xc8\v2.00\pic\include\pic18f4520.h"
   168                           EEADR equ 0FA9h ;# 
   169  0000                     # 3112 "C:\Program Files (x86)\Microchip\xc8\v2.00\pic\include\pic18f4520.h"
   170                           RCSTA equ 0FABh ;# 
   171  0000                     # 3117 "C:\Program Files (x86)\Microchip\xc8\v2.00\pic\include\pic18f4520.h"
   172                           RCSTA1 equ 0FABh ;# 
   173  0000                     # 3322 "C:\Program Files (x86)\Microchip\xc8\v2.00\pic\include\pic18f4520.h"
   174                           TXSTA equ 0FACh ;# 
   175  0000                     # 3327 "C:\Program Files (x86)\Microchip\xc8\v2.00\pic\include\pic18f4520.h"
   176                           TXSTA1 equ 0FACh ;# 
   177  0000                     # 3578 "C:\Program Files (x86)\Microchip\xc8\v2.00\pic\include\pic18f4520.h"
   178                           TXREG equ 0FADh ;# 
   179  0000                     # 3583 "C:\Program Files (x86)\Microchip\xc8\v2.00\pic\include\pic18f4520.h"
   180                           TXREG1 equ 0FADh ;# 
   181  0000                     # 3590 "C:\Program Files (x86)\Microchip\xc8\v2.00\pic\include\pic18f4520.h"
   182                           RCREG equ 0FAEh ;# 
   183  0000                     # 3595 "C:\Program Files (x86)\Microchip\xc8\v2.00\pic\include\pic18f4520.h"
   184                           RCREG1 equ 0FAEh ;# 
   185  0000                     # 3602 "C:\Program Files (x86)\Microchip\xc8\v2.00\pic\include\pic18f4520.h"
   186                           SPBRG equ 0FAFh ;# 
   187  0000                     # 3607 "C:\Program Files (x86)\Microchip\xc8\v2.00\pic\include\pic18f4520.h"
   188                           SPBRG1 equ 0FAFh ;# 
   189  0000                     # 3614 "C:\Program Files (x86)\Microchip\xc8\v2.00\pic\include\pic18f4520.h"
   190                           SPBRGH equ 0FB0h ;# 
   191  0000                     # 3621 "C:\Program Files (x86)\Microchip\xc8\v2.00\pic\include\pic18f4520.h"
   192                           T3CON equ 0FB1h ;# 
   193  0000                     # 3733 "C:\Program Files (x86)\Microchip\xc8\v2.00\pic\include\pic18f4520.h"
   194                           TMR3 equ 0FB2h ;# 
   195  0000                     # 3740 "C:\Program Files (x86)\Microchip\xc8\v2.00\pic\include\pic18f4520.h"
   196                           TMR3L equ 0FB2h ;# 
   197  0000                     # 3747 "C:\Program Files (x86)\Microchip\xc8\v2.00\pic\include\pic18f4520.h"
   198                           TMR3H equ 0FB3h ;# 
   199  0000                     # 3754 "C:\Program Files (x86)\Microchip\xc8\v2.00\pic\include\pic18f4520.h"
   200                           CMCON equ 0FB4h ;# 
   201  0000                     # 3844 "C:\Program Files (x86)\Microchip\xc8\v2.00\pic\include\pic18f4520.h"
   202                           CVRCON equ 0FB5h ;# 
   203  0000                     # 3923 "C:\Program Files (x86)\Microchip\xc8\v2.00\pic\include\pic18f4520.h"
   204                           ECCP1AS equ 0FB6h ;# 
   205  0000                     # 3928 "C:\Program Files (x86)\Microchip\xc8\v2.00\pic\include\pic18f4520.h"
   206                           ECCPAS equ 0FB6h ;# 
   207  0000                     # 4085 "C:\Program Files (x86)\Microchip\xc8\v2.00\pic\include\pic18f4520.h"
   208                           PWM1CON equ 0FB7h ;# 
   209  0000                     # 4090 "C:\Program Files (x86)\Microchip\xc8\v2.00\pic\include\pic18f4520.h"
   210                           ECCP1DEL equ 0FB7h ;# 
   211  0000                     # 4223 "C:\Program Files (x86)\Microchip\xc8\v2.00\pic\include\pic18f4520.h"
   212                           BAUDCON equ 0FB8h ;# 
   213  0000                     # 4228 "C:\Program Files (x86)\Microchip\xc8\v2.00\pic\include\pic18f4520.h"
   214                           BAUDCTL equ 0FB8h ;# 
   215  0000                     # 4403 "C:\Program Files (x86)\Microchip\xc8\v2.00\pic\include\pic18f4520.h"
   216                           CCP2CON equ 0FBAh ;# 
   217  0000                     # 4482 "C:\Program Files (x86)\Microchip\xc8\v2.00\pic\include\pic18f4520.h"
   218                           CCPR2 equ 0FBBh ;# 
   219  0000                     # 4489 "C:\Program Files (x86)\Microchip\xc8\v2.00\pic\include\pic18f4520.h"
   220                           CCPR2L equ 0FBBh ;# 
   221  0000                     # 4496 "C:\Program Files (x86)\Microchip\xc8\v2.00\pic\include\pic18f4520.h"
   222                           CCPR2H equ 0FBCh ;# 
   223  0000                     # 4503 "C:\Program Files (x86)\Microchip\xc8\v2.00\pic\include\pic18f4520.h"
   224                           CCP1CON equ 0FBDh ;# 
   225  0000                     # 4600 "C:\Program Files (x86)\Microchip\xc8\v2.00\pic\include\pic18f4520.h"
   226                           CCPR1 equ 0FBEh ;# 
   227  0000                     # 4607 "C:\Program Files (x86)\Microchip\xc8\v2.00\pic\include\pic18f4520.h"
   228                           CCPR1L equ 0FBEh ;# 
   229  0000                     # 4614 "C:\Program Files (x86)\Microchip\xc8\v2.00\pic\include\pic18f4520.h"
   230                           CCPR1H equ 0FBFh ;# 
   231  0000                     # 4621 "C:\Program Files (x86)\Microchip\xc8\v2.00\pic\include\pic18f4520.h"
   232                           ADCON2 equ 0FC0h ;# 
   233  0000                     # 4692 "C:\Program Files (x86)\Microchip\xc8\v2.00\pic\include\pic18f4520.h"
   234                           ADCON1 equ 0FC1h ;# 
   235  0000                     # 4777 "C:\Program Files (x86)\Microchip\xc8\v2.00\pic\include\pic18f4520.h"
   236                           ADCON0 equ 0FC2h ;# 
   237  0000                     # 4896 "C:\Program Files (x86)\Microchip\xc8\v2.00\pic\include\pic18f4520.h"
   238                           ADRES equ 0FC3h ;# 
   239  0000                     # 4903 "C:\Program Files (x86)\Microchip\xc8\v2.00\pic\include\pic18f4520.h"
   240                           ADRESL equ 0FC3h ;# 
   241  0000                     # 4910 "C:\Program Files (x86)\Microchip\xc8\v2.00\pic\include\pic18f4520.h"
   242                           ADRESH equ 0FC4h ;# 
   243  0000                     # 4917 "C:\Program Files (x86)\Microchip\xc8\v2.00\pic\include\pic18f4520.h"
   244                           SSPCON2 equ 0FC5h ;# 
   245  0000                     # 5012 "C:\Program Files (x86)\Microchip\xc8\v2.00\pic\include\pic18f4520.h"
   246                           SSPCON1 equ 0FC6h ;# 
   247  0000                     # 5082 "C:\Program Files (x86)\Microchip\xc8\v2.00\pic\include\pic18f4520.h"
   248                           SSPSTAT equ 0FC7h ;# 
   249  0000                     # 5303 "C:\Program Files (x86)\Microchip\xc8\v2.00\pic\include\pic18f4520.h"
   250                           SSPADD equ 0FC8h ;# 
   251  0000                     # 5310 "C:\Program Files (x86)\Microchip\xc8\v2.00\pic\include\pic18f4520.h"
   252                           SSPBUF equ 0FC9h ;# 
   253  0000                     # 5317 "C:\Program Files (x86)\Microchip\xc8\v2.00\pic\include\pic18f4520.h"
   254                           T2CON equ 0FCAh ;# 
   255  0000                     # 5415 "C:\Program Files (x86)\Microchip\xc8\v2.00\pic\include\pic18f4520.h"
   256                           PR2 equ 0FCBh ;# 
   257  0000                     # 5420 "C:\Program Files (x86)\Microchip\xc8\v2.00\pic\include\pic18f4520.h"
   258                           MEMCON equ 0FCBh ;# 
   259  0000                     # 5525 "C:\Program Files (x86)\Microchip\xc8\v2.00\pic\include\pic18f4520.h"
   260                           TMR2 equ 0FCCh ;# 
   261  0000                     # 5532 "C:\Program Files (x86)\Microchip\xc8\v2.00\pic\include\pic18f4520.h"
   262                           T1CON equ 0FCDh ;# 
   263  0000                     # 5635 "C:\Program Files (x86)\Microchip\xc8\v2.00\pic\include\pic18f4520.h"
   264                           TMR1 equ 0FCEh ;# 
   265  0000                     # 5642 "C:\Program Files (x86)\Microchip\xc8\v2.00\pic\include\pic18f4520.h"
   266                           TMR1L equ 0FCEh ;# 
   267  0000                     # 5649 "C:\Program Files (x86)\Microchip\xc8\v2.00\pic\include\pic18f4520.h"
   268                           TMR1H equ 0FCFh ;# 
   269  0000                     # 5656 "C:\Program Files (x86)\Microchip\xc8\v2.00\pic\include\pic18f4520.h"
   270                           RCON equ 0FD0h ;# 
   271  0000                     # 5789 "C:\Program Files (x86)\Microchip\xc8\v2.00\pic\include\pic18f4520.h"
   272                           WDTCON equ 0FD1h ;# 
   273  0000                     # 5817 "C:\Program Files (x86)\Microchip\xc8\v2.00\pic\include\pic18f4520.h"
   274                           HLVDCON equ 0FD2h ;# 
   275  0000                     # 5822 "C:\Program Files (x86)\Microchip\xc8\v2.00\pic\include\pic18f4520.h"
   276                           LVDCON equ 0FD2h ;# 
   277  0000                     # 6087 "C:\Program Files (x86)\Microchip\xc8\v2.00\pic\include\pic18f4520.h"
   278                           OSCCON equ 0FD3h ;# 
   279  0000                     # 6170 "C:\Program Files (x86)\Microchip\xc8\v2.00\pic\include\pic18f4520.h"
   280                           T0CON equ 0FD5h ;# 
   281  0000                     # 6253 "C:\Program Files (x86)\Microchip\xc8\v2.00\pic\include\pic18f4520.h"
   282                           TMR0 equ 0FD6h ;# 
   283  0000                     # 6260 "C:\Program Files (x86)\Microchip\xc8\v2.00\pic\include\pic18f4520.h"
   284                           TMR0L equ 0FD6h ;# 
   285  0000                     # 6267 "C:\Program Files (x86)\Microchip\xc8\v2.00\pic\include\pic18f4520.h"
   286                           TMR0H equ 0FD7h ;# 
   287  0000                     # 6274 "C:\Program Files (x86)\Microchip\xc8\v2.00\pic\include\pic18f4520.h"
   288                           STATUS equ 0FD8h ;# 
   289  0000                     # 6345 "C:\Program Files (x86)\Microchip\xc8\v2.00\pic\include\pic18f4520.h"
   290                           FSR2 equ 0FD9h ;# 
   291  0000                     # 6352 "C:\Program Files (x86)\Microchip\xc8\v2.00\pic\include\pic18f4520.h"
   292                           FSR2L equ 0FD9h ;# 
   293  0000                     # 6359 "C:\Program Files (x86)\Microchip\xc8\v2.00\pic\include\pic18f4520.h"
   294                           FSR2H equ 0FDAh ;# 
   295  0000                     # 6366 "C:\Program Files (x86)\Microchip\xc8\v2.00\pic\include\pic18f4520.h"
   296                           PLUSW2 equ 0FDBh ;# 
   297  0000                     # 6373 "C:\Program Files (x86)\Microchip\xc8\v2.00\pic\include\pic18f4520.h"
   298                           PREINC2 equ 0FDCh ;# 
   299  0000                     # 6380 "C:\Program Files (x86)\Microchip\xc8\v2.00\pic\include\pic18f4520.h"
   300                           POSTDEC2 equ 0FDDh ;# 
   301  0000                     # 6387 "C:\Program Files (x86)\Microchip\xc8\v2.00\pic\include\pic18f4520.h"
   302                           POSTINC2 equ 0FDEh ;# 
   303  0000                     # 6394 "C:\Program Files (x86)\Microchip\xc8\v2.00\pic\include\pic18f4520.h"
   304                           INDF2 equ 0FDFh ;# 
   305  0000                     # 6401 "C:\Program Files (x86)\Microchip\xc8\v2.00\pic\include\pic18f4520.h"
   306                           BSR equ 0FE0h ;# 
   307  0000                     # 6408 "C:\Program Files (x86)\Microchip\xc8\v2.00\pic\include\pic18f4520.h"
   308                           FSR1 equ 0FE1h ;# 
   309  0000                     # 6415 "C:\Program Files (x86)\Microchip\xc8\v2.00\pic\include\pic18f4520.h"
   310                           FSR1L equ 0FE1h ;# 
   311  0000                     # 6422 "C:\Program Files (x86)\Microchip\xc8\v2.00\pic\include\pic18f4520.h"
   312                           FSR1H equ 0FE2h ;# 
   313  0000                     # 6429 "C:\Program Files (x86)\Microchip\xc8\v2.00\pic\include\pic18f4520.h"
   314                           PLUSW1 equ 0FE3h ;# 
   315  0000                     # 6436 "C:\Program Files (x86)\Microchip\xc8\v2.00\pic\include\pic18f4520.h"
   316                           PREINC1 equ 0FE4h ;# 
   317  0000                     # 6443 "C:\Program Files (x86)\Microchip\xc8\v2.00\pic\include\pic18f4520.h"
   318                           POSTDEC1 equ 0FE5h ;# 
   319  0000                     # 6450 "C:\Program Files (x86)\Microchip\xc8\v2.00\pic\include\pic18f4520.h"
   320                           POSTINC1 equ 0FE6h ;# 
   321  0000                     # 6457 "C:\Program Files (x86)\Microchip\xc8\v2.00\pic\include\pic18f4520.h"
   322                           INDF1 equ 0FE7h ;# 
   323  0000                     # 6464 "C:\Program Files (x86)\Microchip\xc8\v2.00\pic\include\pic18f4520.h"
   324                           WREG equ 0FE8h ;# 
   325  0000                     # 6476 "C:\Program Files (x86)\Microchip\xc8\v2.00\pic\include\pic18f4520.h"
   326                           FSR0 equ 0FE9h ;# 
   327  0000                     # 6483 "C:\Program Files (x86)\Microchip\xc8\v2.00\pic\include\pic18f4520.h"
   328                           FSR0L equ 0FE9h ;# 
   329  0000                     # 6490 "C:\Program Files (x86)\Microchip\xc8\v2.00\pic\include\pic18f4520.h"
   330                           FSR0H equ 0FEAh ;# 
   331  0000                     # 6497 "C:\Program Files (x86)\Microchip\xc8\v2.00\pic\include\pic18f4520.h"
   332                           PLUSW0 equ 0FEBh ;# 
   333  0000                     # 6504 "C:\Program Files (x86)\Microchip\xc8\v2.00\pic\include\pic18f4520.h"
   334                           PREINC0 equ 0FECh ;# 
   335  0000                     # 6511 "C:\Program Files (x86)\Microchip\xc8\v2.00\pic\include\pic18f4520.h"
   336                           POSTDEC0 equ 0FEDh ;# 
   337  0000                     # 6518 "C:\Program Files (x86)\Microchip\xc8\v2.00\pic\include\pic18f4520.h"
   338                           POSTINC0 equ 0FEEh ;# 
   339  0000                     # 6525 "C:\Program Files (x86)\Microchip\xc8\v2.00\pic\include\pic18f4520.h"
   340                           INDF0 equ 0FEFh ;# 
   341  0000                     # 6532 "C:\Program Files (x86)\Microchip\xc8\v2.00\pic\include\pic18f4520.h"
   342                           INTCON3 equ 0FF0h ;# 
   343  0000                     # 6624 "C:\Program Files (x86)\Microchip\xc8\v2.00\pic\include\pic18f4520.h"
   344                           INTCON2 equ 0FF1h ;# 
   345  0000                     # 6694 "C:\Program Files (x86)\Microchip\xc8\v2.00\pic\include\pic18f4520.h"
   346                           INTCON equ 0FF2h ;# 
   347  0000                     # 6811 "C:\Program Files (x86)\Microchip\xc8\v2.00\pic\include\pic18f4520.h"
   348                           PROD equ 0FF3h ;# 
   349  0000                     # 6818 "C:\Program Files (x86)\Microchip\xc8\v2.00\pic\include\pic18f4520.h"
   350                           PRODL equ 0FF3h ;# 
   351  0000                     # 6825 "C:\Program Files (x86)\Microchip\xc8\v2.00\pic\include\pic18f4520.h"
   352                           PRODH equ 0FF4h ;# 
   353  0000                     # 6832 "C:\Program Files (x86)\Microchip\xc8\v2.00\pic\include\pic18f4520.h"
   354                           TABLAT equ 0FF5h ;# 
   355  0000                     # 6841 "C:\Program Files (x86)\Microchip\xc8\v2.00\pic\include\pic18f4520.h"
   356                           TBLPTR equ 0FF6h ;# 
   357  0000                     # 6848 "C:\Program Files (x86)\Microchip\xc8\v2.00\pic\include\pic18f4520.h"
   358                           TBLPTRL equ 0FF6h ;# 
   359  0000                     # 6855 "C:\Program Files (x86)\Microchip\xc8\v2.00\pic\include\pic18f4520.h"
   360                           TBLPTRH equ 0FF7h ;# 
   361  0000                     # 6862 "C:\Program Files (x86)\Microchip\xc8\v2.00\pic\include\pic18f4520.h"
   362                           TBLPTRU equ 0FF8h ;# 
   363  0000                     # 6871 "C:\Program Files (x86)\Microchip\xc8\v2.00\pic\include\pic18f4520.h"
   364                           PCLAT equ 0FF9h ;# 
   365  0000                     # 6878 "C:\Program Files (x86)\Microchip\xc8\v2.00\pic\include\pic18f4520.h"
   366                           PC equ 0FF9h ;# 
   367  0000                     # 6885 "C:\Program Files (x86)\Microchip\xc8\v2.00\pic\include\pic18f4520.h"
   368                           PCL equ 0FF9h ;# 
   369  0000                     # 6892 "C:\Program Files (x86)\Microchip\xc8\v2.00\pic\include\pic18f4520.h"
   370                           PCLATH equ 0FFAh ;# 
   371  0000                     # 6899 "C:\Program Files (x86)\Microchip\xc8\v2.00\pic\include\pic18f4520.h"
   372                           PCLATU equ 0FFBh ;# 
   373  0000                     # 6906 "C:\Program Files (x86)\Microchip\xc8\v2.00\pic\include\pic18f4520.h"
   374                           STKPTR equ 0FFCh ;# 
   375  0000                     # 6980 "C:\Program Files (x86)\Microchip\xc8\v2.00\pic\include\pic18f4520.h"
   376                           TOS equ 0FFDh ;# 
   377  0000                     # 6987 "C:\Program Files (x86)\Microchip\xc8\v2.00\pic\include\pic18f4520.h"
   378                           TOSL equ 0FFDh ;# 
   379  0000                     # 6994 "C:\Program Files (x86)\Microchip\xc8\v2.00\pic\include\pic18f4520.h"
   380                           TOSH equ 0FFEh ;# 
   381  0000                     # 7001 "C:\Program Files (x86)\Microchip\xc8\v2.00\pic\include\pic18f4520.h"
   382                           TOSU equ 0FFFh ;# 
   383  0000                     	FNCALL	_main,_adc_init
   384                           	FNCALL	_main,_ccp2_init
   385                           	FNCALL	_main,_tmr_init
   386                           	FNROOT	_main
   387                           	FNCALL	intlevel2,_Hi_ISR
   388                           	global	intlevel2
   389                           	FNROOT	intlevel2
   390                           	global	_array
   391                           	global	_i
   392                           	global	_TRISEbits
   393                           _TRISEbits	set	0xF96
   394  0000                     	global	_TRISD
   395                           _TRISD	set	0xF95
   396  0000                     	global	_CCPR2
   397                           _CCPR2	set	0xFBB
   398  0000                     	global	_ADRES
   399                           _ADRES	set	0xFC3
   400  0000                     	global	_T3CONbits
   401                           _T3CONbits	set	0xFB1
   402  0000                     	global	_PIE1bits
   403                           _PIE1bits	set	0xF9D
   404  0000                     	global	_ADCON2bits
   405                           _ADCON2bits	set	0xFC0
   406  0000                     	global	_ADCON1bits
   407                           _ADCON1bits	set	0xFC1
   408  0000                     	global	_PIR2bits
   409                           _PIR2bits	set	0xFA1
   410  0000                     	global	_ADCON0bits
   411                           _ADCON0bits	set	0xFC2
   412  0000                     	global	_PIR1bits
   413                           _PIR1bits	set	0xF9E
   414  0000                     	global	_TMR3ON
   415                           _TMR3ON	set	0x7D88
   416  0000                     	global	_T3CCP2
   417                           _T3CCP2	set	0x7D8E
   418  0000                     	global	_T3CCP1
   419                           _T3CCP1	set	0x7D8B
   420  0000                     	global	_CCP2IP
   421                           _CCP2IP	set	0x7D10
   422  0000                     	global	_CCP2IE
   423                           _CCP2IE	set	0x7D00
   424  0000                     	global	_CCP2M0
   425                           _CCP2M0	set	0x7DD0
   426  0000                     	global	_CCP2M1
   427                           _CCP2M1	set	0x7DD1
   428  0000                     	global	_CCP2M2
   429                           _CCP2M2	set	0x7DD2
   430  0000                     	global	_CCP2M3
   431                           _CCP2M3	set	0x7DD3
   432  0000                     	global	_ADIP
   433                           _ADIP	set	0x7CFE
   434  0000                     	global	_IPEN
   435                           _IPEN	set	0x7E87
   436  0000                     	global	_INTCONbits
   437                           _INTCONbits	set	0xFF2
   438  0000                     ; #config settings
   439                           global __CFG_OSC$INTIO67
   440                           __CFG_OSC$INTIO67 equ 0x0
   441  0000                     global __CFG_WDT$OFF
   442                           __CFG_WDT$OFF equ 0x0
   443  0000                     global __CFG_LVP$OFF
   444                           __CFG_LVP$OFF equ 0x0
   445  0000                     	file	"C:\Users\febri\AppData\Local\Temp\s358."
   446                           	line	#
   447                           psect	cinit,class=CODE,delta=1,reloc=2
   448                           global __pcinit
   449                           __pcinit:
   450  000104                     global start_initialization
   451                           start_initialization:
   452  000104                     
   453                           global __initialization
   454                           __initialization:
   455  000104                     psect	bssCOMRAM,class=COMRAM,space=1,noexec
   456                           global __pbssCOMRAM
   457                           __pbssCOMRAM:
   458  000001                     	global	_array
   459                           _array:
   460  000001                            ds      16
   461  000001                     	global	_i
   462                           _i:
   463  000011                            ds      2
   464  000011                     	file	"C:\Users\febri\AppData\Local\Temp\s358."
   465                           	line	#
   466                           psect	cinit
   467                           ; Clear objects allocated to COMRAM (18 bytes)
   468                           	global __pbssCOMRAM
   469                           lfsr	0,__pbssCOMRAM
   470  000104  EE00  F001         movlw	18
   471  000108  0E12               clear_0:
   472  00010A                     clrf	postinc0,c
   473  00010A  6AEE               decf	wreg
   474  00010C  06E8               bnz	clear_0
   475  00010E  E1FD               psect cinit,class=CODE,delta=1
   476                           global end_of_initialization,__end_of__initialization
   477                           
   478                           ;End of C runtime variable initialization code
   479                           
   480                           end_of_initialization:
   481  000110                     __end_of__initialization:
   482  000110                     	bcf int$flags,0,c ;clear compiler interrupt flag (level 1)
   483  000110  9015               	bcf int$flags,1,c ;clear compiler interrupt flag (level 2)
   484  000112  9215               movlb 0
   485  000114  0100               goto _main	;jump to C main() function
   486  000116  EF76  F000         psect	cstackCOMRAM,class=COMRAM,space=1,noexec
   487                           global __pcstackCOMRAM
   488                           __pcstackCOMRAM:
   489  000013                     ?_adc_init:	; 1 bytes @ 0x0
   490  000013                     ?_ccp2_init:	; 1 bytes @ 0x0
   491  000013                     ?_tmr_init:	; 1 bytes @ 0x0
   492  000013                     ?_Hi_ISR:	; 1 bytes @ 0x0
   493  000013                     ??_Hi_ISR:	; 1 bytes @ 0x0
   494  000013                     ?_main:	; 1 bytes @ 0x0
   495  000013                     	ds   2
   496  000013                     ??_adc_init:	; 1 bytes @ 0x2
   497  000015                     ??_ccp2_init:	; 1 bytes @ 0x2
   498  000015                     ??_tmr_init:	; 1 bytes @ 0x2
   499  000015                     ??_main:	; 1 bytes @ 0x2
   500  000015                     ;!
   501                           ;!Data Sizes:
   502                           ;!    Strings     0
   503                           ;!    Constant    0
   504                           ;!    Data        0
   505                           ;!    BSS         18
   506                           ;!    Persistent  0
   507                           ;!    Stack       0
   508                           ;!
   509                           ;!Auto Spaces:
   510                           ;!    Space          Size  Autos    Used
   511                           ;!    COMRAM          126      2      20
   512                           ;!    BANK0           128      0       0
   513                           ;!    BANK1           256      0       0
   514                           ;!    BANK2           256      0       0
   515                           ;!    BANK3           256      0       0
   516                           ;!    BANK4           256      0       0
   517                           ;!    BANK5           244      0       0
   518                           
   519                           ;!
   520                           ;!Pointer List with Targets:
   521                           ;!
   522                           ;!    None.
   523                           
   524                           
   525                           ;!
   526                           ;!Critical Paths under _main in COMRAM
   527                           ;!
   528                           ;!    None.
   529                           ;!
   530                           ;!Critical Paths under _Hi_ISR in COMRAM
   531                           ;!
   532                           ;!    None.
   533                           ;!
   534                           ;!Critical Paths under _main in BANK0
   535                           ;!
   536                           ;!    None.
   537                           ;!
   538                           ;!Critical Paths under _Hi_ISR in BANK0
   539                           ;!
   540                           ;!    None.
   541                           ;!
   542                           ;!Critical Paths under _main in BANK1
   543                           ;!
   544                           ;!    None.
   545                           ;!
   546                           ;!Critical Paths under _Hi_ISR in BANK1
   547                           ;!
   548                           ;!    None.
   549                           ;!
   550                           ;!Critical Paths under _main in BANK2
   551                           ;!
   552                           ;!    None.
   553                           ;!
   554                           ;!Critical Paths under _Hi_ISR in BANK2
   555                           ;!
   556                           ;!    None.
   557                           ;!
   558                           ;!Critical Paths under _main in BANK3
   559                           ;!
   560                           ;!    None.
   561                           ;!
   562                           ;!Critical Paths under _Hi_ISR in BANK3
   563                           ;!
   564                           ;!    None.
   565                           ;!
   566                           ;!Critical Paths under _main in BANK4
   567                           ;!
   568                           ;!    None.
   569                           ;!
   570                           ;!Critical Paths under _Hi_ISR in BANK4
   571                           ;!
   572                           ;!    None.
   573                           ;!
   574                           ;!Critical Paths under _main in BANK5
   575                           ;!
   576                           ;!    None.
   577                           ;!
   578                           ;!Critical Paths under _Hi_ISR in BANK5
   579                           ;!
   580                           ;!    None.
   581                           
   582 ;;
   583 ;;Main: autosize = 0, tempsize = 0, incstack = 0, save=0
   584 ;;
   585                           
   586                           ;!
   587                           ;!Call Graph Tables:
   588                           ;!
   589                           ;! ---------------------------------------------------------------------------------
   590                           ;! (Depth) Function   	        Calls       Base Space   Used Autos Params    Refs
   591                           ;! ---------------------------------------------------------------------------------
   592                           ;! (0) _main                                                 0     0      0       0
   593                           ;!                           _adc_init
   594                           ;!                          _ccp2_init
   595                           ;!                           _tmr_init
   596                           ;! ---------------------------------------------------------------------------------
   597                           ;! (1) _tmr_init                                             0     0      0       0
   598                           ;! ---------------------------------------------------------------------------------
   599                           ;! (1) _ccp2_init                                            0     0      0       0
   600                           ;! ---------------------------------------------------------------------------------
   601                           ;! (1) _adc_init                                             0     0      0       0
   602                           ;! ---------------------------------------------------------------------------------
   603                           ;! Estimated maximum stack depth 1
   604                           ;! ---------------------------------------------------------------------------------
   605                           ;! (Depth) Function   	        Calls       Base Space   Used Autos Params    Refs
   606                           ;! ---------------------------------------------------------------------------------
   607                           ;! (2) _Hi_ISR                                               2     2      0       0
   608                           ;!                                              0 COMRAM     2     2      0
   609                           ;! ---------------------------------------------------------------------------------
   610                           ;! Estimated maximum stack depth 2
   611                           ;! ---------------------------------------------------------------------------------
   612                           ;!
   613                           ;! Call Graph Graphs:
   614                           ;!
   615                           ;! _main (ROOT)
   616                           ;!   _adc_init
   617                           ;!   _ccp2_init
   618                           ;!   _tmr_init
   619                           ;!
   620                           ;! _Hi_ISR (ROOT)
   621                           ;!
   622                           
   623                           ;! Address spaces:
   624                           
   625                           ;!Name               Size   Autos  Total    Cost      Usage
   626                           ;!BIGRAM             5F3      0       0      16        0.0%
   627                           ;!EEDATA             100      0       0       0        0.0%
   628                           ;!BITBANK4           100      0       0      11        0.0%
   629                           ;!BANK4              100      0       0      12        0.0%
   630                           ;!BITBANK3           100      0       0       9        0.0%
   631                           ;!BANK3              100      0       0      10        0.0%
   632                           ;!BITBANK2           100      0       0       7        0.0%
   633                           ;!BANK2              100      0       0       8        0.0%
   634                           ;!BITBANK1           100      0       0       5        0.0%
   635                           ;!BANK1              100      0       0       6        0.0%
   636                           ;!BITBANK5            F4      0       0      15        0.0%
   637                           ;!BANK5               F4      0       0      13        0.0%
   638                           ;!BITBANK0            80      0       0       3        0.0%
   639                           ;!BANK0               80      0       0       4        0.0%
   640                           ;!BITCOMRAM           7E      0       0       0        0.0%
   641                           ;!COMRAM              7E      2      14       1       15.9%
   642                           ;!BITSFR_5             0      0       0     200        0.0%
   643                           ;!SFR_5                0      0       0     200        0.0%
   644                           ;!BITSFR_4             0      0       0     200        0.0%
   645                           ;!SFR_4                0      0       0     200        0.0%
   646                           ;!BITSFR_3             0      0       0     200        0.0%
   647                           ;!SFR_3                0      0       0     200        0.0%
   648                           ;!BITSFR_2             0      0       0     200        0.0%
   649                           ;!SFR_2                0      0       0     200        0.0%
   650                           ;!BITSFR_1             0      0       0     200        0.0%
   651                           ;!SFR_1                0      0       0     200        0.0%
   652                           ;!BITSFR               0      0       0     200        0.0%
   653                           ;!SFR                  0      0       0     200        0.0%
   654                           ;!STACK                0      0       0       2        0.0%
   655                           ;!NULL                 0      0       0       0        0.0%
   656                           ;!ABS                  0      0      14      14        0.0%
   657                           ;!DATA                 0      0      14      17        0.0%
   658                           ;!CODE                 0      0       0       0        0.0%
   659                           
   660                           	global	_main
   661                           
   662 ;; *************** function _main *****************
   663 ;; Defined at:
   664 ;;		line 49 in file "lab10.c"
   665 ;; Parameters:    Size  Location     Type
   666 ;;		None
   667 ;; Auto vars:     Size  Location     Type
   668 ;;		None
   669 ;; Return value:  Size  Location     Type
   670 ;;                  1    wreg      void 
   671 ;; Registers used:
   672 ;;		wreg, status,2, cstack
   673 ;; Tracked objects:
   674 ;;		On entry : 0/0
   675 ;;		On exit  : 0/0
   676 ;;		Unchanged: 0/0
   677 ;; Data sizes:     COMRAM   BANK0   BANK1   BANK2   BANK3   BANK4   BANK5
   678 ;;      Params:         0       0       0       0       0       0       0
   679 ;;      Locals:         0       0       0       0       0       0       0
   680 ;;      Temps:          0       0       0       0       0       0       0
   681 ;;      Totals:         0       0       0       0       0       0       0
   682 ;;Total ram usage:        0 bytes
   683 ;; Hardware stack levels required when called:    2
   684 ;; This function calls:
   685 ;;		_adc_init
   686 ;;		_ccp2_init
   687 ;;		_tmr_init
   688 ;; This function is called by:
   689 ;;		Startup code after reset
   690 ;; This function uses a non-reentrant model
   691 ;;
   692                           psect	text0,class=CODE,space=0,reloc=2,group=0
   693                           	file	"lab10.c"
   694                           	line	49
   695                           global __ptext0
   696                           __ptext0:
   697  0000EC                     psect	text0
   698                           	file	"lab10.c"
   699                           	line	49
   700                           	global	__size_of_main
   701                           	__size_of_main	equ	__end_of_main-_main
   702  0000                     	
   703                           _main:
   704  0000EC                     ;incstack = 0
   705                           	opt	stack 29
   706                           	line	52
   707                           	
   708                           l805:
   709  0000EC                     	movlw	low(0)
   710  0000EC  0E00               	movwf	((c:3989)),c	;volatile
   711  0000EE  6E95               	line	53
   712                           	
   713                           l807:
   714  0000F0                     	call	_adc_init	;wreg free
   715  0000F0  EC5B  F000         	line	54
   716                           	
   717                           l809:
   718  0000F4                     	call	_ccp2_init	;wreg free
   719  0000F4  EC8D  F000         	line	55
   720                           	
   721                           l811:
   722  0000F8                     	call	_tmr_init	;wreg free
   723  0000F8  EC98  F000         	line	56
   724                           	
   725                           l71:
   726  0000FC                     	
   727                           l72:
   728  0000FC                     	goto	l71
   729  0000FC  EF7E  F000         	
   730                           l73:
   731  000100                     	line	58
   732                           	
   733                           l74:
   734  000100                     	global	start
   735                           	goto	start
   736  000100  EF07  F000         	opt stack 0
   737                           GLOBAL	__end_of_main
   738                           	__end_of_main:
   739  000104                     	signat	_main,89
   740                           	global	_tmr_init
   741                           
   742 ;; *************** function _tmr_init *****************
   743 ;; Defined at:
   744 ;;		line 108 in file "lab10.c"
   745 ;; Parameters:    Size  Location     Type
   746 ;;		None
   747 ;; Auto vars:     Size  Location     Type
   748 ;;		None
   749 ;; Return value:  Size  Location     Type
   750 ;;                  1    wreg      void 
   751 ;; Registers used:
   752 ;;		None
   753 ;; Tracked objects:
   754 ;;		On entry : 0/0
   755 ;;		On exit  : 0/0
   756 ;;		Unchanged: 0/0
   757 ;; Data sizes:     COMRAM   BANK0   BANK1   BANK2   BANK3   BANK4   BANK5
   758 ;;      Params:         0       0       0       0       0       0       0
   759 ;;      Locals:         0       0       0       0       0       0       0
   760 ;;      Temps:          0       0       0       0       0       0       0
   761 ;;      Totals:         0       0       0       0       0       0       0
   762 ;;Total ram usage:        0 bytes
   763 ;; Hardware stack levels used:    1
   764 ;; Hardware stack levels required when called:    1
   765 ;; This function calls:
   766 ;;		Nothing
   767 ;; This function is called by:
   768 ;;		_main
   769 ;; This function uses a non-reentrant model
   770 ;;
   771                           psect	text1,class=CODE,space=0,reloc=2,group=0
   772                           	line	108
   773                           global __ptext1
   774                           __ptext1:
   775  000130                     psect	text1
   776                           	file	"lab10.c"
   777                           	line	108
   778                           	global	__size_of_tmr_init
   779                           	__size_of_tmr_init	equ	__end_of_tmr_init-_tmr_init
   780  0000                     	
   781                           _tmr_init:
   782  000130                     ;incstack = 0
   783                           	opt	stack 29
   784                           	line	110
   785                           	
   786                           l783:
   787  000130                     ;lab10.c: 110:     T3CCP1 = 1;
   788                           	bsf	c:(32139/8),(32139)&7	;volatile
   789  000130  86B1               	line	111
   790                           ;lab10.c: 111:     T3CCP2 = 0;
   791                           	bcf	c:(32142/8),(32142)&7	;volatile
   792  000132  9CB1               	line	112
   793                           ;lab10.c: 112:     TMR3ON = 1;
   794                           	bsf	c:(32136/8),(32136)&7	;volatile
   795  000134  80B1               	line	113
   796                           ;lab10.c: 113:     T3CONbits.RD16 = 1;
   797                           	bsf	((c:4017)),c,7	;volatile
   798  000136  8EB1               	line	115
   799                           	
   800                           l83:
   801  000138                     	return	;funcret
   802  000138  0012               	opt stack 0
   803                           GLOBAL	__end_of_tmr_init
   804                           	__end_of_tmr_init:
   805  00013A                     	signat	_tmr_init,89
   806                           	global	_ccp2_init
   807                           
   808 ;; *************** function _ccp2_init *****************
   809 ;; Defined at:
   810 ;;		line 95 in file "lab10.c"
   811 ;; Parameters:    Size  Location     Type
   812 ;;		None
   813 ;; Auto vars:     Size  Location     Type
   814 ;;		None
   815 ;; Return value:  Size  Location     Type
   816 ;;                  1    wreg      void 
   817 ;; Registers used:
   818 ;;		wreg, status,2
   819 ;; Tracked objects:
   820 ;;		On entry : 0/0
   821 ;;		On exit  : 0/0
   822 ;;		Unchanged: 0/0
   823 ;; Data sizes:     COMRAM   BANK0   BANK1   BANK2   BANK3   BANK4   BANK5
   824 ;;      Params:         0       0       0       0       0       0       0
   825 ;;      Locals:         0       0       0       0       0       0       0
   826 ;;      Temps:          0       0       0       0       0       0       0
   827 ;;      Totals:         0       0       0       0       0       0       0
   828 ;;Total ram usage:        0 bytes
   829 ;; Hardware stack levels used:    1
   830 ;; Hardware stack levels required when called:    1
   831 ;; This function calls:
   832 ;;		Nothing
   833 ;; This function is called by:
   834 ;;		_main
   835 ;; This function uses a non-reentrant model
   836 ;;
   837                           psect	text2,class=CODE,space=0,reloc=2,group=0
   838                           	line	95
   839                           global __ptext2
   840                           __ptext2:
   841  00011A                     psect	text2
   842                           	file	"lab10.c"
   843                           	line	95
   844                           	global	__size_of_ccp2_init
   845                           	__size_of_ccp2_init	equ	__end_of_ccp2_init-_ccp2_init
   846  0000                     	
   847                           _ccp2_init:
   848  00011A                     ;incstack = 0
   849                           	opt	stack 29
   850                           	line	97
   851                           	
   852                           l779:
   853  00011A                     ;lab10.c: 97:     CCP2M3 = 1;
   854                           	bsf	c:(32211/8),(32211)&7	;volatile
   855  00011A  86BA               	line	98
   856                           ;lab10.c: 98:     CCP2M2 = 0;
   857                           	bcf	c:(32210/8),(32210)&7	;volatile
   858  00011C  94BA               	line	99
   859                           ;lab10.c: 99:     CCP2M1 = 1;
   860                           	bsf	c:(32209/8),(32209)&7	;volatile
   861  00011E  82BA               	line	100
   862                           ;lab10.c: 100:     CCP2M0 = 1;
   863                           	bsf	c:(32208/8),(32208)&7	;volatile
   864  000120  80BA               	line	102
   865                           ;lab10.c: 102:     CCP2IE = 1;
   866                           	bsf	c:(32000/8),(32000)&7	;volatile
   867  000122  80A0               	line	103
   868                           ;lab10.c: 103:     CCP2IP = 1;
   869                           	bsf	c:(32016/8),(32016)&7	;volatile
   870  000124  80A2               	line	105
   871                           	
   872                           l781:
   873  000126                     ;lab10.c: 105:     CCPR2 = 31250;
   874                           	movlw	high(07A12h)
   875  000126  0E7A               	movwf	((c:4027+1)),c	;volatile
   876  000128  6EBC               	movlw	low(07A12h)
   877  00012A  0E12               	movwf	((c:4027)),c	;volatile
   878  00012C  6EBB               	line	106
   879                           	
   880                           l80:
   881  00012E                     	return	;funcret
   882  00012E  0012               	opt stack 0
   883                           GLOBAL	__end_of_ccp2_init
   884                           	__end_of_ccp2_init:
   885  000130                     	signat	_ccp2_init,89
   886                           	global	_adc_init
   887                           
   888 ;; *************** function _adc_init *****************
   889 ;; Defined at:
   890 ;;		line 60 in file "lab10.c"
   891 ;; Parameters:    Size  Location     Type
   892 ;;		None
   893 ;; Auto vars:     Size  Location     Type
   894 ;;		None
   895 ;; Return value:  Size  Location     Type
   896 ;;                  1    wreg      void 
   897 ;; Registers used:
   898 ;;		wreg, status,2
   899 ;; Tracked objects:
   900 ;;		On entry : 0/0
   901 ;;		On exit  : 0/0
   902 ;;		Unchanged: 0/0
   903 ;; Data sizes:     COMRAM   BANK0   BANK1   BANK2   BANK3   BANK4   BANK5
   904 ;;      Params:         0       0       0       0       0       0       0
   905 ;;      Locals:         0       0       0       0       0       0       0
   906 ;;      Temps:          0       0       0       0       0       0       0
   907 ;;      Totals:         0       0       0       0       0       0       0
   908 ;;Total ram usage:        0 bytes
   909 ;; Hardware stack levels used:    1
   910 ;; Hardware stack levels required when called:    1
   911 ;; This function calls:
   912 ;;		Nothing
   913 ;; This function is called by:
   914 ;;		_main
   915 ;; This function uses a non-reentrant model
   916 ;;
   917                           psect	text3,class=CODE,space=0,reloc=2,group=0
   918                           	line	60
   919                           global __ptext3
   920                           __ptext3:
   921  0000B6                     psect	text3
   922                           	file	"lab10.c"
   923                           	line	60
   924                           	global	__size_of_adc_init
   925                           	__size_of_adc_init	equ	__end_of_adc_init-_adc_init
   926  0000                     	
   927                           _adc_init:
   928  0000B6                     ;incstack = 0
   929                           	opt	stack 29
   930                           	line	75
   931                           	
   932                           l759:
   933  0000B6                     ;lab10.c: 75:     ADCON1bits.VCFG1 = 0;
   934                           	bcf	((c:4033)),c,5	;volatile
   935  0000B6  9AC1               	line	76
   936                           ;lab10.c: 76:     ADCON1bits.VCFG0 = 0;
   937                           	bcf	((c:4033)),c,4	;volatile
   938  0000B8  98C1               	line	77
   939                           ;lab10.c: 77:     ADCON1bits.PCFG = 0;
   940                           		
   941                           	bcf	((c:4033)),c, 0+0	;volatile
   942  0000BA  90C1               	bcf	((c:4033)),c, 0+1	;volatile
   943  0000BC  92C1               	bcf	((c:4033)),c, 0+2	;volatile
   944  0000BE  94C1               	bcf	((c:4033)),c, 0+3	;volatile
   945  0000C0  96C1               
   946                           	line	78
   947                           	
   948                           l761:
   949  0000C2                     ;lab10.c: 78:     ADCON0bits.CHS = 7;
   950                           	movf	((c:4034)),c,w	;volatile
   951  0000C2  50C2               	andlw	not (((1<<4)-1)<<2)
   952  0000C4  0BC3               	iorlw	(07h & ((1<<4)-1))<<2
   953  0000C6  091C               	movwf	((c:4034)),c	;volatile
   954  0000C8  6EC2               	line	79
   955                           	
   956                           l763:
   957  0000CA                     ;lab10.c: 79:     TRISEbits.TRISE2 = 1;
   958                           	bsf	((c:3990)),c,2	;volatile
   959  0000CA  8496               	line	81
   960                           	
   961                           l765:
   962  0000CC                     ;lab10.c: 81:     ADCON2bits.ADFM = 1;
   963                           	bsf	((c:4032)),c,7	;volatile
   964  0000CC  8EC0               	line	83
   965                           ;lab10.c: 83:     ADCON2bits.ACQT = 1;
   966                           	movf	((c:4032)),c,w	;volatile
   967  0000CE  50C0               	andlw	not (((1<<3)-1)<<3)
   968  0000D0  0BC7               	iorlw	(01h & ((1<<3)-1))<<3
   969  0000D2  0908               	movwf	((c:4032)),c	;volatile
   970  0000D4  6EC0               	line	84
   971                           ;lab10.c: 84:     ADCON2bits.ADCS = 3;
   972                           	movf	((c:4032)),c,w	;volatile
   973  0000D6  50C0               	andlw	not (((1<<3)-1)<<0)
   974  0000D8  0BF8               	iorlw	(03h & ((1<<3)-1))<<0
   975  0000DA  0903               	movwf	((c:4032)),c	;volatile
   976  0000DC  6EC0               	line	85
   977                           	
   978                           l767:
   979  0000DE                     ;lab10.c: 85:     ADCON0bits.ADON = 1;
   980                           	bsf	((c:4034)),c,0	;volatile
   981  0000DE  80C2               	line	87
   982                           	
   983                           l769:
   984  0000E0                     ;lab10.c: 87:     PIR1bits.ADIF = 0;
   985                           	bcf	((c:3998)),c,6	;volatile
   986  0000E0  9C9E               	line	88
   987                           	
   988                           l771:
   989  0000E2                     ;lab10.c: 88:     PIE1bits.ADIE = 1;
   990                           	bsf	((c:3997)),c,6	;volatile
   991  0000E2  8C9D               	line	89
   992                           	
   993                           l773:
   994  0000E4                     ;lab10.c: 89:     INTCONbits.GIE = 1;
   995                           	bsf	((c:4082)),c,7	;volatile
   996  0000E4  8EF2               	line	90
   997                           	
   998                           l775:
   999  0000E6                     ;lab10.c: 90:     IPEN = 1;
  1000                           	bsf	c:(32391/8),(32391)&7	;volatile
  1001  0000E6  8ED0               	line	91
  1002                           	
  1003                           l777:
  1004  0000E8                     ;lab10.c: 91:     ADIP = 1;
  1005                           	bsf	c:(31998/8),(31998)&7	;volatile
  1006  0000E8  8C9F               	line	93
  1007                           	
  1008                           l77:
  1009  0000EA                     	return	;funcret
  1010  0000EA  0012               	opt stack 0
  1011                           GLOBAL	__end_of_adc_init
  1012                           	__end_of_adc_init:
  1013  0000EC                     	signat	_adc_init,89
  1014                           	global	_Hi_ISR
  1015                           
  1016 ;; *************** function _Hi_ISR *****************
  1017 ;; Defined at:
  1018 ;;		line 19 in file "lab10.c"
  1019 ;; Parameters:    Size  Location     Type
  1020 ;;		None
  1021 ;; Auto vars:     Size  Location     Type
  1022 ;;		None
  1023 ;; Return value:  Size  Location     Type
  1024 ;;                  1    wreg      void 
  1025 ;; Registers used:
  1026 ;;		wreg, fsr2l, fsr2h, status,2, status,0
  1027 ;; Tracked objects:
  1028 ;;		On entry : 0/0
  1029 ;;		On exit  : 0/0
  1030 ;;		Unchanged: 0/0
  1031 ;; Data sizes:     COMRAM   BANK0   BANK1   BANK2   BANK3   BANK4   BANK5
  1032 ;;      Params:         0       0       0       0       0       0       0
  1033 ;;      Locals:         0       0       0       0       0       0       0
  1034 ;;      Temps:          2       0       0       0       0       0       0
  1035 ;;      Totals:         2       0       0       0       0       0       0
  1036 ;;Total ram usage:        2 bytes
  1037 ;; Hardware stack levels used:    1
  1038 ;; This function calls:
  1039 ;;		Nothing
  1040 ;; This function is called by:
  1041 ;;		Interrupt level 2
  1042 ;; This function uses a non-reentrant model
  1043 ;;
  1044                           psect	intcode,class=CODE,space=0,reloc=2
  1045                           global __pintcode
  1046                           __pintcode:
  1047  000008                     psect	intcode
  1048                           	file	"lab10.c"
  1049                           	line	19
  1050                           	global	__size_of_Hi_ISR
  1051                           	__size_of_Hi_ISR	equ	__end_of_Hi_ISR-_Hi_ISR
  1052  0000                     	
  1053                           _Hi_ISR:
  1054  000008                     ;incstack = 0
  1055                           	opt	stack 29
  1056                           	bsf int$flags,1,c ;set compiler interrupt flag (level 2)
  1057  000008  8215               	global	int_func
  1058                           	call	int_func,f	;refresh shadow registers
  1059  00000A  ED09  F000         psect	intcode_body,class=CODE,space=0,reloc=2
  1060                           global __pintcode_body
  1061                           __pintcode_body:
  1062  000012                     int_func:
  1063  000012                     
  1064                           	pop	; remove dummy address from shadow register refresh
  1065  000012  0006               	movff	fsr2l+0,??_Hi_ISR+0
  1066  000014  CFD9 F013          	movff	fsr2h+0,??_Hi_ISR+1
  1067  000018  CFDA F014          	line	22
  1068                           	
  1069                           i2l785:
  1070  00001C                     ;lab10.c: 22:             i = i+1;
  1071                           	btfss	((c:3998)),c,6	;volatile
  1072  00001C  AC9E               	goto	i2u1_41
  1073  00001E  EF13  F000         	goto	i2u1_40
  1074  000022  EF15  F000         i2u1_41:
  1075  000026                     	goto	i2l61
  1076  000026  EF42  F000         i2u1_40:
  1077  00002A                     	line	27
  1078                           	
  1079                           i2l787:
  1080  00002A                     ;lab10.c: 27:     else if(PIR2bits.CCP2IF){
  1081                           	bcf	((c:3998)),c,6	;volatile
  1082  00002A  9C9E               	line	28
  1083                           ;lab10.c: 28:         PIR2bits.CCP2IF = 0;
  1084                           	bsf	((c:4034)),c,0	;volatile
  1085  00002C  80C2               	line	30
  1086                           	
  1087                           i2l789:
  1088  00002E                     ;lab10.c: 30:         ADCON0bits.GO = 1;
  1089                           	bcf	status,0
  1090  00002E  90D8               	rlcf	((c:_i)),c,w
  1091  000030  3411               	movwf	fsr2l
  1092  000032  6ED9               	rlcf	((c:_i+1)),c,w
  1093  000034  3412               	movwf	fsr2h
  1094  000036  6EDA               	movlw	low(_array)
  1095  000038  0E01               	addwf	fsr2l
  1096  00003A  26D9               	movlw	high(_array)
  1097  00003C  0E00               	addwfc	fsr2h
  1098  00003E  22DA               	movff	(c:4035),postinc2	;volatile
  1099  000040  CFC3 FFDE          	movff	(c:4035+1),postdec2	;volatile
  1100  000044  CFC4 FFDD          	line	34
  1101                           	
  1102                           i2l791:
  1103  000048                     ;lab10.c: 34: }
  1104                           	btfsc	((c:_i+1)),c,7
  1105  000048  BE12               	goto	i2u2_40
  1106  00004A  EF32  F000         	movf	((c:_i+1)),c,w
  1107  00004E  5012               	bnz	i2u2_41
  1108  000050  E107               	movlw	7
  1109  000052  0E07               	subwf	 ((c:_i)),c,w
  1110  000054  5C11               	btfsc	status,0
  1111  000056  B0D8               	goto	i2u2_41
  1112  000058  EF30  F000         	goto	i2u2_40
  1113  00005C  EF32  F000         
  1114                           i2u2_41:
  1115  000060                     	goto	i2l795
  1116  000060  EF3A  F000         i2u2_40:
  1117  000064                     	line	35
  1118                           	
  1119                           i2l793:
  1120  000064                     ;lab10.c: 35: 
  1121                           	movlw	low(01h)
  1122  000064  0E01               	addwf	((c:_i)),c,w
  1123  000066  2411               	movwf	((c:_i)),c
  1124  000068  6E11               	movlw	high(01h)
  1125  00006A  0E00               	addwfc	((c:_i+1)),c,w
  1126  00006C  2012               	movwf	1+((c:_i)),c
  1127  00006E  6E12               	line	36
  1128                           ;lab10.c: 36: void main(void) {
  1129                           	goto	i2l66
  1130  000070  EF55  F000         	
  1131                           i2l62:
  1132  000074                     	line	37
  1133                           	
  1134                           i2l795:
  1135  000074                     ;lab10.c: 37: 
  1136                           	movlw	high(0)
  1137  000074  0E00               	movwf	((c:_i+1)),c
  1138  000076  6E12               	movlw	low(0)
  1139  000078  0E00               	movwf	((c:_i)),c
  1140  00007A  6E11               	goto	i2l66
  1141  00007C  EF55  F000         	line	38
  1142                           ;lab10.c: 38: 
  1143                           	
  1144                           i2l63:
  1145  000080                     	line	39
  1146                           ;lab10.c: 39:     TRISD = 0;
  1147                           	goto	i2l66
  1148  000080  EF55  F000         	line	40
  1149                           ;lab10.c: 40:     adc_init();
  1150                           	
  1151                           i2l61:
  1152  000084                     	btfss	((c:4001)),c,0	;volatile
  1153  000084  A0A1               	goto	i2u3_41
  1154  000086  EF47  F000         	goto	i2u3_40
  1155  00008A  EF49  F000         i2u3_41:
  1156  00008E                     	goto	i2l66
  1157  00008E  EF55  F000         i2u3_40:
  1158  000092                     	line	41
  1159                           	
  1160                           i2l797:
  1161  000092                     ;lab10.c: 41:     ccp2_init();
  1162                           	bcf	((c:4001)),c,0	;volatile
  1163  000092  90A1               	line	42
  1164                           	
  1165                           i2l799:
  1166  000094                     ;lab10.c: 42:     tmr_init();
  1167                           	movlw	high(07A12h)
  1168  000094  0E7A               	movwf	((c:4027+1)),c	;volatile
  1169  000096  6EBC               	movlw	low(07A12h)
  1170  000098  0E12               	movwf	((c:4027)),c	;volatile
  1171  00009A  6EBB               	line	43
  1172                           	
  1173                           i2l801:
  1174  00009C                     ;lab10.c: 43:     while(1);
  1175                           	bsf	((c:4034)),c,1	;volatile
  1176  00009C  82C2               	goto	i2l66
  1177  00009E  EF55  F000         	line	45
  1178                           ;lab10.c: 45: }
  1179                           	
  1180                           i2l65:
  1181  0000A2                     	goto	i2l66
  1182  0000A2  EF55  F000         	
  1183                           i2l64:
  1184  0000A6                     	goto	i2l66
  1185  0000A6  EF55  F000         	line	46
  1186                           	
  1187                           i2l803:
  1188  0000AA                     	line	47
  1189                           ;lab10.c: 46: 
  1190                           	
  1191                           i2l66:
  1192  0000AA                     	movff	??_Hi_ISR+1,fsr2h+0
  1193  0000AA  C014  FFDA         	movff	??_Hi_ISR+0,fsr2l+0
  1194  0000AE  C013  FFD9         	bcf int$flags,1,c ;clear compiler interrupt flag (level 2)
  1195  0000B2  9215               	retfie f
  1196  0000B4  0011               	opt stack 0
  1197                           GLOBAL	__end_of_Hi_ISR
  1198                           	__end_of_Hi_ISR:
  1199  0000B6                     	signat	_Hi_ISR,89
  1200                           	GLOBAL	__activetblptr
  1201                           __activetblptr	EQU	0
  1202  0000                     	psect	intsave_regs,class=BIGRAM,space=1,noexec
  1203                           	PSECT	rparam,class=COMRAM,space=1,noexec
  1204                           	GLOBAL	__Lrparam
  1205                           	FNCONF	rparam,??,?
  1206                           	GLOBAL	___rparam_used
  1207                           	___rparam_used EQU 1
  1208  0000                     	GLOBAL	___param_bank
  1209                           	___param_bank EQU 0
  1210  0000                     GLOBAL	__Lparam, __Hparam
  1211                           GLOBAL	__Lrparam, __Hrparam
  1212                           __Lparam	EQU	__Lrparam
  1213  0000                     __Hparam	EQU	__Hrparam
  1214  0000                            psect   temp,common,ovrld,class=COMRAM,space=1
  1215                           	global	btemp
  1216                           btemp:
  1217  000015                     	ds	1
  1218  000015                     	global	int$flags
  1219                           	int$flags	set btemp
  1220  0000                     	global	wtemp8
  1221                           	wtemp8 set btemp+1
  1222  0000                     	global	ttemp5
  1223                           	ttemp5 set btemp+1
  1224  0000                     	global	ttemp6
  1225                           	ttemp6 set btemp+4
  1226  0000                     	global	ttemp7
  1227                           	ttemp7 set btemp+8
  1228  0000                     	end


Data Sizes:
    Strings     0
    Constant    0
    Data        0
    BSS         18
    Persistent  0
    Stack       0

Auto Spaces:
    Space          Size  Autos    Used
    COMRAM          126      2      20
    BANK0           128      0       0
    BANK1           256      0       0
    BANK2           256      0       0
    BANK3           256      0       0
    BANK4           256      0       0
    BANK5           244      0       0

Pointer List with Targets:

    None.

Critical Paths under _main in COMRAM

    None.

Critical Paths under _Hi_ISR in COMRAM

    None.

Critical Paths under _main in BANK0

    None.

Critical Paths under _Hi_ISR in BANK0

    None.

Critical Paths under _main in BANK1

    None.

Critical Paths under _Hi_ISR in BANK1

    None.

Critical Paths under _main in BANK2

    None.

Critical Paths under _Hi_ISR in BANK2

    None.

Critical Paths under _main in BANK3

    None.

Critical Paths under _Hi_ISR in BANK3

    None.

Critical Paths under _main in BANK4

    None.

Critical Paths under _Hi_ISR in BANK4

    None.

Critical Paths under _main in BANK5

    None.

Critical Paths under _Hi_ISR in BANK5

    None.

Call Graph Tables:

 ---------------------------------------------------------------------------------
 (Depth) Function   	        Calls       Base Space   Used Autos Params    Refs
 ---------------------------------------------------------------------------------
 (0) _main                                                 0     0      0       0
                           _adc_init
                          _ccp2_init
                           _tmr_init
 ---------------------------------------------------------------------------------
 (1) _tmr_init                                             0     0      0       0
 ---------------------------------------------------------------------------------
 (1) _ccp2_init                                            0     0      0       0
 ---------------------------------------------------------------------------------
 (1) _adc_init                                             0     0      0       0
 ---------------------------------------------------------------------------------
 Estimated maximum stack depth 1
 ---------------------------------------------------------------------------------
 (Depth) Function   	        Calls       Base Space   Used Autos Params    Refs
 ---------------------------------------------------------------------------------
 (2) _Hi_ISR                                               2     2      0       0
                                              0 COMRAM     2     2      0
 ---------------------------------------------------------------------------------
 Estimated maximum stack depth 2
 ---------------------------------------------------------------------------------

 Call Graph Graphs:

 _main (ROOT)
   _adc_init
   _ccp2_init
   _tmr_init

 _Hi_ISR (ROOT)

 Address spaces:
Name               Size   Autos  Total    Cost      Usage
BIGRAM             5F3      0       0      16        0.0%
EEDATA             100      0       0       0        0.0%
BITBANK4           100      0       0      11        0.0%
BANK4              100      0       0      12        0.0%
BITBANK3           100      0       0       9        0.0%
BANK3              100      0       0      10        0.0%
BITBANK2           100      0       0       7        0.0%
BANK2              100      0       0       8        0.0%
BITBANK1           100      0       0       5        0.0%
BANK1              100      0       0       6        0.0%
BITBANK5            F4      0       0      15        0.0%
BANK5               F4      0       0      13        0.0%
BITBANK0            80      0       0       3        0.0%
BANK0               80      0       0       4        0.0%
BITCOMRAM           7E      0       0       0        0.0%
COMRAM              7E      2      14       1       15.9%
BITSFR_5             0      0       0     200        0.0%
SFR_5                0      0       0     200        0.0%
BITSFR_4             0      0       0     200        0.0%
SFR_4                0      0       0     200        0.0%
BITSFR_3             0      0       0     200        0.0%
SFR_3                0      0       0     200        0.0%
BITSFR_2             0      0       0     200        0.0%
SFR_2                0      0       0     200        0.0%
BITSFR_1             0      0       0     200        0.0%
SFR_1                0      0       0     200        0.0%
BITSFR               0      0       0     200        0.0%
SFR                  0      0       0     200        0.0%
STACK                0      0       0       2        0.0%
NULL                 0      0       0       0        0.0%
ABS                  0      0      14      14        0.0%
DATA                 0      0      14      17        0.0%
CODE                 0      0       0       0        0.0%


Microchip Technology PIC18 Macro Assembler V2.00 build -1524193055 
Symbol Table                                                                                   Thu Dec 13 16:07:35 2018

                      _i 0011                       l71 00FC                       l80 012E  
                     l72 00FC                       l73 0100                       l74 0100  
                     l83 0138                       l77 00EA                      l811 00F8  
                    l805 00EC                      l807 00F0                      l761 00C2  
                    l809 00F4                      l771 00E2                      l763 00CA  
                    l773 00E4                      l765 00CC                      l781 0126  
                    l775 00E6                      l767 00DE                      l759 00B6  
                    l783 0130                      l777 00E8                      l769 00E0  
                    l779 011A                      wreg 000FE8             __CFG_LVP$OFF 000000  
           __CFG_WDT$OFF 000000                     _ADIP 007CFE                     _IPEN 007E87  
                   i2l61 0084                     i2l62 0074                     i2l63 0080  
                   i2l64 00A6                     i2l65 00A2                     i2l66 00AA  
                   _main 00EC                     fsr2h 000FDA                     fsr2l 000FD9  
                   btemp 0015                     start 000E             ___param_bank 000000  
                  ?_main 0013                    _ADRES 000FC3                    _CCPR2 000FBB  
                  i2l801 009C                    i2l803 00AA                    i2l791 0048  
                  i2l793 0064                    i2l785 001C                    i2l795 0074  
                  i2l787 002A                    i2l797 0092                    i2l789 002E  
                  i2l799 0094                    _TRISD 000F95                    _array 0001  
                  ttemp5 0016                    ttemp6 0019                    ttemp7 001D  
                  status 000FD8                    wtemp8 0016          __initialization 0104  
           __end_of_main 0104                   ??_main 0015            __activetblptr 000000  
                 _CCP2M0 007DD0                   _CCP2M1 007DD1                   _CCP2M2 007DD2  
                 _CCP2M3 007DD3                   _CCP2IE 007D00                   _CCP2IP 007D10  
                 _T3CCP1 007D8B                   _T3CCP2 007D8E         __end_of_adc_init 00EC  
                 _TMR3ON 007D88                   i2u1_40 002A                   i2u1_41 0026  
                 i2u2_40 0064                   i2u2_41 0060                   i2u3_40 0092  
                 i2u3_41 008E                   _Hi_ISR 0008                   clear_0 010A  
       __end_of_tmr_init 013A       __size_of_ccp2_init 0016               __accesstop 0080  
__end_of__initialization 0110            ___rparam_used 000001           __pcstackCOMRAM 0013  
                ?_Hi_ISR 0013        __end_of_ccp2_init 0130                ?_adc_init 0013  
        __size_of_Hi_ISR 00AE                  __Hparam 0000                  __Lparam 0000  
              ?_tmr_init 0013                  __pcinit 0104                  __ramtop 0600  
             ??_adc_init 0015                  __ptext0 00EC                  __ptext1 0130  
                __ptext2 011A                  __ptext3 00B6                _T3CONbits 000FB1  
         __pintcode_body 0012     end_of_initialization 0110                  int_func 0012  
                postdec2 000FDD                  postinc0 000FEE                  postinc2 000FDE  
             ??_tmr_init 0015                _TRISEbits 000F96           __end_of_Hi_ISR 00B6  
    start_initialization 0104         __CFG_OSC$INTIO67 000000                 ??_Hi_ISR 0013  
      __size_of_adc_init 0036              __pbssCOMRAM 0001                _ccp2_init 011A  
              __pintcode 0008        __size_of_tmr_init 000A               ?_ccp2_init 0013  
               _PIE1bits 000F9D                 _PIR1bits 000F9E                 _PIR2bits 000FA1  
             _ADCON0bits 000FC2               _ADCON1bits 000FC1               _ADCON2bits 000FC0  
               __Hrparam 0000                 __Lrparam 0000                 _adc_init 00B6  
            ??_ccp2_init 0015            __size_of_main 0018                 int$flags 0015  
               _tmr_init 0130               _INTCONbits 000FF2                 intlevel2 0000  
