

Microchip Technology PIC18 LITE Macro Assembler V2.00 build -1524193055 
                                                                                               Sat Oct 27 15:18:57 2018

Microchip Technology Omniscient Code Generator v2.00 (Free mode) build 20180527130849
     1  0000                     
     2                           ; Version 2.00
     3                           ; Generated 27/05/2018 GMT
     4                           
     5                           ; 
     6                           ; Copyright © 2018, Microchip Technology Inc. and its subsidiaries ("Microchip")
     7                           ; All rights reserved.
     8                           ; 
     9                           ; This software is developed by Microchip Technology Inc. and its subsidiaries ("Microch
                                 ip").
    10                           ; 
    11                           ; Redistribution and use in source and binary forms, with or without modification, are
    12                           ; permitted provided that the following conditions are met:
    13                           ; 
    14                           ;     1. Redistributions of source code must retain the above copyright notice, this lis
                                 t of
    15                           ;        conditions and the following disclaimer.
    16                           ; 
    17                           ;     2. Redistributions in binary form must reproduce the above copyright notice, this 
                                 list
    18                           ;        of conditions and the following disclaimer in the documentation and/or other
    19                           ;        materials provided with the distribution.
    20                           ; 
    21                           ;     3. Microchip's name may not be used to endorse or promote products derived from th
                                 is
    22                           ;        software without specific prior written permission.
    23                           ; 
    24                           ; THIS SOFTWARE IS PROVIDED BY MICROCHIP "AS IS" AND ANY EXPRESS OR IMPLIED WARRANTIES,

    25                           ; INCLUDING, BUT NOT LIMITED TO, THE IMPLIED WARRANTIES OF MERCHANTABILITY AND FITNESS F
                                 OR
    26                           ; PURPOSE ARE DISCLAIMED.  IN NO EVENT SHALL MICROCHIP BE LIABLE FOR ANY DIRECT, INDIREC
                                 T,
    27                           ; INCIDENTAL, SPECIAL, EXEMPLARY, OR CONSEQUENTIAL DAMAGES (INCLUDING BUT NOT LIMITED TO
                                 
    28                           ; PROCUREMENT OF SUBSTITUTE GOODS OR SERVICES; LOSS OF USE, DATA OR PROFITS; OR BUSINESS
                                 
    29                           ; INTERRUPTION) HOWSOEVER CAUSED AND ON ANY THEORY OF LIABILITY, WHETHER IN CONTRACT, ST
                                 RICT
    30                           ; LIABILITY, OR TORT (INCLUDING NEGLIGENCE OR OTHERWISE) ARISING IN ANY WAY OUT OF THE U
                                 SE OF
    31                           ; THIS SOFTWARE, EVEN IF ADVISED OF THE POSSIBILITY OF SUCH DAMAGE.
    32                           ; 
    33                           
    34                           
    35                           ; 
    36                           ; Code-generator required, PIC18F4520 Definitions
    37                           ; 
    38  0000                     fsr0 equ 0FE9h
    39  0000                     fsr0h equ 0FEAh
    40  0000                     fsr0l equ 0FE9h
    41  0000                     fsr1 equ 0FE1h
    42  0000                     fsr1h equ 0FE2h
    43  0000                     fsr1l equ 0FE1h
    44  0000                     fsr2 equ 0FD9h
    45  0000                     fsr2h equ 0FDAh
    46  0000                     fsr2l equ 0FD9h
    47  0000                     indf0 equ 0FEFh
    48  0000                     indf1 equ 0FE7h
    49  0000                     indf2 equ 0FDFh
    50  0000                     intcon equ 0FF2h
    51  0000                     nvmcon equ 00h
    52  0000                     pcl equ 0FF9h
    53  0000                     pclath equ 0FFAh
    54  0000                     pclatu equ 0FFBh
    55  0000                     plusw0 equ 0FEBh
    56  0000                     plusw1 equ 0FE3h
    57  0000                     plusw2 equ 0FDBh
    58  0000                     postdec0 equ 0FEDh
    59  0000                     postdec1 equ 0FE5h
    60  0000                     postdec2 equ 0FDDh
    61  0000                     postinc0 equ 0FEEh
    62  0000                     postinc1 equ 0FE6h
    63  0000                     postinc2 equ 0FDEh
    64  0000                     preinc0 equ 0FECh
    65  0000                     preinc1 equ 0FE4h
    66  0000                     preinc2 equ 0FDCh
    67  0000                     prod equ 0FF3h
    68  0000                     prodh equ 0FF4h
    69  0000                     prodl equ 0FF3h
    70  0000                     status equ 0FD8h
    71  0000                     tablat equ 0FF5h
    72  0000                     tblptr equ 0FF6h
    73  0000                     tblptrh equ 0FF7h
    74  0000                     tblptrl equ 0FF6h
    75  0000                     tblptru equ 0FF8h
    76  0000                     tosl equ 0FFDh
    77  0000                     wreg equ 0FE8h
    78  0000                     
     2                           opt pagewidth 120
     3  0000                     byte0	macro	val
     4                           	(getbyte(val,0))
     5                           endm
     6  0000                     byte1	macro	val
     7                           	(getbyte(val,1))
     8                           endm
     9  0000                     byte2	macro	val
    10                           	(getbyte(val,2))
    11                           endm
    12  0000                     byte3	macro	val
    13                           	(getbyte(val,3))
    14                           endm
    15  0000                     byte4	macro	val
    16                           	(getbyte(val,4))
    17                           endm
    18  0000                     byte5	macro	val
    19                           	(getbyte(val,5))
    20                           endm
    21  0000                     byte6	macro	val
    22                           	(getbyte(val,6))
    23                           endm
    24  0000                     byte7	macro	val
    25                           	(getbyte(val,7))
    26                           endm
    27  0000                     getword	macro	val,pos
    28                           	(((val) >> (8 * pos)) and 0xffff)
    29                           endm
    30  0000                     word0	macro	val
    31                           	(getword(val,0))
    32                           endm
    33  0000                     word1	macro	val
    34                           	(getword(val,2))
    35                           endm
    36  0000                     word2	macro	val
    37                           	(getword(val,4))
    38                           endm
    39  0000                     word3	macro	val
    40                           	(getword(val,6))
    41                           endm
    42  0000                     gettword	macro	val,pos
    43                           	(((val) >> (8 * pos)) and 0xffffff)
    44                           endm
    45  0000                     tword0	macro	val
    46                           	(gettword(val,0))
    47                           endm
    48  0000                     tword1	macro	val
    49                           	(gettword(val,3))
    50                           endm
    51  0000                     tword2	macro	val
    52                           	(gettword(val,6))
    53                           endm
    54  0000                     getdword	macro	val,pos
    55                           	(((val) >> (8 * pos)) and 0xffffffff)
    56                           endm
    57  0000                     dword0	macro	val
    58                           	(getdword(val,0))
    59                           endm
    60  0000                     dword1	macro	val
    61                           	(getdword(val,4))
    62                           endm
    63  0000                     clrc   macro
    64                           	bcf	status,0
    65                           endm
    66  0000                     setc   macro
    67                           	bsf	status,0
    68                           endm
    69  0000                     clrz   macro
    70                           	bcf	status,2
    71                           endm
    72  0000                     setz   macro
    73                           	bsf	status,2
    74                           endm
    75  0000                     skipnz macro
    76                           	btfsc	status,2
    77                           endm
    78  0000                     skipz  macro
    79                           	btfss	status,2
    80                           endm
    81  0000                     skipnc macro
    82                           	btfsc	status,0
    83                           endm
    84  0000                     skipc  macro
    85                           	btfss	status,0
    86                           endm
    87  0000                     pushw macro
    88                           	movwf postinc1
    89                           endm
    90  0000                     pushf macro arg1
    91                           	movff arg1, postinc1
    92                           endm
    93  0000                     popw macro
    94                           	movf postdec1,f
    95                           	movf indf1,w
    96                           endm
    97  0000                     popf macro arg1
    98                           	movf postdec1,f
    99                           	movff indf1,arg1
   100                           endm
   101  0000                     popfc macro arg1
   102                           	movff plusw1,arg1
   103                           	decfsz fsr1,f
   104                           endm
   105  0000                     	global	__ramtop
   106                           	global	__accesstop
   107                           # 54 "C:\Program Files (x86)\Microchip\xc8\v2.00\pic\include\pic18f4520.h"
   108                           PORTA equ 0F80h ;# 
   109  0000                     # 273 "C:\Program Files (x86)\Microchip\xc8\v2.00\pic\include\pic18f4520.h"
   110                           PORTB equ 0F81h ;# 
   111  0000                     # 452 "C:\Program Files (x86)\Microchip\xc8\v2.00\pic\include\pic18f4520.h"
   112                           PORTC equ 0F82h ;# 
   113  0000                     # 634 "C:\Program Files (x86)\Microchip\xc8\v2.00\pic\include\pic18f4520.h"
   114                           PORTD equ 0F83h ;# 
   115  0000                     # 776 "C:\Program Files (x86)\Microchip\xc8\v2.00\pic\include\pic18f4520.h"
   116                           PORTE equ 0F84h ;# 
   117  0000                     # 979 "C:\Program Files (x86)\Microchip\xc8\v2.00\pic\include\pic18f4520.h"
   118                           LATA equ 0F89h ;# 
   119  0000                     # 1091 "C:\Program Files (x86)\Microchip\xc8\v2.00\pic\include\pic18f4520.h"
   120                           LATB equ 0F8Ah ;# 
   121  0000                     # 1203 "C:\Program Files (x86)\Microchip\xc8\v2.00\pic\include\pic18f4520.h"
   122                           LATC equ 0F8Bh ;# 
   123  0000                     # 1315 "C:\Program Files (x86)\Microchip\xc8\v2.00\pic\include\pic18f4520.h"
   124                           LATD equ 0F8Ch ;# 
   125  0000                     # 1427 "C:\Program Files (x86)\Microchip\xc8\v2.00\pic\include\pic18f4520.h"
   126                           LATE equ 0F8Dh ;# 
   127  0000                     # 1479 "C:\Program Files (x86)\Microchip\xc8\v2.00\pic\include\pic18f4520.h"
   128                           TRISA equ 0F92h ;# 
   129  0000                     # 1484 "C:\Program Files (x86)\Microchip\xc8\v2.00\pic\include\pic18f4520.h"
   130                           DDRA equ 0F92h ;# 
   131  0000                     # 1701 "C:\Program Files (x86)\Microchip\xc8\v2.00\pic\include\pic18f4520.h"
   132                           TRISB equ 0F93h ;# 
   133  0000                     # 1706 "C:\Program Files (x86)\Microchip\xc8\v2.00\pic\include\pic18f4520.h"
   134                           DDRB equ 0F93h ;# 
   135  0000                     # 1923 "C:\Program Files (x86)\Microchip\xc8\v2.00\pic\include\pic18f4520.h"
   136                           TRISC equ 0F94h ;# 
   137  0000                     # 1928 "C:\Program Files (x86)\Microchip\xc8\v2.00\pic\include\pic18f4520.h"
   138                           DDRC equ 0F94h ;# 
   139  0000                     # 2145 "C:\Program Files (x86)\Microchip\xc8\v2.00\pic\include\pic18f4520.h"
   140                           TRISD equ 0F95h ;# 
   141  0000                     # 2150 "C:\Program Files (x86)\Microchip\xc8\v2.00\pic\include\pic18f4520.h"
   142                           DDRD equ 0F95h ;# 
   143  0000                     # 2367 "C:\Program Files (x86)\Microchip\xc8\v2.00\pic\include\pic18f4520.h"
   144                           TRISE equ 0F96h ;# 
   145  0000                     # 2372 "C:\Program Files (x86)\Microchip\xc8\v2.00\pic\include\pic18f4520.h"
   146                           DDRE equ 0F96h ;# 
   147  0000                     # 2531 "C:\Program Files (x86)\Microchip\xc8\v2.00\pic\include\pic18f4520.h"
   148                           OSCTUNE equ 0F9Bh ;# 
   149  0000                     # 2596 "C:\Program Files (x86)\Microchip\xc8\v2.00\pic\include\pic18f4520.h"
   150                           PIE1 equ 0F9Dh ;# 
   151  0000                     # 2673 "C:\Program Files (x86)\Microchip\xc8\v2.00\pic\include\pic18f4520.h"
   152                           PIR1 equ 0F9Eh ;# 
   153  0000                     # 2750 "C:\Program Files (x86)\Microchip\xc8\v2.00\pic\include\pic18f4520.h"
   154                           IPR1 equ 0F9Fh ;# 
   155  0000                     # 2827 "C:\Program Files (x86)\Microchip\xc8\v2.00\pic\include\pic18f4520.h"
   156                           PIE2 equ 0FA0h ;# 
   157  0000                     # 2893 "C:\Program Files (x86)\Microchip\xc8\v2.00\pic\include\pic18f4520.h"
   158                           PIR2 equ 0FA1h ;# 
   159  0000                     # 2959 "C:\Program Files (x86)\Microchip\xc8\v2.00\pic\include\pic18f4520.h"
   160                           IPR2 equ 0FA2h ;# 
   161  0000                     # 3025 "C:\Program Files (x86)\Microchip\xc8\v2.00\pic\include\pic18f4520.h"
   162                           EECON1 equ 0FA6h ;# 
   163  0000                     # 3091 "C:\Program Files (x86)\Microchip\xc8\v2.00\pic\include\pic18f4520.h"
   164                           EECON2 equ 0FA7h ;# 
   165  0000                     # 3098 "C:\Program Files (x86)\Microchip\xc8\v2.00\pic\include\pic18f4520.h"
   166                           EEDATA equ 0FA8h ;# 
   167  0000                     # 3105 "C:\Program Files (x86)\Microchip\xc8\v2.00\pic\include\pic18f4520.h"
   168                           EEADR equ 0FA9h ;# 
   169  0000                     # 3112 "C:\Program Files (x86)\Microchip\xc8\v2.00\pic\include\pic18f4520.h"
   170                           RCSTA equ 0FABh ;# 
   171  0000                     # 3117 "C:\Program Files (x86)\Microchip\xc8\v2.00\pic\include\pic18f4520.h"
   172                           RCSTA1 equ 0FABh ;# 
   173  0000                     # 3322 "C:\Program Files (x86)\Microchip\xc8\v2.00\pic\include\pic18f4520.h"
   174                           TXSTA equ 0FACh ;# 
   175  0000                     # 3327 "C:\Program Files (x86)\Microchip\xc8\v2.00\pic\include\pic18f4520.h"
   176                           TXSTA1 equ 0FACh ;# 
   177  0000                     # 3578 "C:\Program Files (x86)\Microchip\xc8\v2.00\pic\include\pic18f4520.h"
   178                           TXREG equ 0FADh ;# 
   179  0000                     # 3583 "C:\Program Files (x86)\Microchip\xc8\v2.00\pic\include\pic18f4520.h"
   180                           TXREG1 equ 0FADh ;# 
   181  0000                     # 3590 "C:\Program Files (x86)\Microchip\xc8\v2.00\pic\include\pic18f4520.h"
   182                           RCREG equ 0FAEh ;# 
   183  0000                     # 3595 "C:\Program Files (x86)\Microchip\xc8\v2.00\pic\include\pic18f4520.h"
   184                           RCREG1 equ 0FAEh ;# 
   185  0000                     # 3602 "C:\Program Files (x86)\Microchip\xc8\v2.00\pic\include\pic18f4520.h"
   186                           SPBRG equ 0FAFh ;# 
   187  0000                     # 3607 "C:\Program Files (x86)\Microchip\xc8\v2.00\pic\include\pic18f4520.h"
   188                           SPBRG1 equ 0FAFh ;# 
   189  0000                     # 3614 "C:\Program Files (x86)\Microchip\xc8\v2.00\pic\include\pic18f4520.h"
   190                           SPBRGH equ 0FB0h ;# 
   191  0000                     # 3621 "C:\Program Files (x86)\Microchip\xc8\v2.00\pic\include\pic18f4520.h"
   192                           T3CON equ 0FB1h ;# 
   193  0000                     # 3733 "C:\Program Files (x86)\Microchip\xc8\v2.00\pic\include\pic18f4520.h"
   194                           TMR3 equ 0FB2h ;# 
   195  0000                     # 3740 "C:\Program Files (x86)\Microchip\xc8\v2.00\pic\include\pic18f4520.h"
   196                           TMR3L equ 0FB2h ;# 
   197  0000                     # 3747 "C:\Program Files (x86)\Microchip\xc8\v2.00\pic\include\pic18f4520.h"
   198                           TMR3H equ 0FB3h ;# 
   199  0000                     # 3754 "C:\Program Files (x86)\Microchip\xc8\v2.00\pic\include\pic18f4520.h"
   200                           CMCON equ 0FB4h ;# 
   201  0000                     # 3844 "C:\Program Files (x86)\Microchip\xc8\v2.00\pic\include\pic18f4520.h"
   202                           CVRCON equ 0FB5h ;# 
   203  0000                     # 3923 "C:\Program Files (x86)\Microchip\xc8\v2.00\pic\include\pic18f4520.h"
   204                           ECCP1AS equ 0FB6h ;# 
   205  0000                     # 3928 "C:\Program Files (x86)\Microchip\xc8\v2.00\pic\include\pic18f4520.h"
   206                           ECCPAS equ 0FB6h ;# 
   207  0000                     # 4085 "C:\Program Files (x86)\Microchip\xc8\v2.00\pic\include\pic18f4520.h"
   208                           PWM1CON equ 0FB7h ;# 
   209  0000                     # 4090 "C:\Program Files (x86)\Microchip\xc8\v2.00\pic\include\pic18f4520.h"
   210                           ECCP1DEL equ 0FB7h ;# 
   211  0000                     # 4223 "C:\Program Files (x86)\Microchip\xc8\v2.00\pic\include\pic18f4520.h"
   212                           BAUDCON equ 0FB8h ;# 
   213  0000                     # 4228 "C:\Program Files (x86)\Microchip\xc8\v2.00\pic\include\pic18f4520.h"
   214                           BAUDCTL equ 0FB8h ;# 
   215  0000                     # 4403 "C:\Program Files (x86)\Microchip\xc8\v2.00\pic\include\pic18f4520.h"
   216                           CCP2CON equ 0FBAh ;# 
   217  0000                     # 4482 "C:\Program Files (x86)\Microchip\xc8\v2.00\pic\include\pic18f4520.h"
   218                           CCPR2 equ 0FBBh ;# 
   219  0000                     # 4489 "C:\Program Files (x86)\Microchip\xc8\v2.00\pic\include\pic18f4520.h"
   220                           CCPR2L equ 0FBBh ;# 
   221  0000                     # 4496 "C:\Program Files (x86)\Microchip\xc8\v2.00\pic\include\pic18f4520.h"
   222                           CCPR2H equ 0FBCh ;# 
   223  0000                     # 4503 "C:\Program Files (x86)\Microchip\xc8\v2.00\pic\include\pic18f4520.h"
   224                           CCP1CON equ 0FBDh ;# 
   225  0000                     # 4600 "C:\Program Files (x86)\Microchip\xc8\v2.00\pic\include\pic18f4520.h"
   226                           CCPR1 equ 0FBEh ;# 
   227  0000                     # 4607 "C:\Program Files (x86)\Microchip\xc8\v2.00\pic\include\pic18f4520.h"
   228                           CCPR1L equ 0FBEh ;# 
   229  0000                     # 4614 "C:\Program Files (x86)\Microchip\xc8\v2.00\pic\include\pic18f4520.h"
   230                           CCPR1H equ 0FBFh ;# 
   231  0000                     # 4621 "C:\Program Files (x86)\Microchip\xc8\v2.00\pic\include\pic18f4520.h"
   232                           ADCON2 equ 0FC0h ;# 
   233  0000                     # 4692 "C:\Program Files (x86)\Microchip\xc8\v2.00\pic\include\pic18f4520.h"
   234                           ADCON1 equ 0FC1h ;# 
   235  0000                     # 4777 "C:\Program Files (x86)\Microchip\xc8\v2.00\pic\include\pic18f4520.h"
   236                           ADCON0 equ 0FC2h ;# 
   237  0000                     # 4896 "C:\Program Files (x86)\Microchip\xc8\v2.00\pic\include\pic18f4520.h"
   238                           ADRES equ 0FC3h ;# 
   239  0000                     # 4903 "C:\Program Files (x86)\Microchip\xc8\v2.00\pic\include\pic18f4520.h"
   240                           ADRESL equ 0FC3h ;# 
   241  0000                     # 4910 "C:\Program Files (x86)\Microchip\xc8\v2.00\pic\include\pic18f4520.h"
   242                           ADRESH equ 0FC4h ;# 
   243  0000                     # 4917 "C:\Program Files (x86)\Microchip\xc8\v2.00\pic\include\pic18f4520.h"
   244                           SSPCON2 equ 0FC5h ;# 
   245  0000                     # 5012 "C:\Program Files (x86)\Microchip\xc8\v2.00\pic\include\pic18f4520.h"
   246                           SSPCON1 equ 0FC6h ;# 
   247  0000                     # 5082 "C:\Program Files (x86)\Microchip\xc8\v2.00\pic\include\pic18f4520.h"
   248                           SSPSTAT equ 0FC7h ;# 
   249  0000                     # 5303 "C:\Program Files (x86)\Microchip\xc8\v2.00\pic\include\pic18f4520.h"
   250                           SSPADD equ 0FC8h ;# 
   251  0000                     # 5310 "C:\Program Files (x86)\Microchip\xc8\v2.00\pic\include\pic18f4520.h"
   252                           SSPBUF equ 0FC9h ;# 
   253  0000                     # 5317 "C:\Program Files (x86)\Microchip\xc8\v2.00\pic\include\pic18f4520.h"
   254                           T2CON equ 0FCAh ;# 
   255  0000                     # 5415 "C:\Program Files (x86)\Microchip\xc8\v2.00\pic\include\pic18f4520.h"
   256                           PR2 equ 0FCBh ;# 
   257  0000                     # 5420 "C:\Program Files (x86)\Microchip\xc8\v2.00\pic\include\pic18f4520.h"
   258                           MEMCON equ 0FCBh ;# 
   259  0000                     # 5525 "C:\Program Files (x86)\Microchip\xc8\v2.00\pic\include\pic18f4520.h"
   260                           TMR2 equ 0FCCh ;# 
   261  0000                     # 5532 "C:\Program Files (x86)\Microchip\xc8\v2.00\pic\include\pic18f4520.h"
   262                           T1CON equ 0FCDh ;# 
   263  0000                     # 5635 "C:\Program Files (x86)\Microchip\xc8\v2.00\pic\include\pic18f4520.h"
   264                           TMR1 equ 0FCEh ;# 
   265  0000                     # 5642 "C:\Program Files (x86)\Microchip\xc8\v2.00\pic\include\pic18f4520.h"
   266                           TMR1L equ 0FCEh ;# 
   267  0000                     # 5649 "C:\Program Files (x86)\Microchip\xc8\v2.00\pic\include\pic18f4520.h"
   268                           TMR1H equ 0FCFh ;# 
   269  0000                     # 5656 "C:\Program Files (x86)\Microchip\xc8\v2.00\pic\include\pic18f4520.h"
   270                           RCON equ 0FD0h ;# 
   271  0000                     # 5789 "C:\Program Files (x86)\Microchip\xc8\v2.00\pic\include\pic18f4520.h"
   272                           WDTCON equ 0FD1h ;# 
   273  0000                     # 5817 "C:\Program Files (x86)\Microchip\xc8\v2.00\pic\include\pic18f4520.h"
   274                           HLVDCON equ 0FD2h ;# 
   275  0000                     # 5822 "C:\Program Files (x86)\Microchip\xc8\v2.00\pic\include\pic18f4520.h"
   276                           LVDCON equ 0FD2h ;# 
   277  0000                     # 6087 "C:\Program Files (x86)\Microchip\xc8\v2.00\pic\include\pic18f4520.h"
   278                           OSCCON equ 0FD3h ;# 
   279  0000                     # 6170 "C:\Program Files (x86)\Microchip\xc8\v2.00\pic\include\pic18f4520.h"
   280                           T0CON equ 0FD5h ;# 
   281  0000                     # 6253 "C:\Program Files (x86)\Microchip\xc8\v2.00\pic\include\pic18f4520.h"
   282                           TMR0 equ 0FD6h ;# 
   283  0000                     # 6260 "C:\Program Files (x86)\Microchip\xc8\v2.00\pic\include\pic18f4520.h"
   284                           TMR0L equ 0FD6h ;# 
   285  0000                     # 6267 "C:\Program Files (x86)\Microchip\xc8\v2.00\pic\include\pic18f4520.h"
   286                           TMR0H equ 0FD7h ;# 
   287  0000                     # 6274 "C:\Program Files (x86)\Microchip\xc8\v2.00\pic\include\pic18f4520.h"
   288                           STATUS equ 0FD8h ;# 
   289  0000                     # 6345 "C:\Program Files (x86)\Microchip\xc8\v2.00\pic\include\pic18f4520.h"
   290                           FSR2 equ 0FD9h ;# 
   291  0000                     # 6352 "C:\Program Files (x86)\Microchip\xc8\v2.00\pic\include\pic18f4520.h"
   292                           FSR2L equ 0FD9h ;# 
   293  0000                     # 6359 "C:\Program Files (x86)\Microchip\xc8\v2.00\pic\include\pic18f4520.h"
   294                           FSR2H equ 0FDAh ;# 
   295  0000                     # 6366 "C:\Program Files (x86)\Microchip\xc8\v2.00\pic\include\pic18f4520.h"
   296                           PLUSW2 equ 0FDBh ;# 
   297  0000                     # 6373 "C:\Program Files (x86)\Microchip\xc8\v2.00\pic\include\pic18f4520.h"
   298                           PREINC2 equ 0FDCh ;# 
   299  0000                     # 6380 "C:\Program Files (x86)\Microchip\xc8\v2.00\pic\include\pic18f4520.h"
   300                           POSTDEC2 equ 0FDDh ;# 
   301  0000                     # 6387 "C:\Program Files (x86)\Microchip\xc8\v2.00\pic\include\pic18f4520.h"
   302                           POSTINC2 equ 0FDEh ;# 
   303  0000                     # 6394 "C:\Program Files (x86)\Microchip\xc8\v2.00\pic\include\pic18f4520.h"
   304                           INDF2 equ 0FDFh ;# 
   305  0000                     # 6401 "C:\Program Files (x86)\Microchip\xc8\v2.00\pic\include\pic18f4520.h"
   306                           BSR equ 0FE0h ;# 
   307  0000                     # 6408 "C:\Program Files (x86)\Microchip\xc8\v2.00\pic\include\pic18f4520.h"
   308                           FSR1 equ 0FE1h ;# 
   309  0000                     # 6415 "C:\Program Files (x86)\Microchip\xc8\v2.00\pic\include\pic18f4520.h"
   310                           FSR1L equ 0FE1h ;# 
   311  0000                     # 6422 "C:\Program Files (x86)\Microchip\xc8\v2.00\pic\include\pic18f4520.h"
   312                           FSR1H equ 0FE2h ;# 
   313  0000                     # 6429 "C:\Program Files (x86)\Microchip\xc8\v2.00\pic\include\pic18f4520.h"
   314                           PLUSW1 equ 0FE3h ;# 
   315  0000                     # 6436 "C:\Program Files (x86)\Microchip\xc8\v2.00\pic\include\pic18f4520.h"
   316                           PREINC1 equ 0FE4h ;# 
   317  0000                     # 6443 "C:\Program Files (x86)\Microchip\xc8\v2.00\pic\include\pic18f4520.h"
   318                           POSTDEC1 equ 0FE5h ;# 
   319  0000                     # 6450 "C:\Program Files (x86)\Microchip\xc8\v2.00\pic\include\pic18f4520.h"
   320                           POSTINC1 equ 0FE6h ;# 
   321  0000                     # 6457 "C:\Program Files (x86)\Microchip\xc8\v2.00\pic\include\pic18f4520.h"
   322                           INDF1 equ 0FE7h ;# 
   323  0000                     # 6464 "C:\Program Files (x86)\Microchip\xc8\v2.00\pic\include\pic18f4520.h"
   324                           WREG equ 0FE8h ;# 
   325  0000                     # 6476 "C:\Program Files (x86)\Microchip\xc8\v2.00\pic\include\pic18f4520.h"
   326                           FSR0 equ 0FE9h ;# 
   327  0000                     # 6483 "C:\Program Files (x86)\Microchip\xc8\v2.00\pic\include\pic18f4520.h"
   328                           FSR0L equ 0FE9h ;# 
   329  0000                     # 6490 "C:\Program Files (x86)\Microchip\xc8\v2.00\pic\include\pic18f4520.h"
   330                           FSR0H equ 0FEAh ;# 
   331  0000                     # 6497 "C:\Program Files (x86)\Microchip\xc8\v2.00\pic\include\pic18f4520.h"
   332                           PLUSW0 equ 0FEBh ;# 
   333  0000                     # 6504 "C:\Program Files (x86)\Microchip\xc8\v2.00\pic\include\pic18f4520.h"
   334                           PREINC0 equ 0FECh ;# 
   335  0000                     # 6511 "C:\Program Files (x86)\Microchip\xc8\v2.00\pic\include\pic18f4520.h"
   336                           POSTDEC0 equ 0FEDh ;# 
   337  0000                     # 6518 "C:\Program Files (x86)\Microchip\xc8\v2.00\pic\include\pic18f4520.h"
   338                           POSTINC0 equ 0FEEh ;# 
   339  0000                     # 6525 "C:\Program Files (x86)\Microchip\xc8\v2.00\pic\include\pic18f4520.h"
   340                           INDF0 equ 0FEFh ;# 
   341  0000                     # 6532 "C:\Program Files (x86)\Microchip\xc8\v2.00\pic\include\pic18f4520.h"
   342                           INTCON3 equ 0FF0h ;# 
   343  0000                     # 6624 "C:\Program Files (x86)\Microchip\xc8\v2.00\pic\include\pic18f4520.h"
   344                           INTCON2 equ 0FF1h ;# 
   345  0000                     # 6694 "C:\Program Files (x86)\Microchip\xc8\v2.00\pic\include\pic18f4520.h"
   346                           INTCON equ 0FF2h ;# 
   347  0000                     # 6811 "C:\Program Files (x86)\Microchip\xc8\v2.00\pic\include\pic18f4520.h"
   348                           PROD equ 0FF3h ;# 
   349  0000                     # 6818 "C:\Program Files (x86)\Microchip\xc8\v2.00\pic\include\pic18f4520.h"
   350                           PRODL equ 0FF3h ;# 
   351  0000                     # 6825 "C:\Program Files (x86)\Microchip\xc8\v2.00\pic\include\pic18f4520.h"
   352                           PRODH equ 0FF4h ;# 
   353  0000                     # 6832 "C:\Program Files (x86)\Microchip\xc8\v2.00\pic\include\pic18f4520.h"
   354                           TABLAT equ 0FF5h ;# 
   355  0000                     # 6841 "C:\Program Files (x86)\Microchip\xc8\v2.00\pic\include\pic18f4520.h"
   356                           TBLPTR equ 0FF6h ;# 
   357  0000                     # 6848 "C:\Program Files (x86)\Microchip\xc8\v2.00\pic\include\pic18f4520.h"
   358                           TBLPTRL equ 0FF6h ;# 
   359  0000                     # 6855 "C:\Program Files (x86)\Microchip\xc8\v2.00\pic\include\pic18f4520.h"
   360                           TBLPTRH equ 0FF7h ;# 
   361  0000                     # 6862 "C:\Program Files (x86)\Microchip\xc8\v2.00\pic\include\pic18f4520.h"
   362                           TBLPTRU equ 0FF8h ;# 
   363  0000                     # 6871 "C:\Program Files (x86)\Microchip\xc8\v2.00\pic\include\pic18f4520.h"
   364                           PCLAT equ 0FF9h ;# 
   365  0000                     # 6878 "C:\Program Files (x86)\Microchip\xc8\v2.00\pic\include\pic18f4520.h"
   366                           PC equ 0FF9h ;# 
   367  0000                     # 6885 "C:\Program Files (x86)\Microchip\xc8\v2.00\pic\include\pic18f4520.h"
   368                           PCL equ 0FF9h ;# 
   369  0000                     # 6892 "C:\Program Files (x86)\Microchip\xc8\v2.00\pic\include\pic18f4520.h"
   370                           PCLATH equ 0FFAh ;# 
   371  0000                     # 6899 "C:\Program Files (x86)\Microchip\xc8\v2.00\pic\include\pic18f4520.h"
   372                           PCLATU equ 0FFBh ;# 
   373  0000                     # 6906 "C:\Program Files (x86)\Microchip\xc8\v2.00\pic\include\pic18f4520.h"
   374                           STKPTR equ 0FFCh ;# 
   375  0000                     # 6980 "C:\Program Files (x86)\Microchip\xc8\v2.00\pic\include\pic18f4520.h"
   376                           TOS equ 0FFDh ;# 
   377  0000                     # 6987 "C:\Program Files (x86)\Microchip\xc8\v2.00\pic\include\pic18f4520.h"
   378                           TOSL equ 0FFDh ;# 
   379  0000                     # 6994 "C:\Program Files (x86)\Microchip\xc8\v2.00\pic\include\pic18f4520.h"
   380                           TOSH equ 0FFEh ;# 
   381  0000                     # 7001 "C:\Program Files (x86)\Microchip\xc8\v2.00\pic\include\pic18f4520.h"
   382                           TOSU equ 0FFFh ;# 
   383  0000                     	FNCALL	_main,_add
   384                           	FNCALL	_main,_sub
   385                           	FNROOT	_main
   386                           ; #config settings
   387                           	file	"C:\Users\febri\AppData\Local\Temp\sreo."
   388                           	line	#
   389                           psect	cinit,class=CODE,delta=1,reloc=2
   390                           global __pcinit
   391                           __pcinit:
   392  007F76                     global start_initialization
   393                           start_initialization:
   394  007F76                     
   395                           global __initialization
   396                           __initialization:
   397  007F76                     psect cinit,class=CODE,delta=1
   398                           global end_of_initialization,__end_of__initialization
   399                           
   400                           ;End of C runtime variable initialization code
   401                           
   402                           end_of_initialization:
   403  007F76                     __end_of__initialization:
   404  007F76                     movlb 0
   405  007F76  0100               goto _main	;jump to C main() function
   406  007F78  EFD8  F03F         psect	cstackCOMRAM,class=COMRAM,space=1,noexec
   407                           global __pcstackCOMRAM
   408                           __pcstackCOMRAM:
   409  000001                     ?_main:	; 1 bytes @ 0x0
   410  000001                     	global	?_add
   411                           ?_add:	; 2 bytes @ 0x0
   412  000001                     	global	?_sub
   413                           ?_sub:	; 2 bytes @ 0x0
   414  000001                     	global	add@a
   415                           add@a:	; 2 bytes @ 0x0
   416  000001                     	global	sub@a
   417                           sub@a:	; 2 bytes @ 0x0
   418  000001                     	ds   2
   419  000001                     	global	add@b
   420                           add@b:	; 2 bytes @ 0x2
   421  000003                     	global	sub@b
   422                           sub@b:	; 2 bytes @ 0x2
   423  000003                     	ds   2
   424  000003                     ??_add:	; 1 bytes @ 0x4
   425  000005                     ??_sub:	; 1 bytes @ 0x4
   426  000005                     	ds   2
   427  000005                     ??_main:	; 1 bytes @ 0x6
   428  000007                     	global	main@sum
   429                           main@sum:	; 2 bytes @ 0x6
   430  000007                     	ds   2
   431  000007                     	global	main@diff
   432                           main@diff:	; 2 bytes @ 0x8
   433  000009                     	ds   2
   434  000009                     	global	main@a
   435                           main@a:	; 2 bytes @ 0xA
   436  00000B                     	ds   2
   437  00000B                     	global	main@b
   438                           main@b:	; 2 bytes @ 0xC
   439  00000D                     	ds   2
   440  00000D                     ;!
   441                           ;!Data Sizes:
   442                           ;!    Strings     0
   443                           ;!    Constant    0
   444                           ;!    Data        0
   445                           ;!    BSS         0
   446                           ;!    Persistent  0
   447                           ;!    Stack       0
   448                           ;!
   449                           ;!Auto Spaces:
   450                           ;!    Space          Size  Autos    Used
   451                           ;!    COMRAM          127     14      14
   452                           ;!    BANK0           128      0       0
   453                           ;!    BANK1           256      0       0
   454                           ;!    BANK2           256      0       0
   455                           ;!    BANK3           256      0       0
   456                           ;!    BANK4           256      0       0
   457                           ;!    BANK5           256      0       0
   458                           
   459                           ;!
   460                           ;!Pointer List with Targets:
   461                           ;!
   462                           ;!    None.
   463                           
   464                           
   465                           ;!
   466                           ;!Critical Paths under _main in COMRAM
   467                           ;!
   468                           ;!    _main->_sub
   469                           ;!
   470                           ;!Critical Paths under _main in BANK0
   471                           ;!
   472                           ;!    None.
   473                           ;!
   474                           ;!Critical Paths under _main in BANK1
   475                           ;!
   476                           ;!    None.
   477                           ;!
   478                           ;!Critical Paths under _main in BANK2
   479                           ;!
   480                           ;!    None.
   481                           ;!
   482                           ;!Critical Paths under _main in BANK3
   483                           ;!
   484                           ;!    None.
   485                           ;!
   486                           ;!Critical Paths under _main in BANK4
   487                           ;!
   488                           ;!    None.
   489                           ;!
   490                           ;!Critical Paths under _main in BANK5
   491                           ;!
   492                           ;!    None.
   493                           
   494 ;;
   495 ;;Main: autosize = 0, tempsize = 0, incstack = 0, save=0
   496 ;;
   497                           
   498                           ;!
   499                           ;!Call Graph Tables:
   500                           ;!
   501                           ;! ---------------------------------------------------------------------------------
   502                           ;! (Depth) Function   	        Calls       Base Space   Used Autos Params    Refs
   503                           ;! ---------------------------------------------------------------------------------
   504                           ;! (0) _main                                                 8     8      0     484
   505                           ;!                                              6 COMRAM     8     8      0
   506                           ;!                                _add
   507                           ;!                                _sub
   508                           ;! ---------------------------------------------------------------------------------
   509                           ;! (1) _sub                                                  6     2      4     196
   510                           ;!                                              0 COMRAM     6     2      4
   511                           ;! ---------------------------------------------------------------------------------
   512                           ;! (1) _add                                                  4     0      4     196
   513                           ;!                                              0 COMRAM     4     0      4
   514                           ;! ---------------------------------------------------------------------------------
   515                           ;! Estimated maximum stack depth 1
   516                           ;! ---------------------------------------------------------------------------------
   517                           ;!
   518                           ;! Call Graph Graphs:
   519                           ;!
   520                           ;! _main (ROOT)
   521                           ;!   _add
   522                           ;!   _sub
   523                           ;!
   524                           
   525                           ;! Address spaces:
   526                           
   527                           ;!Name               Size   Autos  Total    Cost      Usage
   528                           ;!BITCOMRAM           7F      0       0       0        0.0%
   529                           ;!EEDATA             100      0       0       0        0.0%
   530                           ;!NULL                 0      0       0       0        0.0%
   531                           ;!CODE                 0      0       0       0        0.0%
   532                           ;!COMRAM              7F      E       E       1       11.0%
   533                           ;!STACK                0      0       0       2        0.0%
   534                           ;!DATA                 0      0       0       3        0.0%
   535                           ;!BITBANK0            80      0       0       4        0.0%
   536                           ;!BANK0               80      0       0       5        0.0%
   537                           ;!BITBANK1           100      0       0       6        0.0%
   538                           ;!BANK1              100      0       0       7        0.0%
   539                           ;!BITBANK2           100      0       0       8        0.0%
   540                           ;!BANK2              100      0       0       9        0.0%
   541                           ;!BITBANK3           100      0       0      10        0.0%
   542                           ;!BANK3              100      0       0      11        0.0%
   543                           ;!BITBANK4           100      0       0      12        0.0%
   544                           ;!BANK4              100      0       0      13        0.0%
   545                           ;!BANK5              100      0       0      14        0.0%
   546                           ;!ABS                  0      0       0      15        0.0%
   547                           ;!BITBANK5           100      0       0      16        0.0%
   548                           ;!BIGRAM             5FF      0       0      17        0.0%
   549                           ;!BITSFR               0      0       0     200        0.0%
   550                           ;!SFR                  0      0       0     200        0.0%
   551                           
   552                           	global	_main
   553                           
   554 ;; *************** function _main *****************
   555 ;; Defined at:
   556 ;;		line 12 in file "newmain.c"
   557 ;; Parameters:    Size  Location     Type
   558 ;;		None
   559 ;; Auto vars:     Size  Location     Type
   560 ;;  b               2   12[COMRAM] int 
   561 ;;  a               2   10[COMRAM] int 
   562 ;;  diff            2    8[COMRAM] int 
   563 ;;  sum             2    6[COMRAM] int 
   564 ;; Return value:  Size  Location     Type
   565 ;;                  1    wreg      void 
   566 ;; Registers used:
   567 ;;		wreg, status,2, status,0, cstack
   568 ;; Tracked objects:
   569 ;;		On entry : 0/0
   570 ;;		On exit  : 0/0
   571 ;;		Unchanged: 0/0
   572 ;; Data sizes:     COMRAM   BANK0   BANK1   BANK2   BANK3   BANK4   BANK5
   573 ;;      Params:         0       0       0       0       0       0       0
   574 ;;      Locals:         8       0       0       0       0       0       0
   575 ;;      Temps:          0       0       0       0       0       0       0
   576 ;;      Totals:         8       0       0       0       0       0       0
   577 ;;Total ram usage:        8 bytes
   578 ;; Hardware stack levels required when called:    1
   579 ;; This function calls:
   580 ;;		_add
   581 ;;		_sub
   582 ;; This function is called by:
   583 ;;		Startup code after reset
   584 ;; This function uses a non-reentrant model
   585 ;;
   586                           psect	text0,class=CODE,space=0,reloc=2,group=0
   587                           	file	"newmain.c"
   588                           	line	12
   589                           global __ptext0
   590                           __ptext0:
   591  007FB0                     psect	text0
   592                           	file	"newmain.c"
   593                           	line	12
   594                           	global	__size_of_main
   595                           	__size_of_main	equ	__end_of_main-_main
   596  0000                     	
   597                           _main:
   598  007FB0                     ;incstack = 0
   599                           	opt	stack 30
   600                           	line	13
   601                           	
   602                           l716:
   603  007FB0                     ;newmain.c: 13:     int a = 5;
   604                           	movlw	high(05h)
   605  007FB0  0E00               	movwf	((c:main@a+1)),c
   606  007FB2  6E0C               	movlw	low(05h)
   607  007FB4  0E05               	movwf	((c:main@a)),c
   608  007FB6  6E0B               	line	14
   609                           ;newmain.c: 14:     int b = 3;
   610                           	movlw	high(03h)
   611  007FB8  0E00               	movwf	((c:main@b+1)),c
   612  007FBA  6E0E               	movlw	low(03h)
   613  007FBC  0E03               	movwf	((c:main@b)),c
   614  007FBE  6E0D               	line	15
   615                           	
   616                           l718:
   617  007FC0                     ;newmain.c: 15:     int sum = add(a, b);
   618                           	movff	(c:main@a),(c:add@a)
   619  007FC0  C00B  F001         	movff	(c:main@a+1),(c:add@a+1)
   620  007FC4  C00C  F002         	movff	(c:main@b),(c:add@b)
   621  007FC8  C00D  F003         	movff	(c:main@b+1),(c:add@b+1)
   622  007FCC  C00E  F004         	call	_add	;wreg free
   623  007FD0  ECBE  F03F         	movff	0+?_add,(c:main@sum)
   624  007FD4  C001  F007         	movff	1+?_add,(c:main@sum+1)
   625  007FD8  C002  F008         	line	16
   626                           	
   627                           l720:
   628  007FDC                     ;newmain.c: 16:     int diff = sub(a,b);
   629                           	movff	(c:main@a),(c:sub@a)
   630  007FDC  C00B  F001         	movff	(c:main@a+1),(c:sub@a+1)
   631  007FE0  C00C  F002         	movff	(c:main@b),(c:sub@b)
   632  007FE4  C00D  F003         	movff	(c:main@b+1),(c:sub@b+1)
   633  007FE8  C00E  F004         	call	_sub	;wreg free
   634  007FEC  ECC7  F03F         	movff	0+?_sub,(c:main@diff)
   635  007FF0  C001  F009         	movff	1+?_sub,(c:main@diff+1)
   636  007FF4  C002  F00A         	line	17
   637                           ;newmain.c: 17:     while(1)
   638                           	
   639                           l9:
   640  007FF8                     	line	18
   641                           ;newmain.c: 18:         ;
   642                           	
   643                           l10:
   644  007FF8                     	goto	l9
   645  007FF8  EFFC  F03F         	
   646                           l11:
   647  007FFC                     	line	20
   648                           ;newmain.c: 19:     return;
   649                           	
   650                           l12:
   651  007FFC                     	global	start
   652                           	goto	start
   653  007FFC  EF00  F000         	opt stack 0
   654                           GLOBAL	__end_of_main
   655                           	__end_of_main:
   656  008000                     	signat	_main,89
   657                           	global	_sub
   658                           
   659 ;; *************** function _sub *****************
   660 ;; Defined at:
   661 ;;		line 1 in file "sub.c"
   662 ;; Parameters:    Size  Location     Type
   663 ;;  a               2    0[COMRAM] int 
   664 ;;  b               2    2[COMRAM] int 
   665 ;; Auto vars:     Size  Location     Type
   666 ;;		None
   667 ;; Return value:  Size  Location     Type
   668 ;;                  2    0[COMRAM] int 
   669 ;; Registers used:
   670 ;;		wreg, status,2, status,0
   671 ;; Tracked objects:
   672 ;;		On entry : 0/0
   673 ;;		On exit  : 0/0
   674 ;;		Unchanged: 0/0
   675 ;; Data sizes:     COMRAM   BANK0   BANK1   BANK2   BANK3   BANK4   BANK5
   676 ;;      Params:         4       0       0       0       0       0       0
   677 ;;      Locals:         0       0       0       0       0       0       0
   678 ;;      Temps:          2       0       0       0       0       0       0
   679 ;;      Totals:         6       0       0       0       0       0       0
   680 ;;Total ram usage:        6 bytes
   681 ;; Hardware stack levels used:    1
   682 ;; This function calls:
   683 ;;		Nothing
   684 ;; This function is called by:
   685 ;;		_main
   686 ;; This function uses a non-reentrant model
   687 ;;
   688                           psect	text1,class=CODE,space=0,reloc=2,group=1
   689                           	file	"sub.c"
   690                           	line	1
   691                           global __ptext1
   692                           __ptext1:
   693  007F8E                     psect	text1
   694                           	file	"sub.c"
   695                           	line	1
   696                           	global	__size_of_sub
   697                           	__size_of_sub	equ	__end_of_sub-_sub
   698  0000                     	
   699                           _sub:
   700  007F8E                     ;incstack = 0
   701                           	opt	stack 30
   702                           	line	3
   703                           	
   704                           l712:
   705  007F8E                     ;sub.c: 1: int sub(int a, int b);sub.c: 2: {;sub.c: 3:     return (a-b);
   706                           	movff	(c:sub@b),??_sub+0+0
   707  007F8E  C003  F005         	movff	(c:sub@b+1),??_sub+0+0+1
   708  007F92  C004  F006         	comf	(??_sub+0+0),c
   709  007F96  1E05               	comf	(??_sub+0+1),c
   710  007F98  1E06               	infsnz	(??_sub+0+0),c
   711  007F9A  4A05               	incf	(??_sub+0+1),c
   712  007F9C  2A06               	movf	((c:sub@a)),c,w
   713  007F9E  5001               	addwf	(??_sub+0+0),c,w
   714  007FA0  2405               	movwf	((c:?_sub)),c
   715  007FA2  6E01               	movf	((c:sub@a+1)),c,w
   716  007FA4  5002               	addwfc	(??_sub+0+1),c,w
   717  007FA6  2006               	movwf	1+((c:?_sub)),c
   718  007FA8  6E02               	goto	l18
   719  007FAA  EFD7  F03F         	
   720                           l714:
   721  007FAE                     	line	4
   722                           	
   723                           l18:
   724  007FAE                     	return	;funcret
   725  007FAE  0012               	opt stack 0
   726                           GLOBAL	__end_of_sub
   727                           	__end_of_sub:
   728  007FB0                     	signat	_sub,8314
   729                           	global	_add
   730                           
   731 ;; *************** function _add *****************
   732 ;; Defined at:
   733 ;;		line 1 in file "add.c"
   734 ;; Parameters:    Size  Location     Type
   735 ;;  a               2    0[COMRAM] int 
   736 ;;  b               2    2[COMRAM] int 
   737 ;; Auto vars:     Size  Location     Type
   738 ;;		None
   739 ;; Return value:  Size  Location     Type
   740 ;;                  2    0[COMRAM] int 
   741 ;; Registers used:
   742 ;;		wreg, status,2, status,0
   743 ;; Tracked objects:
   744 ;;		On entry : 0/0
   745 ;;		On exit  : 0/0
   746 ;;		Unchanged: 0/0
   747 ;; Data sizes:     COMRAM   BANK0   BANK1   BANK2   BANK3   BANK4   BANK5
   748 ;;      Params:         4       0       0       0       0       0       0
   749 ;;      Locals:         0       0       0       0       0       0       0
   750 ;;      Temps:          0       0       0       0       0       0       0
   751 ;;      Totals:         4       0       0       0       0       0       0
   752 ;;Total ram usage:        4 bytes
   753 ;; Hardware stack levels used:    1
   754 ;; This function calls:
   755 ;;		Nothing
   756 ;; This function is called by:
   757 ;;		_main
   758 ;; This function uses a non-reentrant model
   759 ;;
   760                           psect	text2,class=CODE,space=0,reloc=2,group=1
   761                           	file	"add.c"
   762                           	line	1
   763                           global __ptext2
   764                           __ptext2:
   765  007F7C                     psect	text2
   766                           	file	"add.c"
   767                           	line	1
   768                           	global	__size_of_add
   769                           	__size_of_add	equ	__end_of_add-_add
   770  0000                     	
   771                           _add:
   772  007F7C                     ;incstack = 0
   773                           	opt	stack 30
   774                           	line	3
   775                           	
   776                           l708:
   777  007F7C                     ;add.c: 1: int add(int a, int b);add.c: 2: {;add.c: 3:     return (a+b);
   778                           	movf	((c:add@b)),c,w
   779  007F7C  5003               	addwf	((c:add@a)),c,w
   780  007F7E  2401               	movwf	((c:?_add)),c
   781  007F80  6E01               	movf	((c:add@b+1)),c,w
   782  007F82  5004               	addwfc	((c:add@a+1)),c,w
   783  007F84  2002               	movwf	1+((c:?_add)),c
   784  007F86  6E02               	goto	l15
   785  007F88  EFC6  F03F         	
   786                           l710:
   787  007F8C                     	line	4
   788                           	
   789                           l15:
   790  007F8C                     	return	;funcret
   791  007F8C  0012               	opt stack 0
   792                           GLOBAL	__end_of_add
   793                           	__end_of_add:
   794  007F8E                     	signat	_add,8314
   795                           	GLOBAL	__activetblptr
   796                           __activetblptr	EQU	0
   797  0000                     	psect	intsave_regs,class=BIGRAM,space=1,noexec
   798                           	PSECT	rparam,class=COMRAM,space=1,noexec
   799                           	GLOBAL	__Lrparam
   800                           	FNCONF	rparam,??,?
   801                           	GLOBAL	___rparam_used
   802                           	___rparam_used EQU 1
   803  0000                     	GLOBAL	___param_bank
   804                           	___param_bank EQU 0
   805  0000                     GLOBAL	__Lparam, __Hparam
   806                           GLOBAL	__Lrparam, __Hrparam
   807                           __Lparam	EQU	__Lrparam
   808  0000                     __Hparam	EQU	__Hrparam
   809  0000                     	end


Data Sizes:
    Strings     0
    Constant    0
    Data        0
    BSS         0
    Persistent  0
    Stack       0

Auto Spaces:
    Space          Size  Autos    Used
    COMRAM          127     14      14
    BANK0           128      0       0
    BANK1           256      0       0
    BANK2           256      0       0
    BANK3           256      0       0
    BANK4           256      0       0
    BANK5           256      0       0

Pointer List with Targets:

    None.

Critical Paths under _main in COMRAM

    _main->_sub

Critical Paths under _main in BANK0

    None.

Critical Paths under _main in BANK1

    None.

Critical Paths under _main in BANK2

    None.

Critical Paths under _main in BANK3

    None.

Critical Paths under _main in BANK4

    None.

Critical Paths under _main in BANK5

    None.

Call Graph Tables:

 ---------------------------------------------------------------------------------
 (Depth) Function   	        Calls       Base Space   Used Autos Params    Refs
 ---------------------------------------------------------------------------------
 (0) _main                                                 8     8      0     484
                                              6 COMRAM     8     8      0
                                _add
                                _sub
 ---------------------------------------------------------------------------------
 (1) _sub                                                  6     2      4     196
                                              0 COMRAM     6     2      4
 ---------------------------------------------------------------------------------
 (1) _add                                                  4     0      4     196
                                              0 COMRAM     4     0      4
 ---------------------------------------------------------------------------------
 Estimated maximum stack depth 1
 ---------------------------------------------------------------------------------

 Call Graph Graphs:

 _main (ROOT)
   _add
   _sub

 Address spaces:
Name               Size   Autos  Total    Cost      Usage
BITCOMRAM           7F      0       0       0        0.0%
EEDATA             100      0       0       0        0.0%
NULL                 0      0       0       0        0.0%
CODE                 0      0       0       0        0.0%
COMRAM              7F      E       E       1       11.0%
STACK                0      0       0       2        0.0%
DATA                 0      0       0       3        0.0%
BITBANK0            80      0       0       4        0.0%
BANK0               80      0       0       5        0.0%
BITBANK1           100      0       0       6        0.0%
BANK1              100      0       0       7        0.0%
BITBANK2           100      0       0       8        0.0%
BANK2              100      0       0       9        0.0%
BITBANK3           100      0       0      10        0.0%
BANK3              100      0       0      11        0.0%
BITBANK4           100      0       0      12        0.0%
BANK4              100      0       0      13        0.0%
BANK5              100      0       0      14        0.0%
ABS                  0      0       0      15        0.0%
BITBANK5           100      0       0      16        0.0%
BIGRAM             5FF      0       0      17        0.0%
BITSFR               0      0       0     200        0.0%
SFR                  0      0       0     200        0.0%


Microchip Technology PIC18 Macro Assembler V2.00 build -1524193055 
Symbol Table                                                                                   Sat Oct 27 15:18:57 2018

                      l9 7FF8                       l10 7FF8                       l11 7FFC  
                     l12 7FFC                       l15 7F8C                       l18 7FAE  
                    l710 7F8C                      l712 7F8E                      l720 7FDC  
                    l714 7FAE                      l708 7F7C                      l716 7FB0  
                    l718 7FC0                      _add 7F7C                      _sub 7F8E  
                   ?_add 0001                     ?_sub 0001                     add@a 0001  
                   add@b 0003                     _main 7FB0                     sub@a 0001  
                   sub@b 0003                     start 0000             ___param_bank 000000  
                  ??_add 0005                    ??_sub 0005                    ?_main 0001  
                  main@a 000B                    main@b 000D          __initialization 7F76  
           __end_of_main 8000                   ??_main 0007            __activetblptr 000000  
             __accesstop 0080  __end_of__initialization 7F76            ___rparam_used 000001  
         __pcstackCOMRAM 0001                  __Hparam 0000                  __Lparam 0000  
                __pcinit 7F76                  __ramtop 0600                  __ptext0 7FB0  
                __ptext1 7F8E                  __ptext2 7F7C             __size_of_add 0012  
           __size_of_sub 0022                  main@sum 0007     end_of_initialization 7F76  
    start_initialization 7F76              __end_of_add 7F8E              __end_of_sub 7FB0  
               __Hrparam 0000                 __Lrparam 0000            __size_of_main 0050  
               main@diff 0009  
