

Microchip Technology PIC18 LITE Macro Assembler V2.00 build -1524193055 
                                                                                               Tue Dec 04 21:00:53 2018

Microchip Technology Omniscient Code Generator v2.00 (Free mode) build 20180527130849
     1  0000                     
     2                           ; Version 2.00
     3                           ; Generated 27/05/2018 GMT
     4                           
     5                           ; 
     6                           ; Copyright © 2018, Microchip Technology Inc. and its subsidiaries ("Microchip")
     7                           ; All rights reserved.
     8                           ; 
     9                           ; This software is developed by Microchip Technology Inc. and its subsidiaries ("Microch
                                 ip").
    10                           ; 
    11                           ; Redistribution and use in source and binary forms, with or without modification, are
    12                           ; permitted provided that the following conditions are met:
    13                           ; 
    14                           ;     1. Redistributions of source code must retain the above copyright notice, this lis
                                 t of
    15                           ;        conditions and the following disclaimer.
    16                           ; 
    17                           ;     2. Redistributions in binary form must reproduce the above copyright notice, this 
                                 list
    18                           ;        of conditions and the following disclaimer in the documentation and/or other
    19                           ;        materials provided with the distribution.
    20                           ; 
    21                           ;     3. Microchip's name may not be used to endorse or promote products derived from th
                                 is
    22                           ;        software without specific prior written permission.
    23                           ; 
    24                           ; THIS SOFTWARE IS PROVIDED BY MICROCHIP "AS IS" AND ANY EXPRESS OR IMPLIED WARRANTIES,

    25                           ; INCLUDING, BUT NOT LIMITED TO, THE IMPLIED WARRANTIES OF MERCHANTABILITY AND FITNESS F
                                 OR
    26                           ; PURPOSE ARE DISCLAIMED.  IN NO EVENT SHALL MICROCHIP BE LIABLE FOR ANY DIRECT, INDIREC
                                 T,
    27                           ; INCIDENTAL, SPECIAL, EXEMPLARY, OR CONSEQUENTIAL DAMAGES (INCLUDING BUT NOT LIMITED TO
                                 
    28                           ; PROCUREMENT OF SUBSTITUTE GOODS OR SERVICES; LOSS OF USE, DATA OR PROFITS; OR BUSINESS
                                 
    29                           ; INTERRUPTION) HOWSOEVER CAUSED AND ON ANY THEORY OF LIABILITY, WHETHER IN CONTRACT, ST
                                 RICT
    30                           ; LIABILITY, OR TORT (INCLUDING NEGLIGENCE OR OTHERWISE) ARISING IN ANY WAY OUT OF THE U
                                 SE OF
    31                           ; THIS SOFTWARE, EVEN IF ADVISED OF THE POSSIBILITY OF SUCH DAMAGE.
    32                           ; 
    33                           
    34                           
    35                           ; 
    36                           ; Code-generator required, PIC18F4520 Definitions
    37                           ; 
    38  0000                     fsr0 equ 0FE9h
    39  0000                     fsr0h equ 0FEAh
    40  0000                     fsr0l equ 0FE9h
    41  0000                     fsr1 equ 0FE1h
    42  0000                     fsr1h equ 0FE2h
    43  0000                     fsr1l equ 0FE1h
    44  0000                     fsr2 equ 0FD9h
    45  0000                     fsr2h equ 0FDAh
    46  0000                     fsr2l equ 0FD9h
    47  0000                     indf0 equ 0FEFh
    48  0000                     indf1 equ 0FE7h
    49  0000                     indf2 equ 0FDFh
    50  0000                     intcon equ 0FF2h
    51  0000                     nvmcon equ 00h
    52  0000                     pcl equ 0FF9h
    53  0000                     pclath equ 0FFAh
    54  0000                     pclatu equ 0FFBh
    55  0000                     plusw0 equ 0FEBh
    56  0000                     plusw1 equ 0FE3h
    57  0000                     plusw2 equ 0FDBh
    58  0000                     postdec0 equ 0FEDh
    59  0000                     postdec1 equ 0FE5h
    60  0000                     postdec2 equ 0FDDh
    61  0000                     postinc0 equ 0FEEh
    62  0000                     postinc1 equ 0FE6h
    63  0000                     postinc2 equ 0FDEh
    64  0000                     preinc0 equ 0FECh
    65  0000                     preinc1 equ 0FE4h
    66  0000                     preinc2 equ 0FDCh
    67  0000                     prod equ 0FF3h
    68  0000                     prodh equ 0FF4h
    69  0000                     prodl equ 0FF3h
    70  0000                     status equ 0FD8h
    71  0000                     tablat equ 0FF5h
    72  0000                     tblptr equ 0FF6h
    73  0000                     tblptrh equ 0FF7h
    74  0000                     tblptrl equ 0FF6h
    75  0000                     tblptru equ 0FF8h
    76  0000                     tosl equ 0FFDh
    77  0000                     wreg equ 0FE8h
    78  0000                     
     2                           opt pagewidth 120
     3  0000                     byte0	macro	val
     4                           	(getbyte(val,0))
     5                           endm
     6  0000                     byte1	macro	val
     7                           	(getbyte(val,1))
     8                           endm
     9  0000                     byte2	macro	val
    10                           	(getbyte(val,2))
    11                           endm
    12  0000                     byte3	macro	val
    13                           	(getbyte(val,3))
    14                           endm
    15  0000                     byte4	macro	val
    16                           	(getbyte(val,4))
    17                           endm
    18  0000                     byte5	macro	val
    19                           	(getbyte(val,5))
    20                           endm
    21  0000                     byte6	macro	val
    22                           	(getbyte(val,6))
    23                           endm
    24  0000                     byte7	macro	val
    25                           	(getbyte(val,7))
    26                           endm
    27  0000                     getword	macro	val,pos
    28                           	(((val) >> (8 * pos)) and 0xffff)
    29                           endm
    30  0000                     word0	macro	val
    31                           	(getword(val,0))
    32                           endm
    33  0000                     word1	macro	val
    34                           	(getword(val,2))
    35                           endm
    36  0000                     word2	macro	val
    37                           	(getword(val,4))
    38                           endm
    39  0000                     word3	macro	val
    40                           	(getword(val,6))
    41                           endm
    42  0000                     gettword	macro	val,pos
    43                           	(((val) >> (8 * pos)) and 0xffffff)
    44                           endm
    45  0000                     tword0	macro	val
    46                           	(gettword(val,0))
    47                           endm
    48  0000                     tword1	macro	val
    49                           	(gettword(val,3))
    50                           endm
    51  0000                     tword2	macro	val
    52                           	(gettword(val,6))
    53                           endm
    54  0000                     getdword	macro	val,pos
    55                           	(((val) >> (8 * pos)) and 0xffffffff)
    56                           endm
    57  0000                     dword0	macro	val
    58                           	(getdword(val,0))
    59                           endm
    60  0000                     dword1	macro	val
    61                           	(getdword(val,4))
    62                           endm
    63  0000                     clrc   macro
    64                           	bcf	status,0
    65                           endm
    66  0000                     setc   macro
    67                           	bsf	status,0
    68                           endm
    69  0000                     clrz   macro
    70                           	bcf	status,2
    71                           endm
    72  0000                     setz   macro
    73                           	bsf	status,2
    74                           endm
    75  0000                     skipnz macro
    76                           	btfsc	status,2
    77                           endm
    78  0000                     skipz  macro
    79                           	btfss	status,2
    80                           endm
    81  0000                     skipnc macro
    82                           	btfsc	status,0
    83                           endm
    84  0000                     skipc  macro
    85                           	btfss	status,0
    86                           endm
    87  0000                     pushw macro
    88                           	movwf postinc1
    89                           endm
    90  0000                     pushf macro arg1
    91                           	movff arg1, postinc1
    92                           endm
    93  0000                     popw macro
    94                           	movf postdec1,f
    95                           	movf indf1,w
    96                           endm
    97  0000                     popf macro arg1
    98                           	movf postdec1,f
    99                           	movff indf1,arg1
   100                           endm
   101  0000                     popfc macro arg1
   102                           	movff plusw1,arg1
   103                           	decfsz fsr1,f
   104                           endm
   105  0000                     	global	__ramtop
   106                           	global	__accesstop
   107                           # 54 "C:\Program Files (x86)\Microchip\xc8\v2.00\pic\include\pic18f4520.h"
   108                           PORTA equ 0F80h ;# 
   109  0000                     # 273 "C:\Program Files (x86)\Microchip\xc8\v2.00\pic\include\pic18f4520.h"
   110                           PORTB equ 0F81h ;# 
   111  0000                     # 452 "C:\Program Files (x86)\Microchip\xc8\v2.00\pic\include\pic18f4520.h"
   112                           PORTC equ 0F82h ;# 
   113  0000                     # 634 "C:\Program Files (x86)\Microchip\xc8\v2.00\pic\include\pic18f4520.h"
   114                           PORTD equ 0F83h ;# 
   115  0000                     # 776 "C:\Program Files (x86)\Microchip\xc8\v2.00\pic\include\pic18f4520.h"
   116                           PORTE equ 0F84h ;# 
   117  0000                     # 979 "C:\Program Files (x86)\Microchip\xc8\v2.00\pic\include\pic18f4520.h"
   118                           LATA equ 0F89h ;# 
   119  0000                     # 1091 "C:\Program Files (x86)\Microchip\xc8\v2.00\pic\include\pic18f4520.h"
   120                           LATB equ 0F8Ah ;# 
   121  0000                     # 1203 "C:\Program Files (x86)\Microchip\xc8\v2.00\pic\include\pic18f4520.h"
   122                           LATC equ 0F8Bh ;# 
   123  0000                     # 1315 "C:\Program Files (x86)\Microchip\xc8\v2.00\pic\include\pic18f4520.h"
   124                           LATD equ 0F8Ch ;# 
   125  0000                     # 1427 "C:\Program Files (x86)\Microchip\xc8\v2.00\pic\include\pic18f4520.h"
   126                           LATE equ 0F8Dh ;# 
   127  0000                     # 1479 "C:\Program Files (x86)\Microchip\xc8\v2.00\pic\include\pic18f4520.h"
   128                           TRISA equ 0F92h ;# 
   129  0000                     # 1484 "C:\Program Files (x86)\Microchip\xc8\v2.00\pic\include\pic18f4520.h"
   130                           DDRA equ 0F92h ;# 
   131  0000                     # 1701 "C:\Program Files (x86)\Microchip\xc8\v2.00\pic\include\pic18f4520.h"
   132                           TRISB equ 0F93h ;# 
   133  0000                     # 1706 "C:\Program Files (x86)\Microchip\xc8\v2.00\pic\include\pic18f4520.h"
   134                           DDRB equ 0F93h ;# 
   135  0000                     # 1923 "C:\Program Files (x86)\Microchip\xc8\v2.00\pic\include\pic18f4520.h"
   136                           TRISC equ 0F94h ;# 
   137  0000                     # 1928 "C:\Program Files (x86)\Microchip\xc8\v2.00\pic\include\pic18f4520.h"
   138                           DDRC equ 0F94h ;# 
   139  0000                     # 2145 "C:\Program Files (x86)\Microchip\xc8\v2.00\pic\include\pic18f4520.h"
   140                           TRISD equ 0F95h ;# 
   141  0000                     # 2150 "C:\Program Files (x86)\Microchip\xc8\v2.00\pic\include\pic18f4520.h"
   142                           DDRD equ 0F95h ;# 
   143  0000                     # 2367 "C:\Program Files (x86)\Microchip\xc8\v2.00\pic\include\pic18f4520.h"
   144                           TRISE equ 0F96h ;# 
   145  0000                     # 2372 "C:\Program Files (x86)\Microchip\xc8\v2.00\pic\include\pic18f4520.h"
   146                           DDRE equ 0F96h ;# 
   147  0000                     # 2531 "C:\Program Files (x86)\Microchip\xc8\v2.00\pic\include\pic18f4520.h"
   148                           OSCTUNE equ 0F9Bh ;# 
   149  0000                     # 2596 "C:\Program Files (x86)\Microchip\xc8\v2.00\pic\include\pic18f4520.h"
   150                           PIE1 equ 0F9Dh ;# 
   151  0000                     # 2673 "C:\Program Files (x86)\Microchip\xc8\v2.00\pic\include\pic18f4520.h"
   152                           PIR1 equ 0F9Eh ;# 
   153  0000                     # 2750 "C:\Program Files (x86)\Microchip\xc8\v2.00\pic\include\pic18f4520.h"
   154                           IPR1 equ 0F9Fh ;# 
   155  0000                     # 2827 "C:\Program Files (x86)\Microchip\xc8\v2.00\pic\include\pic18f4520.h"
   156                           PIE2 equ 0FA0h ;# 
   157  0000                     # 2893 "C:\Program Files (x86)\Microchip\xc8\v2.00\pic\include\pic18f4520.h"
   158                           PIR2 equ 0FA1h ;# 
   159  0000                     # 2959 "C:\Program Files (x86)\Microchip\xc8\v2.00\pic\include\pic18f4520.h"
   160                           IPR2 equ 0FA2h ;# 
   161  0000                     # 3025 "C:\Program Files (x86)\Microchip\xc8\v2.00\pic\include\pic18f4520.h"
   162                           EECON1 equ 0FA6h ;# 
   163  0000                     # 3091 "C:\Program Files (x86)\Microchip\xc8\v2.00\pic\include\pic18f4520.h"
   164                           EECON2 equ 0FA7h ;# 
   165  0000                     # 3098 "C:\Program Files (x86)\Microchip\xc8\v2.00\pic\include\pic18f4520.h"
   166                           EEDATA equ 0FA8h ;# 
   167  0000                     # 3105 "C:\Program Files (x86)\Microchip\xc8\v2.00\pic\include\pic18f4520.h"
   168                           EEADR equ 0FA9h ;# 
   169  0000                     # 3112 "C:\Program Files (x86)\Microchip\xc8\v2.00\pic\include\pic18f4520.h"
   170                           RCSTA equ 0FABh ;# 
   171  0000                     # 3117 "C:\Program Files (x86)\Microchip\xc8\v2.00\pic\include\pic18f4520.h"
   172                           RCSTA1 equ 0FABh ;# 
   173  0000                     # 3322 "C:\Program Files (x86)\Microchip\xc8\v2.00\pic\include\pic18f4520.h"
   174                           TXSTA equ 0FACh ;# 
   175  0000                     # 3327 "C:\Program Files (x86)\Microchip\xc8\v2.00\pic\include\pic18f4520.h"
   176                           TXSTA1 equ 0FACh ;# 
   177  0000                     # 3578 "C:\Program Files (x86)\Microchip\xc8\v2.00\pic\include\pic18f4520.h"
   178                           TXREG equ 0FADh ;# 
   179  0000                     # 3583 "C:\Program Files (x86)\Microchip\xc8\v2.00\pic\include\pic18f4520.h"
   180                           TXREG1 equ 0FADh ;# 
   181  0000                     # 3590 "C:\Program Files (x86)\Microchip\xc8\v2.00\pic\include\pic18f4520.h"
   182                           RCREG equ 0FAEh ;# 
   183  0000                     # 3595 "C:\Program Files (x86)\Microchip\xc8\v2.00\pic\include\pic18f4520.h"
   184                           RCREG1 equ 0FAEh ;# 
   185  0000                     # 3602 "C:\Program Files (x86)\Microchip\xc8\v2.00\pic\include\pic18f4520.h"
   186                           SPBRG equ 0FAFh ;# 
   187  0000                     # 3607 "C:\Program Files (x86)\Microchip\xc8\v2.00\pic\include\pic18f4520.h"
   188                           SPBRG1 equ 0FAFh ;# 
   189  0000                     # 3614 "C:\Program Files (x86)\Microchip\xc8\v2.00\pic\include\pic18f4520.h"
   190                           SPBRGH equ 0FB0h ;# 
   191  0000                     # 3621 "C:\Program Files (x86)\Microchip\xc8\v2.00\pic\include\pic18f4520.h"
   192                           T3CON equ 0FB1h ;# 
   193  0000                     # 3733 "C:\Program Files (x86)\Microchip\xc8\v2.00\pic\include\pic18f4520.h"
   194                           TMR3 equ 0FB2h ;# 
   195  0000                     # 3740 "C:\Program Files (x86)\Microchip\xc8\v2.00\pic\include\pic18f4520.h"
   196                           TMR3L equ 0FB2h ;# 
   197  0000                     # 3747 "C:\Program Files (x86)\Microchip\xc8\v2.00\pic\include\pic18f4520.h"
   198                           TMR3H equ 0FB3h ;# 
   199  0000                     # 3754 "C:\Program Files (x86)\Microchip\xc8\v2.00\pic\include\pic18f4520.h"
   200                           CMCON equ 0FB4h ;# 
   201  0000                     # 3844 "C:\Program Files (x86)\Microchip\xc8\v2.00\pic\include\pic18f4520.h"
   202                           CVRCON equ 0FB5h ;# 
   203  0000                     # 3923 "C:\Program Files (x86)\Microchip\xc8\v2.00\pic\include\pic18f4520.h"
   204                           ECCP1AS equ 0FB6h ;# 
   205  0000                     # 3928 "C:\Program Files (x86)\Microchip\xc8\v2.00\pic\include\pic18f4520.h"
   206                           ECCPAS equ 0FB6h ;# 
   207  0000                     # 4085 "C:\Program Files (x86)\Microchip\xc8\v2.00\pic\include\pic18f4520.h"
   208                           PWM1CON equ 0FB7h ;# 
   209  0000                     # 4090 "C:\Program Files (x86)\Microchip\xc8\v2.00\pic\include\pic18f4520.h"
   210                           ECCP1DEL equ 0FB7h ;# 
   211  0000                     # 4223 "C:\Program Files (x86)\Microchip\xc8\v2.00\pic\include\pic18f4520.h"
   212                           BAUDCON equ 0FB8h ;# 
   213  0000                     # 4228 "C:\Program Files (x86)\Microchip\xc8\v2.00\pic\include\pic18f4520.h"
   214                           BAUDCTL equ 0FB8h ;# 
   215  0000                     # 4403 "C:\Program Files (x86)\Microchip\xc8\v2.00\pic\include\pic18f4520.h"
   216                           CCP2CON equ 0FBAh ;# 
   217  0000                     # 4482 "C:\Program Files (x86)\Microchip\xc8\v2.00\pic\include\pic18f4520.h"
   218                           CCPR2 equ 0FBBh ;# 
   219  0000                     # 4489 "C:\Program Files (x86)\Microchip\xc8\v2.00\pic\include\pic18f4520.h"
   220                           CCPR2L equ 0FBBh ;# 
   221  0000                     # 4496 "C:\Program Files (x86)\Microchip\xc8\v2.00\pic\include\pic18f4520.h"
   222                           CCPR2H equ 0FBCh ;# 
   223  0000                     # 4503 "C:\Program Files (x86)\Microchip\xc8\v2.00\pic\include\pic18f4520.h"
   224                           CCP1CON equ 0FBDh ;# 
   225  0000                     # 4600 "C:\Program Files (x86)\Microchip\xc8\v2.00\pic\include\pic18f4520.h"
   226                           CCPR1 equ 0FBEh ;# 
   227  0000                     # 4607 "C:\Program Files (x86)\Microchip\xc8\v2.00\pic\include\pic18f4520.h"
   228                           CCPR1L equ 0FBEh ;# 
   229  0000                     # 4614 "C:\Program Files (x86)\Microchip\xc8\v2.00\pic\include\pic18f4520.h"
   230                           CCPR1H equ 0FBFh ;# 
   231  0000                     # 4621 "C:\Program Files (x86)\Microchip\xc8\v2.00\pic\include\pic18f4520.h"
   232                           ADCON2 equ 0FC0h ;# 
   233  0000                     # 4692 "C:\Program Files (x86)\Microchip\xc8\v2.00\pic\include\pic18f4520.h"
   234                           ADCON1 equ 0FC1h ;# 
   235  0000                     # 4777 "C:\Program Files (x86)\Microchip\xc8\v2.00\pic\include\pic18f4520.h"
   236                           ADCON0 equ 0FC2h ;# 
   237  0000                     # 4896 "C:\Program Files (x86)\Microchip\xc8\v2.00\pic\include\pic18f4520.h"
   238                           ADRES equ 0FC3h ;# 
   239  0000                     # 4903 "C:\Program Files (x86)\Microchip\xc8\v2.00\pic\include\pic18f4520.h"
   240                           ADRESL equ 0FC3h ;# 
   241  0000                     # 4910 "C:\Program Files (x86)\Microchip\xc8\v2.00\pic\include\pic18f4520.h"
   242                           ADRESH equ 0FC4h ;# 
   243  0000                     # 4917 "C:\Program Files (x86)\Microchip\xc8\v2.00\pic\include\pic18f4520.h"
   244                           SSPCON2 equ 0FC5h ;# 
   245  0000                     # 5012 "C:\Program Files (x86)\Microchip\xc8\v2.00\pic\include\pic18f4520.h"
   246                           SSPCON1 equ 0FC6h ;# 
   247  0000                     # 5082 "C:\Program Files (x86)\Microchip\xc8\v2.00\pic\include\pic18f4520.h"
   248                           SSPSTAT equ 0FC7h ;# 
   249  0000                     # 5303 "C:\Program Files (x86)\Microchip\xc8\v2.00\pic\include\pic18f4520.h"
   250                           SSPADD equ 0FC8h ;# 
   251  0000                     # 5310 "C:\Program Files (x86)\Microchip\xc8\v2.00\pic\include\pic18f4520.h"
   252                           SSPBUF equ 0FC9h ;# 
   253  0000                     # 5317 "C:\Program Files (x86)\Microchip\xc8\v2.00\pic\include\pic18f4520.h"
   254                           T2CON equ 0FCAh ;# 
   255  0000                     # 5415 "C:\Program Files (x86)\Microchip\xc8\v2.00\pic\include\pic18f4520.h"
   256                           PR2 equ 0FCBh ;# 
   257  0000                     # 5420 "C:\Program Files (x86)\Microchip\xc8\v2.00\pic\include\pic18f4520.h"
   258                           MEMCON equ 0FCBh ;# 
   259  0000                     # 5525 "C:\Program Files (x86)\Microchip\xc8\v2.00\pic\include\pic18f4520.h"
   260                           TMR2 equ 0FCCh ;# 
   261  0000                     # 5532 "C:\Program Files (x86)\Microchip\xc8\v2.00\pic\include\pic18f4520.h"
   262                           T1CON equ 0FCDh ;# 
   263  0000                     # 5635 "C:\Program Files (x86)\Microchip\xc8\v2.00\pic\include\pic18f4520.h"
   264                           TMR1 equ 0FCEh ;# 
   265  0000                     # 5642 "C:\Program Files (x86)\Microchip\xc8\v2.00\pic\include\pic18f4520.h"
   266                           TMR1L equ 0FCEh ;# 
   267  0000                     # 5649 "C:\Program Files (x86)\Microchip\xc8\v2.00\pic\include\pic18f4520.h"
   268                           TMR1H equ 0FCFh ;# 
   269  0000                     # 5656 "C:\Program Files (x86)\Microchip\xc8\v2.00\pic\include\pic18f4520.h"
   270                           RCON equ 0FD0h ;# 
   271  0000                     # 5789 "C:\Program Files (x86)\Microchip\xc8\v2.00\pic\include\pic18f4520.h"
   272                           WDTCON equ 0FD1h ;# 
   273  0000                     # 5817 "C:\Program Files (x86)\Microchip\xc8\v2.00\pic\include\pic18f4520.h"
   274                           HLVDCON equ 0FD2h ;# 
   275  0000                     # 5822 "C:\Program Files (x86)\Microchip\xc8\v2.00\pic\include\pic18f4520.h"
   276                           LVDCON equ 0FD2h ;# 
   277  0000                     # 6087 "C:\Program Files (x86)\Microchip\xc8\v2.00\pic\include\pic18f4520.h"
   278                           OSCCON equ 0FD3h ;# 
   279  0000                     # 6170 "C:\Program Files (x86)\Microchip\xc8\v2.00\pic\include\pic18f4520.h"
   280                           T0CON equ 0FD5h ;# 
   281  0000                     # 6253 "C:\Program Files (x86)\Microchip\xc8\v2.00\pic\include\pic18f4520.h"
   282                           TMR0 equ 0FD6h ;# 
   283  0000                     # 6260 "C:\Program Files (x86)\Microchip\xc8\v2.00\pic\include\pic18f4520.h"
   284                           TMR0L equ 0FD6h ;# 
   285  0000                     # 6267 "C:\Program Files (x86)\Microchip\xc8\v2.00\pic\include\pic18f4520.h"
   286                           TMR0H equ 0FD7h ;# 
   287  0000                     # 6274 "C:\Program Files (x86)\Microchip\xc8\v2.00\pic\include\pic18f4520.h"
   288                           STATUS equ 0FD8h ;# 
   289  0000                     # 6345 "C:\Program Files (x86)\Microchip\xc8\v2.00\pic\include\pic18f4520.h"
   290                           FSR2 equ 0FD9h ;# 
   291  0000                     # 6352 "C:\Program Files (x86)\Microchip\xc8\v2.00\pic\include\pic18f4520.h"
   292                           FSR2L equ 0FD9h ;# 
   293  0000                     # 6359 "C:\Program Files (x86)\Microchip\xc8\v2.00\pic\include\pic18f4520.h"
   294                           FSR2H equ 0FDAh ;# 
   295  0000                     # 6366 "C:\Program Files (x86)\Microchip\xc8\v2.00\pic\include\pic18f4520.h"
   296                           PLUSW2 equ 0FDBh ;# 
   297  0000                     # 6373 "C:\Program Files (x86)\Microchip\xc8\v2.00\pic\include\pic18f4520.h"
   298                           PREINC2 equ 0FDCh ;# 
   299  0000                     # 6380 "C:\Program Files (x86)\Microchip\xc8\v2.00\pic\include\pic18f4520.h"
   300                           POSTDEC2 equ 0FDDh ;# 
   301  0000                     # 6387 "C:\Program Files (x86)\Microchip\xc8\v2.00\pic\include\pic18f4520.h"
   302                           POSTINC2 equ 0FDEh ;# 
   303  0000                     # 6394 "C:\Program Files (x86)\Microchip\xc8\v2.00\pic\include\pic18f4520.h"
   304                           INDF2 equ 0FDFh ;# 
   305  0000                     # 6401 "C:\Program Files (x86)\Microchip\xc8\v2.00\pic\include\pic18f4520.h"
   306                           BSR equ 0FE0h ;# 
   307  0000                     # 6408 "C:\Program Files (x86)\Microchip\xc8\v2.00\pic\include\pic18f4520.h"
   308                           FSR1 equ 0FE1h ;# 
   309  0000                     # 6415 "C:\Program Files (x86)\Microchip\xc8\v2.00\pic\include\pic18f4520.h"
   310                           FSR1L equ 0FE1h ;# 
   311  0000                     # 6422 "C:\Program Files (x86)\Microchip\xc8\v2.00\pic\include\pic18f4520.h"
   312                           FSR1H equ 0FE2h ;# 
   313  0000                     # 6429 "C:\Program Files (x86)\Microchip\xc8\v2.00\pic\include\pic18f4520.h"
   314                           PLUSW1 equ 0FE3h ;# 
   315  0000                     # 6436 "C:\Program Files (x86)\Microchip\xc8\v2.00\pic\include\pic18f4520.h"
   316                           PREINC1 equ 0FE4h ;# 
   317  0000                     # 6443 "C:\Program Files (x86)\Microchip\xc8\v2.00\pic\include\pic18f4520.h"
   318                           POSTDEC1 equ 0FE5h ;# 
   319  0000                     # 6450 "C:\Program Files (x86)\Microchip\xc8\v2.00\pic\include\pic18f4520.h"
   320                           POSTINC1 equ 0FE6h ;# 
   321  0000                     # 6457 "C:\Program Files (x86)\Microchip\xc8\v2.00\pic\include\pic18f4520.h"
   322                           INDF1 equ 0FE7h ;# 
   323  0000                     # 6464 "C:\Program Files (x86)\Microchip\xc8\v2.00\pic\include\pic18f4520.h"
   324                           WREG equ 0FE8h ;# 
   325  0000                     # 6476 "C:\Program Files (x86)\Microchip\xc8\v2.00\pic\include\pic18f4520.h"
   326                           FSR0 equ 0FE9h ;# 
   327  0000                     # 6483 "C:\Program Files (x86)\Microchip\xc8\v2.00\pic\include\pic18f4520.h"
   328                           FSR0L equ 0FE9h ;# 
   329  0000                     # 6490 "C:\Program Files (x86)\Microchip\xc8\v2.00\pic\include\pic18f4520.h"
   330                           FSR0H equ 0FEAh ;# 
   331  0000                     # 6497 "C:\Program Files (x86)\Microchip\xc8\v2.00\pic\include\pic18f4520.h"
   332                           PLUSW0 equ 0FEBh ;# 
   333  0000                     # 6504 "C:\Program Files (x86)\Microchip\xc8\v2.00\pic\include\pic18f4520.h"
   334                           PREINC0 equ 0FECh ;# 
   335  0000                     # 6511 "C:\Program Files (x86)\Microchip\xc8\v2.00\pic\include\pic18f4520.h"
   336                           POSTDEC0 equ 0FEDh ;# 
   337  0000                     # 6518 "C:\Program Files (x86)\Microchip\xc8\v2.00\pic\include\pic18f4520.h"
   338                           POSTINC0 equ 0FEEh ;# 
   339  0000                     # 6525 "C:\Program Files (x86)\Microchip\xc8\v2.00\pic\include\pic18f4520.h"
   340                           INDF0 equ 0FEFh ;# 
   341  0000                     # 6532 "C:\Program Files (x86)\Microchip\xc8\v2.00\pic\include\pic18f4520.h"
   342                           INTCON3 equ 0FF0h ;# 
   343  0000                     # 6624 "C:\Program Files (x86)\Microchip\xc8\v2.00\pic\include\pic18f4520.h"
   344                           INTCON2 equ 0FF1h ;# 
   345  0000                     # 6694 "C:\Program Files (x86)\Microchip\xc8\v2.00\pic\include\pic18f4520.h"
   346                           INTCON equ 0FF2h ;# 
   347  0000                     # 6811 "C:\Program Files (x86)\Microchip\xc8\v2.00\pic\include\pic18f4520.h"
   348                           PROD equ 0FF3h ;# 
   349  0000                     # 6818 "C:\Program Files (x86)\Microchip\xc8\v2.00\pic\include\pic18f4520.h"
   350                           PRODL equ 0FF3h ;# 
   351  0000                     # 6825 "C:\Program Files (x86)\Microchip\xc8\v2.00\pic\include\pic18f4520.h"
   352                           PRODH equ 0FF4h ;# 
   353  0000                     # 6832 "C:\Program Files (x86)\Microchip\xc8\v2.00\pic\include\pic18f4520.h"
   354                           TABLAT equ 0FF5h ;# 
   355  0000                     # 6841 "C:\Program Files (x86)\Microchip\xc8\v2.00\pic\include\pic18f4520.h"
   356                           TBLPTR equ 0FF6h ;# 
   357  0000                     # 6848 "C:\Program Files (x86)\Microchip\xc8\v2.00\pic\include\pic18f4520.h"
   358                           TBLPTRL equ 0FF6h ;# 
   359  0000                     # 6855 "C:\Program Files (x86)\Microchip\xc8\v2.00\pic\include\pic18f4520.h"
   360                           TBLPTRH equ 0FF7h ;# 
   361  0000                     # 6862 "C:\Program Files (x86)\Microchip\xc8\v2.00\pic\include\pic18f4520.h"
   362                           TBLPTRU equ 0FF8h ;# 
   363  0000                     # 6871 "C:\Program Files (x86)\Microchip\xc8\v2.00\pic\include\pic18f4520.h"
   364                           PCLAT equ 0FF9h ;# 
   365  0000                     # 6878 "C:\Program Files (x86)\Microchip\xc8\v2.00\pic\include\pic18f4520.h"
   366                           PC equ 0FF9h ;# 
   367  0000                     # 6885 "C:\Program Files (x86)\Microchip\xc8\v2.00\pic\include\pic18f4520.h"
   368                           PCL equ 0FF9h ;# 
   369  0000                     # 6892 "C:\Program Files (x86)\Microchip\xc8\v2.00\pic\include\pic18f4520.h"
   370                           PCLATH equ 0FFAh ;# 
   371  0000                     # 6899 "C:\Program Files (x86)\Microchip\xc8\v2.00\pic\include\pic18f4520.h"
   372                           PCLATU equ 0FFBh ;# 
   373  0000                     # 6906 "C:\Program Files (x86)\Microchip\xc8\v2.00\pic\include\pic18f4520.h"
   374                           STKPTR equ 0FFCh ;# 
   375  0000                     # 6980 "C:\Program Files (x86)\Microchip\xc8\v2.00\pic\include\pic18f4520.h"
   376                           TOS equ 0FFDh ;# 
   377  0000                     # 6987 "C:\Program Files (x86)\Microchip\xc8\v2.00\pic\include\pic18f4520.h"
   378                           TOSL equ 0FFDh ;# 
   379  0000                     # 6994 "C:\Program Files (x86)\Microchip\xc8\v2.00\pic\include\pic18f4520.h"
   380                           TOSH equ 0FFEh ;# 
   381  0000                     # 7001 "C:\Program Files (x86)\Microchip\xc8\v2.00\pic\include\pic18f4520.h"
   382                           TOSU equ 0FFFh ;# 
   383  0000                     	FNROOT	_main
   384                           	FNCALL	intlevel2,_my_isr_routine
   385                           	global	intlevel2
   386                           	FNROOT	intlevel2
   387                           	global	_CCP1CONbits
   388                           _CCP1CONbits	set	0xFBD
   389  0000                     	global	_CCPR1L
   390                           _CCPR1L	set	0xFBE
   391  0000                     	global	_PR2
   392                           _PR2	set	0xFCB
   393  0000                     	global	_INTCONbits
   394                           _INTCONbits	set	0xFF2
   395  0000                     	global	_RCONbits
   396                           _RCONbits	set	0xFD0
   397  0000                     	global	_TMR2
   398                           _TMR2	set	0xFCC
   399  0000                     	global	_T2CON
   400                           _T2CON	set	0xFCA
   401  0000                     	global	_OSCCONbits
   402                           _OSCCONbits	set	0xFD3
   403  0000                     	global	_TRISCbits
   404                           _TRISCbits	set	0xF94
   405  0000                     	global	_TMR2IF
   406                           _TMR2IF	set	0x7CF1
   407  0000                     	global	_TMR2IE
   408                           _TMR2IE	set	0x7CE9
   409  0000                     ; #config settings
   410                           global __CFG_OSC$INTIO67
   411                           __CFG_OSC$INTIO67 equ 0x0
   412  0000                     global __CFG_FCMEN$OFF
   413                           __CFG_FCMEN$OFF equ 0x0
   414  0000                     global __CFG_IESO$OFF
   415                           __CFG_IESO$OFF equ 0x0
   416  0000                     global __CFG_PWRT$OFF
   417                           __CFG_PWRT$OFF equ 0x0
   418  0000                     global __CFG_BOREN$SBORDIS
   419                           __CFG_BOREN$SBORDIS equ 0x0
   420  0000                     global __CFG_BORV$3
   421                           __CFG_BORV$3 equ 0x0
   422  0000                     global __CFG_WDT$OFF
   423                           __CFG_WDT$OFF equ 0x0
   424  0000                     global __CFG_WDTPS$32768
   425                           __CFG_WDTPS$32768 equ 0x0
   426  0000                     global __CFG_CCP2MX$PORTC
   427                           __CFG_CCP2MX$PORTC equ 0x0
   428  0000                     global __CFG_PBADEN$OFF
   429                           __CFG_PBADEN$OFF equ 0x0
   430  0000                     global __CFG_LPT1OSC$OFF
   431                           __CFG_LPT1OSC$OFF equ 0x0
   432  0000                     global __CFG_MCLRE$ON
   433                           __CFG_MCLRE$ON equ 0x0
   434  0000                     global __CFG_STVREN$ON
   435                           __CFG_STVREN$ON equ 0x0
   436  0000                     global __CFG_LVP$OFF
   437                           __CFG_LVP$OFF equ 0x0
   438  0000                     global __CFG_XINST$OFF
   439                           __CFG_XINST$OFF equ 0x0
   440  0000                     global __CFG_CP0$OFF
   441                           __CFG_CP0$OFF equ 0x0
   442  0000                     global __CFG_CP1$OFF
   443                           __CFG_CP1$OFF equ 0x0
   444  0000                     global __CFG_CP2$OFF
   445                           __CFG_CP2$OFF equ 0x0
   446  0000                     global __CFG_CP3$OFF
   447                           __CFG_CP3$OFF equ 0x0
   448  0000                     global __CFG_CPB$OFF
   449                           __CFG_CPB$OFF equ 0x0
   450  0000                     global __CFG_CPD$OFF
   451                           __CFG_CPD$OFF equ 0x0
   452  0000                     global __CFG_WRT0$OFF
   453                           __CFG_WRT0$OFF equ 0x0
   454  0000                     global __CFG_WRT1$OFF
   455                           __CFG_WRT1$OFF equ 0x0
   456  0000                     global __CFG_WRT2$OFF
   457                           __CFG_WRT2$OFF equ 0x0
   458  0000                     global __CFG_WRT3$OFF
   459                           __CFG_WRT3$OFF equ 0x0
   460  0000                     global __CFG_WRTC$OFF
   461                           __CFG_WRTC$OFF equ 0x0
   462  0000                     global __CFG_WRTB$OFF
   463                           __CFG_WRTB$OFF equ 0x0
   464  0000                     global __CFG_WRTD$OFF
   465                           __CFG_WRTD$OFF equ 0x0
   466  0000                     global __CFG_EBTR0$OFF
   467                           __CFG_EBTR0$OFF equ 0x0
   468  0000                     global __CFG_EBTR1$OFF
   469                           __CFG_EBTR1$OFF equ 0x0
   470  0000                     global __CFG_EBTR2$OFF
   471                           __CFG_EBTR2$OFF equ 0x0
   472  0000                     global __CFG_EBTR3$OFF
   473                           __CFG_EBTR3$OFF equ 0x0
   474  0000                     global __CFG_EBTRB$OFF
   475                           __CFG_EBTRB$OFF equ 0x0
   476  0000                     	file	"C:\Users\febri\AppData\Local\Temp\s654."
   477                           	line	#
   478                           psect	cinit,class=CODE,delta=1,reloc=2
   479                           global __pcinit
   480                           __pcinit:
   481  00005A                     global start_initialization
   482                           start_initialization:
   483  00005A                     
   484                           global __initialization
   485                           __initialization:
   486  00005A                     psect cinit,class=CODE,delta=1
   487                           global end_of_initialization,__end_of__initialization
   488                           
   489                           ;End of C runtime variable initialization code
   490                           
   491                           end_of_initialization:
   492  00005A                     __end_of__initialization:
   493  00005A                     	bcf int$flags,0,c ;clear compiler interrupt flag (level 1)
   494  00005A  9001               	bcf int$flags,1,c ;clear compiler interrupt flag (level 2)
   495  00005C  9201               movlb 0
   496  00005E  0100               goto _main	;jump to C main() function
   497  000060  EF09  F000         psect	cstackCOMRAM,class=COMRAM,space=1,noexec
   498                           global __pcstackCOMRAM
   499                           __pcstackCOMRAM:
   500  000000                     ?_main:	; 1 bytes @ 0x0
   501  000000                     ??_main:	; 1 bytes @ 0x0
   502  000000                     ?_my_isr_routine:	; 1 bytes @ 0x0
   503  000000                     ??_my_isr_routine:	; 1 bytes @ 0x0
   504  000000                     ;!
   505                           ;!Data Sizes:
   506                           ;!    Strings     0
   507                           ;!    Constant    0
   508                           ;!    Data        0
   509                           ;!    BSS         0
   510                           ;!    Persistent  0
   511                           ;!    Stack       0
   512                           ;!
   513                           ;!Auto Spaces:
   514                           ;!    Space          Size  Autos    Used
   515                           ;!    COMRAM          126      0       0
   516                           ;!    BANK0           128      0       0
   517                           ;!    BANK1           256      0       0
   518                           ;!    BANK2           256      0       0
   519                           ;!    BANK3           256      0       0
   520                           ;!    BANK4           256      0       0
   521                           ;!    BANK5           256      0       0
   522                           
   523                           ;!
   524                           ;!Pointer List with Targets:
   525                           ;!
   526                           ;!    None.
   527                           
   528                           
   529                           ;!
   530                           ;!Critical Paths under _main in COMRAM
   531                           ;!
   532                           ;!    None.
   533                           ;!
   534                           ;!Critical Paths under _my_isr_routine in COMRAM
   535                           ;!
   536                           ;!    None.
   537                           ;!
   538                           ;!Critical Paths under _main in BANK0
   539                           ;!
   540                           ;!    None.
   541                           ;!
   542                           ;!Critical Paths under _my_isr_routine in BANK0
   543                           ;!
   544                           ;!    None.
   545                           ;!
   546                           ;!Critical Paths under _main in BANK1
   547                           ;!
   548                           ;!    None.
   549                           ;!
   550                           ;!Critical Paths under _my_isr_routine in BANK1
   551                           ;!
   552                           ;!    None.
   553                           ;!
   554                           ;!Critical Paths under _main in BANK2
   555                           ;!
   556                           ;!    None.
   557                           ;!
   558                           ;!Critical Paths under _my_isr_routine in BANK2
   559                           ;!
   560                           ;!    None.
   561                           ;!
   562                           ;!Critical Paths under _main in BANK3
   563                           ;!
   564                           ;!    None.
   565                           ;!
   566                           ;!Critical Paths under _my_isr_routine in BANK3
   567                           ;!
   568                           ;!    None.
   569                           ;!
   570                           ;!Critical Paths under _main in BANK4
   571                           ;!
   572                           ;!    None.
   573                           ;!
   574                           ;!Critical Paths under _my_isr_routine in BANK4
   575                           ;!
   576                           ;!    None.
   577                           ;!
   578                           ;!Critical Paths under _main in BANK5
   579                           ;!
   580                           ;!    None.
   581                           ;!
   582                           ;!Critical Paths under _my_isr_routine in BANK5
   583                           ;!
   584                           ;!    None.
   585                           
   586 ;;
   587 ;;Main: autosize = 0, tempsize = 0, incstack = 0, save=0
   588 ;;
   589                           
   590                           ;!
   591                           ;!Call Graph Tables:
   592                           ;!
   593                           ;! ---------------------------------------------------------------------------------
   594                           ;! (Depth) Function   	        Calls       Base Space   Used Autos Params    Refs
   595                           ;! ---------------------------------------------------------------------------------
   596                           ;! (0) _main                                                 0     0      0       0
   597                           ;! ---------------------------------------------------------------------------------
   598                           ;! Estimated maximum stack depth 0
   599                           ;! ---------------------------------------------------------------------------------
   600                           ;! (Depth) Function   	        Calls       Base Space   Used Autos Params    Refs
   601                           ;! ---------------------------------------------------------------------------------
   602                           ;! (1) _my_isr_routine                                       0     0      0       0
   603                           ;! ---------------------------------------------------------------------------------
   604                           ;! Estimated maximum stack depth 1
   605                           ;! ---------------------------------------------------------------------------------
   606                           ;!
   607                           ;! Call Graph Graphs:
   608                           ;!
   609                           ;! _main (ROOT)
   610                           ;!
   611                           ;! _my_isr_routine (ROOT)
   612                           ;!
   613                           
   614                           ;! Address spaces:
   615                           
   616                           ;!Name               Size   Autos  Total    Cost      Usage
   617                           ;!BITCOMRAM           7E      0       0       0        0.0%
   618                           ;!EEDATA             100      0       0       0        0.0%
   619                           ;!NULL                 0      0       0       0        0.0%
   620                           ;!CODE                 0      0       0       0        0.0%
   621                           ;!COMRAM              7E      0       0       1        0.0%
   622                           ;!STACK                0      0       0       2        0.0%
   623                           ;!DATA                 0      0       0       3        0.0%
   624                           ;!BITBANK0            80      0       0       4        0.0%
   625                           ;!BANK0               80      0       0       5        0.0%
   626                           ;!BITBANK1           100      0       0       6        0.0%
   627                           ;!BANK1              100      0       0       7        0.0%
   628                           ;!BITBANK2           100      0       0       8        0.0%
   629                           ;!BANK2              100      0       0       9        0.0%
   630                           ;!BITBANK3           100      0       0      10        0.0%
   631                           ;!BANK3              100      0       0      11        0.0%
   632                           ;!BITBANK4           100      0       0      12        0.0%
   633                           ;!BANK4              100      0       0      13        0.0%
   634                           ;!BANK5              100      0       0      14        0.0%
   635                           ;!ABS                  0      0       0      15        0.0%
   636                           ;!BITBANK5           100      0       0      16        0.0%
   637                           ;!BIGRAM             5FF      0       0      17        0.0%
   638                           ;!BITSFR               0      0       0     200        0.0%
   639                           ;!SFR                  0      0       0     200        0.0%
   640                           
   641                           	global	_main
   642                           
   643 ;; *************** function _main *****************
   644 ;; Defined at:
   645 ;;		line 72 in file "lab9_classB.c"
   646 ;; Parameters:    Size  Location     Type
   647 ;;		None
   648 ;; Auto vars:     Size  Location     Type
   649 ;;		None
   650 ;; Return value:  Size  Location     Type
   651 ;;                  1    wreg      void 
   652 ;; Registers used:
   653 ;;		wreg, status,2
   654 ;; Tracked objects:
   655 ;;		On entry : 0/0
   656 ;;		On exit  : 0/0
   657 ;;		Unchanged: 0/0
   658 ;; Data sizes:     COMRAM   BANK0   BANK1   BANK2   BANK3   BANK4   BANK5
   659 ;;      Params:         0       0       0       0       0       0       0
   660 ;;      Locals:         0       0       0       0       0       0       0
   661 ;;      Temps:          0       0       0       0       0       0       0
   662 ;;      Totals:         0       0       0       0       0       0       0
   663 ;;Total ram usage:        0 bytes
   664 ;; Hardware stack levels required when called:    1
   665 ;; This function calls:
   666 ;;		Nothing
   667 ;; This function is called by:
   668 ;;		Startup code after reset
   669 ;; This function uses a non-reentrant model
   670 ;;
   671                           psect	text0,class=CODE,space=0,reloc=2,group=0
   672                           	file	"lab9_classB.c"
   673                           	line	72
   674                           global __ptext0
   675                           __ptext0:
   676  000012                     psect	text0
   677                           	file	"lab9_classB.c"
   678                           	line	72
   679                           	global	__size_of_main
   680                           	__size_of_main	equ	__end_of_main-_main
   681  0000                     	
   682                           _main:
   683  000012                     ;incstack = 0
   684                           	opt	stack 30
   685                           	line	74
   686                           	
   687                           l712:
   688  000012                     ;lab9_classB.c: 74:     TRISCbits.TRISC2 = 0;
   689                           	bcf	((c:3988)),c,2	;volatile
   690  000012  9494               	line	76
   691                           ;lab9_classB.c: 76:     OSCCONbits.IRCF0 = 1;
   692                           	bsf	((c:4051)),c,4	;volatile
   693  000014  88D3               	line	77
   694                           ;lab9_classB.c: 77:     OSCCONbits.IRCF1 = 1;
   695                           	bsf	((c:4051)),c,5	;volatile
   696  000016  8AD3               	line	78
   697                           ;lab9_classB.c: 78:     OSCCONbits.IRCF2 = 0;
   698                           	bcf	((c:4051)),c,6	;volatile
   699  000018  9CD3               	line	80
   700                           	
   701                           l714:
   702  00001A                     ;lab9_classB.c: 80:     T2CON = 0x07;
   703                           	movlw	low(07h)
   704  00001A  0E07               	movwf	((c:4042)),c	;volatile
   705  00001C  6ECA               	line	81
   706                           ;lab9_classB.c: 81:     TMR2 = 0;
   707                           	movlw	low(0)
   708  00001E  0E00               	movwf	((c:4044)),c	;volatile
   709  000020  6ECC               	line	86
   710                           	
   711                           l716:
   712  000022                     ;lab9_classB.c: 86:     RCONbits.IPEN = 1;
   713                           	bsf	((c:4048)),c,7	;volatile
   714  000022  8ED0               	line	87
   715                           	
   716                           l718:
   717  000024                     ;lab9_classB.c: 87:     INTCONbits.GIE = 1;
   718                           	bsf	((c:4082)),c,7	;volatile
   719  000024  8EF2               	line	89
   720                           ;lab9_classB.c: 89:     PR2 = 155;
   721                           	movlw	low(09Bh)
   722  000026  0E9B               	movwf	((c:4043)),c	;volatile
   723  000028  6ECB               	line	90
   724                           ;lab9_classB.c: 90:     CCPR1L = 3;
   725                           	movlw	low(03h)
   726  00002A  0E03               	movwf	((c:4030)),c	;volatile
   727  00002C  6EBE               	line	91
   728                           	
   729                           l720:
   730  00002E                     ;lab9_classB.c: 91:     CCP1CONbits.DC1B1 = 0;
   731                           	bcf	((c:4029)),c,5	;volatile
   732  00002E  9ABD               	line	92
   733                           	
   734                           l722:
   735  000030                     ;lab9_classB.c: 92:     CCP1CONbits.DC1B0 = 0;
   736                           	bcf	((c:4029)),c,4	;volatile
   737  000030  98BD               	line	94
   738                           	
   739                           l724:
   740  000032                     ;lab9_classB.c: 94:     CCP1CONbits.CCP1M3 = 1;
   741                           	bsf	((c:4029)),c,3	;volatile
   742  000032  86BD               	line	95
   743                           	
   744                           l726:
   745  000034                     ;lab9_classB.c: 95:     CCP1CONbits.CCP1M2 = 1;
   746                           	bsf	((c:4029)),c,2	;volatile
   747  000034  84BD               	line	96
   748                           	
   749                           l728:
   750  000036                     ;lab9_classB.c: 96:     CCP1CONbits.CCP1M1 = 0;
   751                           	bcf	((c:4029)),c,1	;volatile
   752  000036  92BD               	line	97
   753                           	
   754                           l730:
   755  000038                     ;lab9_classB.c: 97:     CCP1CONbits.CCP1M0 = 0;
   756                           	bcf	((c:4029)),c,0	;volatile
   757  000038  90BD               	line	99
   758                           ;lab9_classB.c: 99:     while(1);
   759                           	
   760                           l27:
   761  00003A                     	
   762                           l28:
   763  00003A                     	goto	l27
   764  00003A  EF1D  F000         	
   765                           l29:
   766  00003E                     	line	100
   767                           	
   768                           l30:
   769  00003E                     	global	start
   770                           	goto	start
   771  00003E  EF07  F000         	opt stack 0
   772                           GLOBAL	__end_of_main
   773                           	__end_of_main:
   774  000042                     	signat	_main,89
   775                           	global	_my_isr_routine
   776                           
   777 ;; *************** function _my_isr_routine *****************
   778 ;; Defined at:
   779 ;;		line 103 in file "lab9_classB.c"
   780 ;; Parameters:    Size  Location     Type
   781 ;;		None
   782 ;; Auto vars:     Size  Location     Type
   783 ;;		None
   784 ;; Return value:  Size  Location     Type
   785 ;;                  1    wreg      void 
   786 ;; Registers used:
   787 ;;		None
   788 ;; Tracked objects:
   789 ;;		On entry : 0/0
   790 ;;		On exit  : 0/0
   791 ;;		Unchanged: 0/0
   792 ;; Data sizes:     COMRAM   BANK0   BANK1   BANK2   BANK3   BANK4   BANK5
   793 ;;      Params:         0       0       0       0       0       0       0
   794 ;;      Locals:         0       0       0       0       0       0       0
   795 ;;      Temps:          0       0       0       0       0       0       0
   796 ;;      Totals:         0       0       0       0       0       0       0
   797 ;;Total ram usage:        0 bytes
   798 ;; Hardware stack levels used:    1
   799 ;; This function calls:
   800 ;;		Nothing
   801 ;; This function is called by:
   802 ;;		Interrupt level 2
   803 ;; This function uses a non-reentrant model
   804 ;;
   805                           psect	intcode,class=CODE,space=0,reloc=2
   806                           global __pintcode
   807                           __pintcode:
   808  000008                     psect	intcode
   809                           	file	"lab9_classB.c"
   810                           	line	103
   811                           	global	__size_of_my_isr_routine
   812                           	__size_of_my_isr_routine	equ	__end_of_my_isr_routine-_my_isr_routine
   813  0000                     	
   814                           _my_isr_routine:
   815  000008                     ;incstack = 0
   816                           	opt	stack 30
   817                           	bsf int$flags,1,c ;set compiler interrupt flag (level 2)
   818  000008  8201               	global	int_func
   819                           	call	int_func,f	;refresh shadow registers
   820  00000A  ED21  F000         psect	intcode_body,class=CODE,space=0,reloc=2
   821                           global __pintcode_body
   822                           __pintcode_body:
   823  000042                     int_func:
   824  000042                     
   825                           	pop	; remove dummy address from shadow register refresh
   826  000042  0006               	line	105
   827                           	
   828                           i2l732:
   829  000044                     ;lab9_classB.c: 105:     if(TMR2IE && TMR2IF){
   830                           	btfss	c:(31977/8),(31977)&7	;volatile
   831  000044  A29D               	goto	i2u1_41
   832  000046  EF27  F000         	goto	i2u1_40
   833  00004A  EF29  F000         i2u1_41:
   834  00004E                     	goto	i2l36
   835  00004E  EF2B  F000         i2u1_40:
   836  000052                     	
   837                           i2l734:
   838  000052                     	goto	i2l36
   839  000052  EF2B  F000         	line	106
   840                           ;lab9_classB.c: 106:     }
   841                           	
   842                           i2l35:
   843  000056                     	line	108
   844                           	
   845                           i2l36:
   846  000056                     	bcf int$flags,1,c ;clear compiler interrupt flag (level 2)
   847  000056  9201               	retfie f
   848  000058  0011               	opt stack 0
   849                           GLOBAL	__end_of_my_isr_routine
   850                           	__end_of_my_isr_routine:
   851  00005A                     	signat	_my_isr_routine,89
   852                           	GLOBAL	__activetblptr
   853                           __activetblptr	EQU	0
   854  0000                     	psect	intsave_regs,class=BIGRAM,space=1,noexec
   855                           	PSECT	rparam,class=COMRAM,space=1,noexec
   856                           	GLOBAL	__Lrparam
   857                           	FNCONF	rparam,??,?
   858                           	GLOBAL	___rparam_used
   859                           	___rparam_used EQU 1
   860  0000                     	GLOBAL	___param_bank
   861                           	___param_bank EQU 0
   862  0000                     GLOBAL	__Lparam, __Hparam
   863                           GLOBAL	__Lrparam, __Hrparam
   864                           __Lparam	EQU	__Lrparam
   865  0000                     __Hparam	EQU	__Hrparam
   866  0000                            psect   temp,common,ovrld,class=COMRAM,space=1
   867                           	global	btemp
   868                           btemp:
   869  000001                     	ds	1
   870  000001                     	global	int$flags
   871                           	int$flags	set btemp
   872  0000                     	global	wtemp8
   873                           	wtemp8 set btemp+1
   874  0000                     	global	ttemp5
   875                           	ttemp5 set btemp+1
   876  0000                     	global	ttemp6
   877                           	ttemp6 set btemp+4
   878  0000                     	global	ttemp7
   879                           	ttemp7 set btemp+8
   880  0000                     	end


Data Sizes:
    Strings     0
    Constant    0
    Data        0
    BSS         0
    Persistent  0
    Stack       0

Auto Spaces:
    Space          Size  Autos    Used
    COMRAM          126      0       0
    BANK0           128      0       0
    BANK1           256      0       0
    BANK2           256      0       0
    BANK3           256      0       0
    BANK4           256      0       0
    BANK5           256      0       0

Pointer List with Targets:

    None.

Critical Paths under _main in COMRAM

    None.

Critical Paths under _my_isr_routine in COMRAM

    None.

Critical Paths under _main in BANK0

    None.

Critical Paths under _my_isr_routine in BANK0

    None.

Critical Paths under _main in BANK1

    None.

Critical Paths under _my_isr_routine in BANK1

    None.

Critical Paths under _main in BANK2

    None.

Critical Paths under _my_isr_routine in BANK2

    None.

Critical Paths under _main in BANK3

    None.

Critical Paths under _my_isr_routine in BANK3

    None.

Critical Paths under _main in BANK4

    None.

Critical Paths under _my_isr_routine in BANK4

    None.

Critical Paths under _main in BANK5

    None.

Critical Paths under _my_isr_routine in BANK5

    None.

Call Graph Tables:

 ---------------------------------------------------------------------------------
 (Depth) Function   	        Calls       Base Space   Used Autos Params    Refs
 ---------------------------------------------------------------------------------
 (0) _main                                                 0     0      0       0
 ---------------------------------------------------------------------------------
 Estimated maximum stack depth 0
 ---------------------------------------------------------------------------------
 (Depth) Function   	        Calls       Base Space   Used Autos Params    Refs
 ---------------------------------------------------------------------------------
 (1) _my_isr_routine                                       0     0      0       0
 ---------------------------------------------------------------------------------
 Estimated maximum stack depth 1
 ---------------------------------------------------------------------------------

 Call Graph Graphs:

 _main (ROOT)

 _my_isr_routine (ROOT)

 Address spaces:
Name               Size   Autos  Total    Cost      Usage
BITCOMRAM           7E      0       0       0        0.0%
EEDATA             100      0       0       0        0.0%
NULL                 0      0       0       0        0.0%
CODE                 0      0       0       0        0.0%
COMRAM              7E      0       0       1        0.0%
STACK                0      0       0       2        0.0%
DATA                 0      0       0       3        0.0%
BITBANK0            80      0       0       4        0.0%
BANK0               80      0       0       5        0.0%
BITBANK1           100      0       0       6        0.0%
BANK1              100      0       0       7        0.0%
BITBANK2           100      0       0       8        0.0%
BANK2              100      0       0       9        0.0%
BITBANK3           100      0       0      10        0.0%
BANK3              100      0       0      11        0.0%
BITBANK4           100      0       0      12        0.0%
BANK4              100      0       0      13        0.0%
BANK5              100      0       0      14        0.0%
ABS                  0      0       0      15        0.0%
BITBANK5           100      0       0      16        0.0%
BIGRAM             5FF      0       0      17        0.0%
BITSFR               0      0       0     200        0.0%
SFR                  0      0       0     200        0.0%


Microchip Technology PIC18 Macro Assembler V2.00 build -1524193055 
Symbol Table                                                                                   Tue Dec 04 21:00:53 2018

                     l30 003E                       l27 003A                       l28 003A  
                     l29 003E              __CFG_BORV$3 000000             __CFG_CP0$OFF 000000  
           __CFG_CP1$OFF 000000             __CFG_CP2$OFF 000000             __CFG_CP3$OFF 000000  
                    l720 002E                      l712 0012                      l730 0038  
                    l722 0030                      l714 001A                      l724 0032  
                    l716 0022                      l726 0034                      l718 0024  
                    l728 0036             __CFG_CPB$OFF 000000                      _PR2 000FCB  
           __CFG_CPD$OFF 000000             __CFG_LVP$OFF 000000             __CFG_WDT$OFF 000000  
                   i2l35 0056                     i2l36 0056                     _TMR2 000FCC  
                   _main 0012                     btemp 0001                     start 000E  
          __CFG_IESO$OFF 000000            __CFG_MCLRE$ON 000000             ___param_bank 000000  
                  ?_main 0000                    _T2CON 000FCA                    i2l732 0044  
                  i2l734 0052            __CFG_PWRT$OFF 000000            __CFG_WRT0$OFF 000000  
          __CFG_WRT1$OFF 000000            __CFG_WRT2$OFF 000000            __CFG_WRT3$OFF 000000  
         __CFG_EBTR0$OFF 000000           __CFG_FCMEN$OFF 000000           __CFG_EBTR1$OFF 000000  
         __CFG_EBTR2$OFF 000000           __CFG_EBTR3$OFF 000000            __CFG_WRTB$OFF 000000  
          __CFG_WRTC$OFF 000000            __CFG_WRTD$OFF 000000           __CFG_EBTRB$OFF 000000  
                  ttemp5 0002                    ttemp6 0005                    ttemp7 0009  
                  wtemp8 0002          __initialization 005A             __end_of_main 0042  
                 ??_main 0000            __activetblptr 000000                   _CCPR1L 000FBE  
                 _TMR2IE 007CE9                   _TMR2IF 007CF1                   i2u1_40 0052  
                 i2u1_41 004E           __CFG_XINST$OFF 000000           __CFG_STVREN$ON 000000  
             __accesstop 0080  __end_of__initialization 005A          __CFG_PBADEN$OFF 000000  
          ___rparam_used 000001           __pcstackCOMRAM 0000  __size_of_my_isr_routine 0052  
                __Hparam 0000                  __Lparam 0000                  __pcinit 005A  
                __ramtop 0600                  __ptext0 0012           __pintcode_body 0042  
   end_of_initialization 005A                  int_func 0042                _TRISCbits 000F94  
            _CCP1CONbits 000FBD      start_initialization 005A           _my_isr_routine 0008  
       __CFG_OSC$INTIO67 000000         __CFG_LPT1OSC$OFF 000000   __end_of_my_isr_routine 005A  
      __CFG_CCP2MX$PORTC 000000                __pintcode 0008          ?_my_isr_routine 0000  
               _RCONbits 000FD0         __CFG_WDTPS$32768 000000                 __Hrparam 0000  
               __Lrparam 0000       __CFG_BOREN$SBORDIS 000000            __size_of_main 0030  
               int$flags 0001               _INTCONbits 000FF2                 intlevel2 0000  
             _OSCCONbits 000FD3         ??_my_isr_routine 0000  
